2021-08-27T17:47:21.882762+0100 - delete - INFO - 466
2021-08-27T17:47:21.890456+0100 - delete - INFO -  DELETE FROM notes WHERE ntid = 466
2021-08-27T17:47:28.274529+0100 - delete - INFO - 467
2021-08-27T17:47:28.279667+0100 - delete - INFO -  DELETE FROM notes WHERE ntid = 467
2021-08-27T19:00:33.052477+0100 - search - INFO - zip
2021-08-27T19:00:33.066160+0100 - search - INFO -  SELECT ntid, title, k1, k2, k3, note, url, time FROM notes WHERE MATCH(title, k1, k2, k3, note, url) AGAINST ('zip' )
2021-08-27T19:27:08.443091+0100 - search - INFO - sed
2021-08-27T19:27:08.450713+0100 - search - INFO -  SELECT ntid, title, k1, k2, k3, note, url, time FROM notes WHERE MATCH(title, k1, k2, k3, note, url) AGAINST ('sed' )
2021-08-27T20:19:22.953677+0100 - add - INFO - ['Read file in Bash Script', 'file', 'bash', 'script', '\n To read a file in a bash script, do this:\n -----------------------------------------\n while IFS= read -r line; do\n     echo "a line: $line"\n done < file\n -----------------------------------------\n to read file content to a variable:\n -----------------------------------------\n foo=$(<file)\n -----------------------------------------\n https://tinyurl.com/yjtwesau', 'http://localhost/notes/pages/html/Read_file_in_Bash_Script.html']
2021-08-27T20:19:22.958084+0100 - add - INFO - INSERT INTO notes (title, k1, k2, k3, note, url)
                VALUES (%s, %s, %s, %s, %s, %s)
2021-08-27T21:12:45.070436+0100 - search - INFO - zip
2021-08-27T21:12:45.078091+0100 - search - INFO -  SELECT ntid, title, k1, k2, k3, note, url, time FROM notes WHERE MATCH(title, k1, k2, k3, note, url) AGAINST ('zip' )
2021-08-28T04:17:51.658661+0100 - search - INFO - sed
2021-08-28T04:17:51.666489+0100 - search - INFO -  SELECT ntid, title, k1, k2, k3, note, url, time FROM notes WHERE MATCH(title, k1, k2, k3, note, url) AGAINST ('sed' )
2021-08-28T05:06:52.912687+0100 - search - INFO - sed
2021-08-28T05:06:52.920186+0100 - search - INFO -  SELECT ntid, title, k1, k2, k3, note, url, time FROM notes WHERE MATCH(title, k1, k2, k3, note, url) AGAINST ('sed' )
2021-08-28T05:22:30.212820+0100 - add - INFO - ['Edit specific line in file in Python', 'python', 'file', 'edit', '\n To edit a specific line in a file, with Python,\n do the following;\n -----------------------------------------------\n with open(\'file_name\', \'r\') as f:\n lines = f.readlines()\n lines[1] = "<some text change>"\n\n with open(\'file_name\', \'w\') as f:\n f.writelines(lines)\n -----------------------------------------------\n https://tinyurl.com/yhp4ug42', 'http://localhost/notes/pages/html/Edit_specific_line_in_file_in_Python.html']
2021-08-28T05:22:30.219974+0100 - add - INFO - INSERT INTO notes (title, k1, k2, k3, note, url)
                VALUES (%s, %s, %s, %s, %s, %s)
2021-08-28T05:26:52.353693+0100 - add - INFO - ['Remove tuple from list', 'tuple', 'list', 'remove', '\n To remove a tuple from a list, use a list\n comprehension:\n --------------------------------------------------\n foo = [(\'Abbott\', \'Texas\'), (\'Abernathy\',\'Texas\'),\n         (\'Abilene\', \'Texas\'),(\'Ace\', \'Texas\'),\n        (\'Ackerly\', \'Texas\')]\n foo = [x for x in foo if x!= ("Abilene", "Texas")]\n --------------------------------------------------\n  https://tinyurl.com/yz2gt4sy:wq', 'http://localhost/notes/pages/html/Remove_tuple_from_list.html']
2021-08-28T05:26:52.363068+0100 - add - INFO - INSERT INTO notes (title, k1, k2, k3, note, url)
                VALUES (%s, %s, %s, %s, %s, %s)
2021-08-28T05:29:33.579074+0100 - add - INFO - ['Iterating over a sequence with range function', 'range', 'python', 'skip', "\n To skip over elements in a iteration, you\n can use range to indicate what steps will\n be affected:\n -----------------------------------------\n for i in range(1, 10, 2)\n     print(i, end='. ')\n -----------------------------------------", 'http://localhost/notes/pages/html/Iterating_over_a_sequence_with_range_function.html']
2021-08-28T05:29:33.584569+0100 - add - INFO - INSERT INTO notes (title, k1, k2, k3, note, url)
                VALUES (%s, %s, %s, %s, %s, %s)
2021-08-28T05:32:31.134246+0100 - add - INFO - ['Find strings with a substring in it', 'string', 'substring', 'python', "\n To find a all events of a substring in a string,\n use the following list comprehension:\n ---------------------------------------------------\n test_list = ['GeeksforGeeks', 'Geeky', 'Computers']\n subs = 'Geek'\n res = [i for i in test_list if subs in i]\n ---------------------------------------------------\n https://tinyurl.com/vr443qf", 'http://localhost/notes/pages/html/Find_strings_with_a_substring_in_it.html']
2021-08-28T05:32:31.138627+0100 - add - INFO - INSERT INTO notes (title, k1, k2, k3, note, url)
                VALUES (%s, %s, %s, %s, %s, %s)
2021-08-28T05:34:14.956845+0100 - add - INFO - ['Convert string to tuple', 'tuple', 'string', 'convert', '\n To convert string to tuple, do:\n -------------------------------\n res = eval(test_str)\n ------------------------------\n https://www.geeksforgeeks.org/python-convert-string-to-tuple/', 'http://localhost/notes/pages/html/Convert_string_to_tuple.html']
2021-08-28T05:34:14.961238+0100 - add - INFO - INSERT INTO notes (title, k1, k2, k3, note, url)
                VALUES (%s, %s, %s, %s, %s, %s)
2021-08-28T05:35:55.944633+0100 - add - INFO - ['Access a value in a tuple that is in a list', 'tuple', 'list', 'python', '\n To access the second value of a tuple, that\n that is in a list, do this:\n --------------------------------------------\n [x[1] for x in L]\n --------------------------------------------', 'http://localhost/notes/pages/html/Access_a_value_in_a_tuple_that_is_in_a_list.html']
2021-08-28T05:35:55.948762+0100 - add - INFO - INSERT INTO notes (title, k1, k2, k3, note, url)
                VALUES (%s, %s, %s, %s, %s, %s)
2021-08-28T05:37:52.412194+0100 - add - INFO - ['Get line number for file in Python', 'file', 'line number', 'python', "\n To get line numbers in python opened\n files, do the following:\n ----------------------------------------\n lookup = 'the dog barked'\n\n with open(filename) as myFile:\n    for num, line in enumerate(myFile, 1):\n        if lookup in line:\n            print 'found at line:', num\n -----------------------------------------", 'http://localhost/notes/pages/html/Get_line_number_for_file_in_Python.html']
2021-08-28T05:37:52.417051+0100 - add - INFO - INSERT INTO notes (title, k1, k2, k3, note, url)
                VALUES (%s, %s, %s, %s, %s, %s)
2021-08-28T05:40:08.251477+0100 - add - INFO - ['Ipython profile config location', 'ipython', 'python shell', 'repl', '/home/mic/.ipython/profile_mic_profile/ipython_config.py', 'http://localhost/notes/pages/html/Ipython_profile_config_location.html']
2021-08-28T05:40:08.255801+0100 - add - INFO - INSERT INTO notes (title, k1, k2, k3, note, url)
                VALUES (%s, %s, %s, %s, %s, %s)
2021-08-28T10:36:17.352683+0100 - search - INFO - sed
2021-08-28T10:36:17.360611+0100 - search - INFO -  SELECT ntid, title, k1, k2, k3, note, url, time FROM notes WHERE MATCH(title, k1, k2, k3, note, url) AGAINST ('sed' )
2021-08-28T12:05:59.290680+0100 - add - INFO - ['Characters to esscape in Sed', 'sed', 'escape', 'characters', '\n The characters in Sed you need to escape are:\n ---------------------------------------------\n ‘?’, ‘+’, parentheses, braces (‘{}’), and ‘|’\n ---------------------------------------------', 'http://localhost/notes/pages/html/Characters_to_esscape_in_Sed.html']
2021-08-28T12:05:59.295364+0100 - add - INFO - INSERT INTO notes (title, k1, k2, k3, note, url)
                VALUES (%s, %s, %s, %s, %s, %s)
2021-08-28T12:08:25.228414+0100 - search - INFO - python
2021-08-28T12:08:25.232161+0100 - search - INFO -  SELECT ntid, title, k1, k2, k3, note, url, time FROM notes WHERE MATCH(title, k1, k2, k3, note, url) AGAINST ('python' )
2021-08-28T12:09:30.160983+0100 - search - INFO - mysql
2021-08-28T12:09:30.168648+0100 - search - INFO -  SELECT ntid, title, k1, k2, k3, note, url, time FROM notes WHERE MATCH(title, k1, k2, k3, note, url) AGAINST ('mysql' )
2021-08-28T12:12:27.994929+0100 - search - INFO - python
2021-08-28T12:12:28.002831+0100 - search - INFO -  SELECT ntid, title, k1, k2, k3, note, url, time FROM notes WHERE MATCH(title, k1, k2, k3, note, url) AGAINST ('python' )
2021-08-28T12:13:40.468779+0100 - search - INFO - python
2021-08-28T12:13:40.476543+0100 - search - INFO -  SELECT ntid, title, k1, k2, k3, note, url, time FROM notes WHERE MATCH(title, k1, k2, k3, note, url) AGAINST ('python' )
2021-08-28T12:51:59.810865+0100 - search - INFO - sed
2021-08-28T12:51:59.818735+0100 - search - INFO -  SELECT ntid, title, k1, k2, k3, note, url, time FROM notes WHERE MATCH(title, k1, k2, k3, note, url) AGAINST ('sed' )
2021-08-28T13:24:35.359555+0100 - search - INFO - sed
2021-08-28T13:24:35.366938+0100 - search - INFO -  SELECT ntid, title, k1, k2, k3, note, url, time FROM notes WHERE MATCH(title, k1, k2, k3, note, url) AGAINST ('sed' )
2021-08-28T13:26:01.345531+0100 - search - INFO - sed
2021-08-28T13:26:01.353332+0100 - search - INFO -  SELECT ntid, title, k1, k2, k3, note, url, time FROM notes WHERE MATCH(title, k1, k2, k3, note, url) AGAINST ('sed' )
2021-08-28T14:15:25.760447+0100 - add - INFO - ['Delete nth occurrence of a character in a line', 'delete', 'sed', 'line', '\n To delete the Nth occurrence of a character, on the\n same line, use this expression:\n -----------------------------------------------------\n sed "s/\'//2" lines_tags1.txt\n Where:\n   1 -  \'/.../\' is the space to put the expression to\n       delete. Notice that I didn\'t have to escape it.\n   2 - \'//\' represent that, instead of a normal\n       substitution operation, this pattern won\'t be\n       replaced by nothing, deleting it.\n   3 - \'2\' indicates the n of the occurrence. In this\n       case it was the second occurrence of the "\'"\n       character.\n -----------------------------------------------------\n https://tinyurl.com/ygj7d7dn', 'http://localhost/notes/pages/html/Delete_nth_occurrence_of_a_character_in_a_line.html']
2021-08-28T14:15:25.764655+0100 - add - INFO - INSERT INTO notes (title, k1, k2, k3, note, url)
                VALUES (%s, %s, %s, %s, %s, %s)
2021-08-28T15:42:07.328496+0100 - search - INFO - bash
2021-08-28T15:42:07.336029+0100 - search - INFO -  SELECT ntid, title, k1, k2, k3, note, url, time FROM notes WHERE MATCH(title, k1, k2, k3, note, url) AGAINST ('bash' )
2021-08-28T17:13:34.552542+0100 - search - INFO - sed
2021-08-28T17:13:34.560183+0100 - search - INFO -  SELECT ntid, title, k1, k2, k3, note, url, time FROM notes WHERE MATCH(title, k1, k2, k3, note, url) AGAINST ('sed' )
2021-08-28T21:25:25.674953+0100 - search - INFO - scrapy
2021-08-28T21:25:25.682571+0100 - search - INFO -  SELECT ntid, title, k1, k2, k3, note, url, time FROM notes WHERE MATCH(title, k1, k2, k3, note, url) AGAINST ('scrapy' )
2021-08-28T21:26:02.460948+0100 - search - INFO - scrapy
2021-08-28T21:26:02.468454+0100 - search - INFO -  SELECT ntid, title, k1, k2, k3, note, url, time FROM notes WHERE MATCH(title, k1, k2, k3, note, url) AGAINST ('scrapy' )
2021-08-28T21:26:14.801915+0100 - search - INFO - python
2021-08-28T21:26:14.809613+0100 - search - INFO -  SELECT ntid, title, k1, k2, k3, note, url, time FROM notes WHERE MATCH(title, k1, k2, k3, note, url) AGAINST ('python' )
2021-08-29T00:09:07.204113+0100 - add - INFO - ['Simple use case of BeautifulSoup', 'beautifulsoup', 'beautiful soup', 'scraping', '\n I had the need to analyse a svg image that I already had in my\n computer. Since it was already downloaded, I didn\'t seem\n necessary to use Scrapy as such, but just use Beautiful Soup,\n as it seemed more appropriate.\n I had to extract from the document, the strings of the text\n tags in it. This is how it was done:\n -------------------------------------------------------------\n with open(\'file_to_analyse\', \'r\') as f:\n    soup = BeautifulSoup(fp, "xml", from_encoding="utf-8")\n texts = soup.find_all("text")\n for text in texts:\n     print(text.get_text())\n --------------------------------------------------------------\n That simple.\n https://linuxhint.com/parse_xml_python_beautifulsoup/', 'http://localhost/notes/pages/html/Simple_use_case_of_BeautifulSoup.html']
2021-08-29T00:09:07.208528+0100 - add - INFO - INSERT INTO notes (title, k1, k2, k3, note, url)
                VALUES (%s, %s, %s, %s, %s, %s)
2021-08-29T02:46:57.343948+0100 - search - INFO - line
2021-08-29T02:46:57.351817+0100 - search - INFO -  SELECT ntid, title, k1, k2, k3, note, url, time FROM notes WHERE MATCH(title, k1, k2, k3, note, url) AGAINST ('line' )
2021-08-29T02:47:11.824968+0100 - search - INFO - lines
2021-08-29T02:47:11.832537+0100 - search - INFO -  SELECT ntid, title, k1, k2, k3, note, url, time FROM notes WHERE MATCH(title, k1, k2, k3, note, url) AGAINST ('lines' )
2021-08-29T02:47:37.885983+0100 - search - INFO - file
2021-08-29T02:47:37.893104+0100 - search - INFO -  SELECT ntid, title, k1, k2, k3, note, url, time FROM notes WHERE MATCH(title, k1, k2, k3, note, url) AGAINST ('file' )
2021-08-29T02:47:53.523992+0100 - search - INFO - files
2021-08-29T02:47:53.531787+0100 - search - INFO -  SELECT ntid, title, k1, k2, k3, note, url, time FROM notes WHERE MATCH(title, k1, k2, k3, note, url) AGAINST ('files' )
2021-08-29T02:53:06.421910+0100 - search - INFO - zip
2021-08-29T02:53:06.437578+0100 - search - INFO -  SELECT ntid, title, k1, k2, k3, note, url, time FROM notes WHERE MATCH(title, k1, k2, k3, note, url) AGAINST ('zip' )
2021-08-29T03:20:11.051698+0100 - search - INFO - zip
2021-08-29T03:20:11.059235+0100 - search - INFO -  SELECT ntid, title, k1, k2, k3, note, url, time FROM notes WHERE MATCH(title, k1, k2, k3, note, url) AGAINST ('zip' )
2021-08-29T03:50:21.230322+0100 - search - INFO - ps
2021-08-29T03:50:21.238143+0100 - search - INFO -  SELECT ntid, title, k1, k2, k3, note, url, time FROM notes WHERE MATCH(title, k1, k2, k3, note, url) AGAINST ('ps' )
2021-08-29T04:45:03.422543+0100 - search - INFO - zip
2021-08-29T04:45:03.430207+0100 - search - INFO -  SELECT ntid, title, k1, k2, k3, note, url, time FROM notes WHERE MATCH(title, k1, k2, k3, note, url) AGAINST ('zip' )
2021-08-29T09:47:58.224693+0100 - __main__ - ERROR - An error has been caught in function '<module>', process 'MainProcess' (382121), thread 'MainThread' (140325566543680):
Traceback (most recent call last):

> File "/home/mic/python/notes/main.py", line 30, in <module>
    add()
    └ <function add at 0x7fa01652d700>

  File "/home/mic/python/notes/add.py", line 25, in add
    nota = click.edit().rstrip()
           │     └ <function edit at 0x7fa016597040>
           └ <module 'click' from '/usr/lib/python3.9/site-packages/click/__init__.py'>

AttributeError: 'NoneType' object has no attribute 'rstrip'
2021-08-29T09:47:58.224693+0100 - __main__ - ERROR - An error has been caught in function '<module>', process 'MainProcess' (382121), thread 'MainThread' (140325566543680):
Traceback (most recent call last):

> File "/home/mic/python/notes/main.py", line 30, in <module>
    add()
    └ <function add at 0x7fa01652d700>

  File "/home/mic/python/notes/add.py", line 25, in add
    nota = click.edit().rstrip()
           │     └ <function edit at 0x7fa016597040>
           └ <module 'click' from '/usr/lib/python3.9/site-packages/click/__init__.py'>

AttributeError: 'NoneType' object has no attribute 'rstrip'
2021-08-29T09:50:25.943254+0100 - add - INFO - ['Add substring at the end of a line or in the beginning', 'sed', 'awk', 'file', " \n  You can use sed to add a string after a particular substring\n in a text.\n To add creating a new line under the substring:\n -------------------------------------------------------------\n sed  '/\\<substring>\\/a <text to insert>/' <file>\n Where:\n 1 - The '\\' is an escape character,\n 2 - '/a' indicates 'after match'.\n -------------------------------------------------------------\n If you wanted you insert before the match, use '/i'.\n If you want to insert in the same line as the substring, do\n this:\n -------------------------------------------------------------\n sed 's/<substring>/ <text to insert>/' <file>\n -------------------------------------------------------------\n https://tinyurl.com/yfbeoqrd\n https://tinyurl.com/yhywfg98", 'http://localhost/notes/pages/html/Add_substring_at_the_end_of_a_line_or_in_the_beginning.html']
2021-08-29T09:50:25.949672+0100 - add - INFO - INSERT INTO notes (title, k1, k2, k3, note, url)
                VALUES (%s, %s, %s, %s, %s, %s)
2021-08-29T10:31:33.858061+0100 - search - INFO - zip
2021-08-29T10:31:33.865793+0100 - search - INFO -  SELECT ntid, title, k1, k2, k3, note, url, time FROM notes WHERE MATCH(title, k1, k2, k3, note, url) AGAINST ('zip' )
2021-08-29T16:21:34.839616+0100 - search - INFO - zip
2021-08-29T16:21:34.847241+0100 - search - INFO -  SELECT ntid, title, k1, k2, k3, note, url, time FROM notes WHERE MATCH(title, k1, k2, k3, note, url) AGAINST ('zip' )
2021-08-30T16:45:44.757766+0100 - __main__ - ERROR - An error has been caught in function '<module>', process 'MainProcess' (449380), thread 'MainThread' (140255778895680):
Traceback (most recent call last):

> File "/home/mic/python/notes/main.py", line 43, in <module>
    add()
    └ <function add at 0x7f8fd6a7f700>

  File "/home/mic/python/notes/add.py", line 26, in add
    nota = click.edit(MARKER).rstrip()
           │     │    └ '---\nid:\n'
           │     └ <function edit at 0x7f8fd6a6b040>
           └ <module 'click' from '/usr/lib/python3.9/site-packages/click/__init__.py'>

AttributeError: 'NoneType' object has no attribute 'rstrip'
2021-08-30T16:45:44.757766+0100 - __main__ - ERROR - An error has been caught in function '<module>', process 'MainProcess' (449380), thread 'MainThread' (140255778895680):
Traceback (most recent call last):

> File "/home/mic/python/notes/main.py", line 43, in <module>
    add()
    └ <function add at 0x7f8fd6a7f700>

  File "/home/mic/python/notes/add.py", line 26, in add
    nota = click.edit(MARKER).rstrip()
           │     │    └ '---\nid:\n'
           │     └ <function edit at 0x7f8fd6a6b040>
           └ <module 'click' from '/usr/lib/python3.9/site-packages/click/__init__.py'>

AttributeError: 'NoneType' object has no attribute 'rstrip'
2021-08-30T16:49:03.654907+0100 - __main__ - ERROR - An error has been caught in function '<module>', process 'MainProcess' (449469), thread 'MainThread' (140533051209536):
Traceback (most recent call last):

> File "/home/mic/python/notes/main.py", line 43, in <module>
    add()
    └ <function add at 0x7fd0655fb700>

  File "/home/mic/python/notes/add.py", line 26, in add
    nota = click.edit(marker).rstrip()
           │     │    └ '---\nid:\ntitle:\ntime:\ntags:\n---\n\n\n'
           │     └ <function edit at 0x7fd0655e7040>
           └ <module 'click' from '/usr/lib/python3.9/site-packages/click/__init__.py'>

AttributeError: 'NoneType' object has no attribute 'rstrip'
2021-08-30T16:49:03.654907+0100 - __main__ - ERROR - An error has been caught in function '<module>', process 'MainProcess' (449469), thread 'MainThread' (140533051209536):
Traceback (most recent call last):

> File "/home/mic/python/notes/main.py", line 43, in <module>
    add()
    └ <function add at 0x7fd0655fb700>

  File "/home/mic/python/notes/add.py", line 26, in add
    nota = click.edit(marker).rstrip()
           │     │    └ '---\nid:\ntitle:\ntime:\ntags:\n---\n\n\n'
           │     └ <function edit at 0x7fd0655e7040>
           └ <module 'click' from '/usr/lib/python3.9/site-packages/click/__init__.py'>

AttributeError: 'NoneType' object has no attribute 'rstrip'
2021-08-30T17:07:02.350691+0100 - __main__ - ERROR - An error has been caught in function '<module>', process 'MainProcess' (449946), thread 'MainThread' (140331451541312):
Traceback (most recent call last):

> File "/home/mic/python/notes/main.py", line 43, in <module>
    add()
    └ <function add at 0x7fa17518d670>

  File "/home/mic/python/notes/add.py", line 28, in add
    with open("'" + '/srv/http/notes/pagers/markdown/' + tit + "'.md, 'w'") as f:
                                                         └ 'sadgf'

FileNotFoundError: [Errno 2] No such file or directory: "'/srv/http/notes/pagers/markdown/sadgf'.md, 'w'"
2021-08-30T17:07:02.350691+0100 - __main__ - ERROR - An error has been caught in function '<module>', process 'MainProcess' (449946), thread 'MainThread' (140331451541312):
Traceback (most recent call last):

> File "/home/mic/python/notes/main.py", line 43, in <module>
    add()
    └ <function add at 0x7fa17518d670>

  File "/home/mic/python/notes/add.py", line 28, in add
    with open("'" + '/srv/http/notes/pagers/markdown/' + tit + "'.md, 'w'") as f:
                                                         └ 'sadgf'

FileNotFoundError: [Errno 2] No such file or directory: "'/srv/http/notes/pagers/markdown/sadgf'.md, 'w'"
2021-08-30T17:11:00.536853+0100 - __main__ - ERROR - An error has been caught in function '<module>', process 'MainProcess' (450059), thread 'MainThread' (139652225288000):
Traceback (most recent call last):

> File "/home/mic/python/notes/main.py", line 43, in <module>
    add()
    └ <function add at 0x7f03500eb670>

  File "/home/mic/python/notes/add.py", line 28, in add
    with open('/srv/http/notes/pagers/markdown/' + tit + ".md'", "'w'") as f:
                                                   └ 'aegfgf'

ValueError: invalid mode: ''w''
2021-08-30T17:11:00.536853+0100 - __main__ - ERROR - An error has been caught in function '<module>', process 'MainProcess' (450059), thread 'MainThread' (139652225288000):
Traceback (most recent call last):

> File "/home/mic/python/notes/main.py", line 43, in <module>
    add()
    └ <function add at 0x7f03500eb670>

  File "/home/mic/python/notes/add.py", line 28, in add
    with open('/srv/http/notes/pagers/markdown/' + tit + ".md'", "'w'") as f:
                                                   └ 'aegfgf'

ValueError: invalid mode: ''w''
2021-08-30T17:11:32.975199+0100 - __main__ - ERROR - An error has been caught in function '<module>', process 'MainProcess' (450102), thread 'MainThread' (140049006442304):
Traceback (most recent call last):

> File "/home/mic/python/notes/main.py", line 43, in <module>
    add()
    └ <function add at 0x7f5fb20ea670>

  File "/home/mic/python/notes/add.py", line 28, in add
    with open('/srv/http/notes/pagers/markdown/' + tit + ".md'", "w") as f:
                                                   └ 'xfg'

FileNotFoundError: [Errno 2] No such file or directory: "/srv/http/notes/pagers/markdown/xfg.md'"
2021-08-30T17:11:32.975199+0100 - __main__ - ERROR - An error has been caught in function '<module>', process 'MainProcess' (450102), thread 'MainThread' (140049006442304):
Traceback (most recent call last):

> File "/home/mic/python/notes/main.py", line 43, in <module>
    add()
    └ <function add at 0x7f5fb20ea670>

  File "/home/mic/python/notes/add.py", line 28, in add
    with open('/srv/http/notes/pagers/markdown/' + tit + ".md'", "w") as f:
                                                   └ 'xfg'

FileNotFoundError: [Errno 2] No such file or directory: "/srv/http/notes/pagers/markdown/xfg.md'"
2021-08-30T17:12:39.790771+0100 - add - INFO - ['xfg', 'xfgh', 'xfg', 'xfgh', '---:\ntitle:\ntime:\ntags:\n---', 'http://localhost/notes/pages/html/xfg.html']
2021-08-30T17:12:39.796023+0100 - add - INFO - INSERT INTO notes (title, k1, k2, k3, note, url)
                VALUES (%s, %s, %s, %s, %s, %s)
2021-08-30T17:14:07.519997+0100 - add - INFO - ['dgsh', 'gch', 'gh', 'gh', '---:\ntitle:\ntime:\ntags:\n---', 'http://localhost/notes/pages/html/dgsh.html']
2021-08-30T17:14:07.524494+0100 - add - INFO - INSERT INTO notes (title, k1, k2, k3, note, url)
                VALUES (%s, %s, %s, %s, %s, %s)
2021-08-30T17:17:47.622637+0100 - __main__ - ERROR - An error has been caught in function '<module>', process 'MainProcess' (451645), thread 'MainThread' (139789295126336):
Traceback (most recent call last):

> File "/home/mic/python/notes/main.py", line 43, in <module>
    add()
    └ <function add at 0x7f233a0e7670>

  File "/home/mic/python/notes/add.py", line 26, in add
    nota = click.edit(marker).rstrip()
           │     │    └ '\n ---:\n title:{{TITLE}}\n time:\n tags:\n---\n\n\n'
           │     └ <function edit at 0x7f233a148f70>
           └ <module 'click' from '/usr/lib/python3.9/site-packages/click/__init__.py'>

AttributeError: 'NoneType' object has no attribute 'rstrip'
2021-08-30T17:17:47.622637+0100 - __main__ - ERROR - An error has been caught in function '<module>', process 'MainProcess' (451645), thread 'MainThread' (139789295126336):
Traceback (most recent call last):

> File "/home/mic/python/notes/main.py", line 43, in <module>
    add()
    └ <function add at 0x7f233a0e7670>

  File "/home/mic/python/notes/add.py", line 26, in add
    nota = click.edit(marker).rstrip()
           │     │    └ '\n ---:\n title:{{TITLE}}\n time:\n tags:\n---\n\n\n'
           │     └ <function edit at 0x7f233a148f70>
           └ <module 'click' from '/usr/lib/python3.9/site-packages/click/__init__.py'>

AttributeError: 'NoneType' object has no attribute 'rstrip'
2021-08-30T17:33:57.517008+0100 - __main__ - ERROR - An error has been caught in function '<module>', process 'MainProcess' (452090), thread 'MainThread' (140347127441216):
Traceback (most recent call last):

> File "/home/mic/python/notes/main.py", line 43, in <module>
    add()
    └ <function add at 0x7fa51b742670>

  File "/home/mic/python/notes/add.py", line 25, in add
    nota = click.edit('/srv/http/notes/pages/markdown/note_write_file/last_note.note')
           │     └ <function edit at 0x7fa51b7a2f70>
           └ <module 'click' from '/usr/lib/python3.9/site-packages/click/__init__.py'>

AttributeError: 'NoneType' object has no attribute 'rstrip'
2021-08-30T17:33:57.517008+0100 - __main__ - ERROR - An error has been caught in function '<module>', process 'MainProcess' (452090), thread 'MainThread' (140347127441216):
Traceback (most recent call last):

> File "/home/mic/python/notes/main.py", line 43, in <module>
    add()
    └ <function add at 0x7fa51b742670>

  File "/home/mic/python/notes/add.py", line 25, in add
    nota = click.edit('/srv/http/notes/pages/markdown/note_write_file/last_note.note')
           │     └ <function edit at 0x7fa51b7a2f70>
           └ <module 'click' from '/usr/lib/python3.9/site-packages/click/__init__.py'>

AttributeError: 'NoneType' object has no attribute 'rstrip'
2021-08-30T17:34:40.804603+0100 - __main__ - ERROR - An error has been caught in function '<module>', process 'MainProcess' (452164), thread 'MainThread' (140153768408896):
Traceback (most recent call last):

> File "/home/mic/python/notes/main.py", line 43, in <module>
    add()
    └ <function add at 0x7f78165b7670>

  File "/home/mic/python/notes/add.py", line 27, in add
    with open('/srv/http/notes/pages/markdown/note_write_file/last_note.note', 'r') as f:

FileNotFoundError: [Errno 2] No such file or directory: '/srv/http/notes/pages/markdown/note_write_file/last_note.note'
2021-08-30T17:34:40.804603+0100 - __main__ - ERROR - An error has been caught in function '<module>', process 'MainProcess' (452164), thread 'MainThread' (140153768408896):
Traceback (most recent call last):

> File "/home/mic/python/notes/main.py", line 43, in <module>
    add()
    └ <function add at 0x7f78165b7670>

  File "/home/mic/python/notes/add.py", line 27, in add
    with open('/srv/http/notes/pages/markdown/note_write_file/last_note.note', 'r') as f:

FileNotFoundError: [Errno 2] No such file or directory: '/srv/http/notes/pages/markdown/note_write_file/last_note.note'
2021-08-30T17:35:30.249014+0100 - __main__ - ERROR - An error has been caught in function '<module>', process 'MainProcess' (452200), thread 'MainThread' (140451761420096):
Traceback (most recent call last):

> File "/home/mic/python/notes/main.py", line 43, in <module>
    add()
    └ <function add at 0x7fbd781ff670>

  File "/home/mic/python/notes/add.py", line 27, in add
    with open('/srv/http/notes/pages/markdown/note_write_file/last_note.note', 'r') as f:

FileNotFoundError: [Errno 2] No such file or directory: '/srv/http/notes/pages/markdown/note_write_file/last_note.note'
2021-08-30T17:35:30.249014+0100 - __main__ - ERROR - An error has been caught in function '<module>', process 'MainProcess' (452200), thread 'MainThread' (140451761420096):
Traceback (most recent call last):

> File "/home/mic/python/notes/main.py", line 43, in <module>
    add()
    └ <function add at 0x7fbd781ff670>

  File "/home/mic/python/notes/add.py", line 27, in add
    with open('/srv/http/notes/pages/markdown/note_write_file/last_note.note', 'r') as f:

FileNotFoundError: [Errno 2] No such file or directory: '/srv/http/notes/pages/markdown/note_write_file/last_note.note'
2021-08-30T17:52:59.755479+0100 - __main__ - ERROR - An error has been caught in function '<module>', process 'MainProcess' (452766), thread 'MainThread' (140001562572608):
Traceback (most recent call last):

> File "/home/mic/python/notes/main.py", line 43, in <module>
    add()
    └ <function add at 0x7f54a6207280>

  File "/home/mic/python/notes/add.py", line 29, in add
    subprocess.run(cmd, cwd=path, shell=True)
    │          │   │        └ '/srv/http/notes/markdown/'
    │          │   └ 'vim md_title'
    │          └ <function run at 0x7f54a6f65a60>
    └ <module 'subprocess' from '/usr/lib/python3.9/subprocess.py'>

  File "/usr/lib/python3.9/subprocess.py", line 505, in run
    with Popen(*popenargs, **kwargs) as process:
         │      │            └ {'cwd': '/srv/http/notes/markdown/', 'shell': True}
         │      └ ('vim md_title',)
         └ <class 'subprocess.Popen'>
  File "/usr/lib/python3.9/subprocess.py", line 951, in __init__
    self._execute_child(args, executable, preexec_fn, close_fds,
    │    │              │     │           │           └ True
    │    │              │     │           └ None
    │    │              │     └ None
    │    │              └ 'vim md_title'
    │    └ <function Popen._execute_child at 0x7f54a6f6b9d0>
    └ <Popen: returncode: 255 args: 'vim md_title'>
  File "/usr/lib/python3.9/subprocess.py", line 1821, in _execute_child
    raise child_exception_type(errno_num, err_msg, err_filename)
          │                    │          │        └ '/srv/http/notes/markdown/'
          │                    │          └ 'No such file or directory'
          │                    └ 2
          └ <class 'OSError'>

FileNotFoundError: [Errno 2] No such file or directory: '/srv/http/notes/markdown/'
2021-08-30T17:52:59.755479+0100 - __main__ - ERROR - An error has been caught in function '<module>', process 'MainProcess' (452766), thread 'MainThread' (140001562572608):
Traceback (most recent call last):

> File "/home/mic/python/notes/main.py", line 43, in <module>
    add()
    └ <function add at 0x7f54a6207280>

  File "/home/mic/python/notes/add.py", line 29, in add
    subprocess.run(cmd, cwd=path, shell=True)
    │          │   │        └ '/srv/http/notes/markdown/'
    │          │   └ 'vim md_title'
    │          └ <function run at 0x7f54a6f65a60>
    └ <module 'subprocess' from '/usr/lib/python3.9/subprocess.py'>

  File "/usr/lib/python3.9/subprocess.py", line 505, in run
    with Popen(*popenargs, **kwargs) as process:
         │      │            └ {'cwd': '/srv/http/notes/markdown/', 'shell': True}
         │      └ ('vim md_title',)
         └ <class 'subprocess.Popen'>
  File "/usr/lib/python3.9/subprocess.py", line 951, in __init__
    self._execute_child(args, executable, preexec_fn, close_fds,
    │    │              │     │           │           └ True
    │    │              │     │           └ None
    │    │              │     └ None
    │    │              └ 'vim md_title'
    │    └ <function Popen._execute_child at 0x7f54a6f6b9d0>
    └ <Popen: returncode: 255 args: 'vim md_title'>
  File "/usr/lib/python3.9/subprocess.py", line 1821, in _execute_child
    raise child_exception_type(errno_num, err_msg, err_filename)
          │                    │          │        └ '/srv/http/notes/markdown/'
          │                    │          └ 'No such file or directory'
          │                    └ 2
          └ <class 'OSError'>

FileNotFoundError: [Errno 2] No such file or directory: '/srv/http/notes/markdown/'
2021-08-30T17:54:12.274210+0100 - __main__ - ERROR - An error has been caught in function '<module>', process 'MainProcess' (452813), thread 'MainThread' (139732045444928):
Traceback (most recent call last):

> File "/home/mic/python/notes/main.py", line 43, in <module>
    add()
    └ <function add at 0x7f15e5a78280>

  File "/home/mic/python/notes/add.py", line 30, in add
    with open('/srv/http/notes/pages/markdown/' + md_title, 'r') as f:
                                                  └ 'sfagh.md'

FileNotFoundError: [Errno 2] No such file or directory: '/srv/http/notes/pages/markdown/sfagh.md'
2021-08-30T17:54:12.274210+0100 - __main__ - ERROR - An error has been caught in function '<module>', process 'MainProcess' (452813), thread 'MainThread' (139732045444928):
Traceback (most recent call last):

> File "/home/mic/python/notes/main.py", line 43, in <module>
    add()
    └ <function add at 0x7f15e5a78280>

  File "/home/mic/python/notes/add.py", line 30, in add
    with open('/srv/http/notes/pages/markdown/' + md_title, 'r') as f:
                                                  └ 'sfagh.md'

FileNotFoundError: [Errno 2] No such file or directory: '/srv/http/notes/pages/markdown/sfagh.md'
2021-08-30T17:55:55.131034+0100 - add - INFO - ['aszfdg', 'fhgxg', 'zfzg', 'xzfgb', '---\nauthor: mclds\ndate: 30/08/2021\ntitle: aszfdg\ntags:\n---\n\n', 'http://localhost/notes/pages/html/aszfdg.html']
2021-08-30T17:55:55.135488+0100 - add - INFO - INSERT INTO notes (title, k1, k2, k3, note, url)
                VALUES (%s, %s, %s, %s, %s, %s)
2021-08-30T18:02:27.687541+0100 - add - INFO - ['teste', 'teste', 'teste', 'teste', '\n ---\n author: mclds\n date: 30/08/2021\n title: teste\n tags:\n ---\n teste\n', 'http://localhost/notes/pages/html/teste.html']
2021-08-30T18:02:27.691637+0100 - add - INFO - INSERT INTO notes (title, k1, k2, k3, note, url)
                VALUES (%s, %s, %s, %s, %s, %s)
2021-08-30T18:10:19.700310+0100 - add - INFO - ['teste1', 'tste1', 'teste1', 'teste1', [' ---\n', ' teste1\n'], 'http://localhost/notes/pages/html/teste1.html']
2021-08-30T18:10:19.705258+0100 - add - INFO - INSERT INTO notes (title, k1, k2, k3, note, url)
                VALUES (%s, %s, %s, %s, %s, %s)
2021-08-30T18:11:23.310543+0100 - add - INFO - ['teste2', 'teste2', 'teste2', 'teste2', "[' ---\\n', ' teste2\\n']", 'http://localhost/notes/pages/html/teste2.html']
2021-08-30T18:11:23.315155+0100 - add - INFO - INSERT INTO notes (title, k1, k2, k3, note, url)
                VALUES (%s, %s, %s, %s, %s, %s)
2021-08-30T18:15:07.721479+0100 - add - INFO - [' ---\n', ' nota.\n', ' teste3\n']
2021-08-30T18:15:07.721928+0100 - add - INFO - ['teste3', 'teste3', 'teste3', 'teste3', "[' ---\\n', ' nota.\\n', ' teste3\\n']", 'http://localhost/notes/pages/html/teste3.html']
2021-08-30T18:15:07.726445+0100 - add - INFO - INSERT INTO notes (title, k1, k2, k3, note, url)
                VALUES (%s, %s, %s, %s, %s, %s)
2021-08-30T18:16:45.072450+0100 - __main__ - ERROR - An error has been caught in function '<module>', process 'MainProcess' (453676), thread 'MainThread' (140146601678656):
Traceback (most recent call last):

> File "/home/mic/python/notes/main.py", line 43, in <module>
    add()
    └ <function add at 0x7f766b217280>

  File "/home/mic/python/notes/add.py", line 32, in add
    last_note = str(content[7:].rstrip('\n'))
                    └ ['\n', ' ---\n', ' author: mclds\n', ' date: 30/08/2021\n', ' title: teste4\n', ' tags:\n', ' ---\n', ' nota\n', ' teste4\n']

AttributeError: 'list' object has no attribute 'rstrip'
2021-08-30T18:16:45.072450+0100 - __main__ - ERROR - An error has been caught in function '<module>', process 'MainProcess' (453676), thread 'MainThread' (140146601678656):
Traceback (most recent call last):

> File "/home/mic/python/notes/main.py", line 43, in <module>
    add()
    └ <function add at 0x7f766b217280>

  File "/home/mic/python/notes/add.py", line 32, in add
    last_note = str(content[7:].rstrip('\n'))
                    └ ['\n', ' ---\n', ' author: mclds\n', ' date: 30/08/2021\n', ' title: teste4\n', ' tags:\n', ' ---\n', ' nota\n', ' teste4\n']

AttributeError: 'list' object has no attribute 'rstrip'
2021-08-30T18:18:05.827071+0100 - add - INFO - [' nota\n', ' teste5\n']
2021-08-30T18:18:05.827520+0100 - add - INFO - ['teste5', 'teste5', 'teste5', 'teste5', "[' nota\\n', ' teste5\\n']", 'http://localhost/notes/pages/html/teste5.html']
2021-08-30T18:18:05.831355+0100 - add - INFO - INSERT INTO notes (title, k1, k2, k3, note, url)
                VALUES (%s, %s, %s, %s, %s, %s)
2021-08-30T18:29:39.656724+0100 - add - INFO - [' nota\n', ' teste6\n']
2021-08-30T18:29:39.657212+0100 - add - INFO - ['teste6', 'teste6', 'teste6', 'teste6', "[' nota\\n', ' teste6\\n']", 'http://localhost/notes/pages/html/teste6.html']
2021-08-30T18:29:39.661143+0100 - add - INFO - INSERT INTO notes (title, k1, k2, k3, note, url)
                VALUES (%s, %s, %s, %s, %s, %s)
2021-08-30T18:31:38.776591+0100 - add - INFO - [' teste7\n', ' nota\n']
2021-08-30T18:31:38.776993+0100 - add - INFO - ['teste7', 'teste7', 'teste7', 'teste7', "[' teste7\\n', ' nota\\n']", 'http://localhost/notes/pages/html/teste7.html']
2021-08-30T18:31:38.781049+0100 - add - INFO - INSERT INTO notes (title, k1, k2, k3, note, url)
                VALUES (%s, %s, %s, %s, %s, %s)
2021-08-30T20:10:05.063939+0100 - add - INFO - []
2021-08-30T20:10:05.064369+0100 - add - INFO - ['sfg', 'fghh', 'xfhg', 'xfxg', [], 'http://localhost/notes/pages/html/sfg.html']
2021-08-30T20:10:05.068345+0100 - add - INFO - INSERT INTO notes (title, k1, k2, k3, note, url)
                VALUES (%s, %s, %s, %s, %s, %s)
2021-08-30T20:12:10.631837+0100 - add - INFO - []
2021-08-30T20:12:10.632743+0100 - add - INFO - ['teste10', 'teste10', 'teste10', 'teste10', '[]', 'http://localhost/notes/pages/html/teste10.html']
2021-08-30T20:12:10.636587+0100 - add - INFO - INSERT INTO notes (title, k1, k2, k3, note, url)
                VALUES (%s, %s, %s, %s, %s, %s)
2021-08-30T20:18:24.119599+0100 - add - INFO - []
2021-08-30T20:18:24.120002+0100 - add - INFO - ['teste11', 'teste11', 'teste11', 'teste11', '[]', 'http://localhost/notes/pages/html/teste11.html']
2021-08-30T20:18:24.123629+0100 - add - INFO - INSERT INTO notes (title, k1, k2, k3, note, url)
                VALUES (%s, %s, %s, %s, %s, %s)
2021-08-30T20:22:03.581305+0100 - add - INFO - []
2021-08-30T20:22:03.581805+0100 - add - INFO - ['1', '1', '1', '1', '[]', 'http://localhost/notes/pages/html/1.html']
2021-08-30T20:22:03.585793+0100 - add - INFO - INSERT INTO notes (title, k1, k2, k3, note, url)
                VALUES (%s, %s, %s, %s, %s, %s)
2021-08-30T20:24:23.163627+0100 - add - INFO - [' 2\n']
2021-08-30T20:24:23.164049+0100 - add - INFO - ['2', '2', '2', '2', "[' 2\\n']", 'http://localhost/notes/pages/html/2.html']
2021-08-30T20:24:23.168522+0100 - add - INFO - INSERT INTO notes (title, k1, k2, k3, note, url)
                VALUES (%s, %s, %s, %s, %s, %s)
2021-08-30T20:25:59.620536+0100 - add - INFO - [' 3\n']
2021-08-30T20:25:59.621024+0100 - add - INFO - ['3', '3', '3', '3', "[' 3\\n']", 'http://localhost/notes/pages/html/3.html']
2021-08-30T20:25:59.625150+0100 - add - INFO - INSERT INTO notes (title, k1, k2, k3, note, url)
                VALUES (%s, %s, %s, %s, %s, %s)
2021-08-30T20:28:43.256114+0100 - add - INFO - ['  4\n', '  4\n', '\n']
2021-08-30T20:28:43.256568+0100 - add - INFO - ['4', '4', '4', '4', "['  4\\n', '  4\\n', '\\n']", 'http://localhost/notes/pages/html/4.html']
2021-08-30T20:28:43.259971+0100 - add - INFO - INSERT INTO notes (title, k1, k2, k3, note, url)
                VALUES (%s, %s, %s, %s, %s, %s)
2021-08-30T20:32:07.591063+0100 - add - INFO - [' 5\n']
2021-08-30T20:32:07.591526+0100 - add - INFO - ['5', '5', '5', '5', "[' 5\\n']", 'http://localhost/notes/pages/html/5.html']
2021-08-30T20:32:07.595235+0100 - add - INFO - INSERT INTO notes (title, k1, k2, k3, note, url)
                VALUES (%s, %s, %s, %s, %s, %s)
2021-08-30T20:35:26.517522+0100 - add - INFO - [' 6\n']
2021-08-30T20:35:26.517914+0100 - add - INFO - ['6', '6', '6', '6', "[' 6\\n']", 'http://localhost/notes/pages/html/6.html']
2021-08-30T20:35:26.521822+0100 - add - INFO - INSERT INTO notes (title, k1, k2, k3, note, url)
                VALUES (%s, %s, %s, %s, %s, %s)
2021-08-30T20:36:56.002080+0100 - add - INFO - [' 7\n']
2021-08-30T20:36:56.002459+0100 - add - INFO - ['7', '7', '7', '7', ' 7\\n', 'http://localhost/notes/pages/html/7.html']
2021-08-30T20:36:56.006807+0100 - add - INFO - INSERT INTO notes (title, k1, k2, k3, note, url)
                VALUES (%s, %s, %s, %s, %s, %s)
2021-08-30T20:38:33.559991+0100 - add - INFO - [' 8\n']
2021-08-30T20:38:33.560389+0100 - add - INFO - ['8', '8', '8', '8', ' 8\\n', 'http://localhost/notes/pages/html/8.html']
2021-08-30T20:38:33.564456+0100 - add - INFO - INSERT INTO notes (title, k1, k2, k3, note, url)
                VALUES (%s, %s, %s, %s, %s, %s)
2021-08-30T20:42:08.315877+0100 - add - INFO - [' aquilo\n']
2021-08-30T20:42:08.316284+0100 - add - INFO - ['9', '9', '9', '9', ' aquilo\\n', 'http://localhost/notes/pages/html/9.html']
2021-08-30T20:42:08.320208+0100 - add - INFO - INSERT INTO notes (title, k1, k2, k3, note, url)
                VALUES (%s, %s, %s, %s, %s, %s)
2021-08-30T20:47:52.113940+0100 - add - INFO - ['\n', ' ---\n', ' author: mclds\n', ' date: 30/08/2021\n', ' title: 12\n', ' tags:\n', ' ---\n']
2021-08-30T20:47:52.114379+0100 - add - INFO - ['12', '12', '12', '12', "\\n', ' ---\\n', ' author: mclds\\n', ' date: 30/08/2021\\n', ' title: 12\\n', ' tags:\\n', ' ---\\n", 'http://localhost/notes/pages/html/12.html']
2021-08-30T20:47:52.118708+0100 - add - INFO - INSERT INTO notes (title, k1, k2, k3, note, url)
                VALUES (%s, %s, %s, %s, %s, %s)
2021-08-30T21:08:00.120543+0100 - add - INFO - ['13', '14', '13', '13', [' ', '\\', 'n', "'", ',', ' ', "'", ' ', '1', '3', '\\', 'n', "'", ',', ' ', "'", ' ', '1', '3', '\\', 'n', "'", ',', ' ', "'", '\\', 'n'], 'http://localhost/notes/pages/html/13.html']
2021-08-30T21:08:00.124662+0100 - add - INFO - INSERT INTO notes (title, k1, k2, k3, note, url)
                VALUES (%s, %s, %s, %s, %s, %s)
2021-08-30T21:09:01.647438+0100 - add - INFO - ['14', '14', '14', '14', [[' ', '\\', 'n', "'", ',', ' ', "'", ' ', '1', '4', '\\', 'n', "'", ',', ' ', "'", ' ', '1', '4', '\\', 'n']], 'http://localhost/notes/pages/html/14.html']
2021-08-30T21:09:01.651481+0100 - add - INFO - INSERT INTO notes (title, k1, k2, k3, note, url)
                VALUES (%s, %s, %s, %s, %s, %s)
2021-08-30T21:11:42.012388+0100 - add - INFO - ['15', '15', '15', '15', '[\' \', \'\\\\\', \'n\', "\'", \',\', \' \', "\'", \' \', \'1\', \'5\', \'\\\\\', \'n\', "\'", \',\', \' \', "\'", \' \', \'1\', \'5\', \'\\\\\', \'n\']', 'http://localhost/notes/pages/html/15.html']
2021-08-30T21:11:42.017600+0100 - add - INFO - INSERT INTO notes (title, k1, k2, k3, note, url)
                VALUES (%s, %s, %s, %s, %s, %s)
2021-08-30T21:16:55.924586+0100 - add - INFO - ['16', '16', '16', '16', '[\' \', \'1\', \'6\', \'\\\\\', \'n\', "\'", \',\', \' \', "\'", \' \', \'1\', \'6\', \'\\\\\', \'n\', "\'", \',\', \' \', "\'", \' \', \'1\', \'6\', \'\\\\\', \'n\']', 'http://localhost/notes/pages/html/16.html']
2021-08-30T21:16:55.929029+0100 - add - INFO - INSERT INTO notes (title, k1, k2, k3, note, url)
                VALUES (%s, %s, %s, %s, %s, %s)
2021-08-30T21:22:53.699533+0100 - add - INFO - ['18', '18', '18', '18', " 18', ' 18', ' 18", 'http://localhost/notes/pages/html/18.html']
2021-08-30T21:22:53.704009+0100 - add - INFO - INSERT INTO notes (title, k1, k2, k3, note, url)
                VALUES (%s, %s, %s, %s, %s, %s)
2021-08-30T22:33:08.607298+0100 - __main__ - ERROR - An error has been caught in function '<module>', process 'MainProcess' (463254), thread 'MainThread' (140142154712896):
Traceback (most recent call last):

> File "/home/mic/python/notes/main.py", line 43, in <module>
    add()
    └ <function add at 0x7f7562123280>

  File "/home/mic/python/notes/add.py", line 34, in add
    subprocess.run(cmd, cwd=html_path, shell=True)                                         # And this creates the html version.
    │          │   │        └ '/srv/http/pages/html/'
    │          │   └ 'pandoc --highlight-style=zenburn -s/srv/http/notes/pages/markdown/Delete_range_of_records_in_MySQL.md-ohttp://localhost/note...
    │          └ <function run at 0x7f7562e82a60>
    └ <module 'subprocess' from '/usr/lib/python3.9/subprocess.py'>

  File "/usr/lib/python3.9/subprocess.py", line 505, in run
    with Popen(*popenargs, **kwargs) as process:
         │      │            └ {'cwd': '/srv/http/pages/html/', 'shell': True}
         │      └ ('pandoc --highlight-style=zenburn -s/srv/http/notes/pages/markdown/Delete_range_of_records_in_MySQL.md-ohttp://localhost/not...
         └ <class 'subprocess.Popen'>
  File "/usr/lib/python3.9/subprocess.py", line 951, in __init__
    self._execute_child(args, executable, preexec_fn, close_fds,
    │    │              │     │           │           └ True
    │    │              │     │           └ None
    │    │              │     └ None
    │    │              └ 'pandoc --highlight-style=zenburn -s/srv/http/notes/pages/markdown/Delete_range_of_records_in_MySQL.md-ohttp://localhost/note...
    │    └ <function Popen._execute_child at 0x7f7562e889d0>
    └ <Popen: returncode: 255 args: 'pandoc --highlight-style=zenburn -s/srv/http/...>
  File "/usr/lib/python3.9/subprocess.py", line 1821, in _execute_child
    raise child_exception_type(errno_num, err_msg, err_filename)
          │                    │          │        └ '/srv/http/pages/html/'
          │                    │          └ 'No such file or directory'
          │                    └ 2
          └ <class 'OSError'>

FileNotFoundError: [Errno 2] No such file or directory: '/srv/http/pages/html/'
2021-08-30T22:33:08.607298+0100 - __main__ - ERROR - An error has been caught in function '<module>', process 'MainProcess' (463254), thread 'MainThread' (140142154712896):
Traceback (most recent call last):

> File "/home/mic/python/notes/main.py", line 43, in <module>
    add()
    └ <function add at 0x7f7562123280>

  File "/home/mic/python/notes/add.py", line 34, in add
    subprocess.run(cmd, cwd=html_path, shell=True)                                         # And this creates the html version.
    │          │   │        └ '/srv/http/pages/html/'
    │          │   └ 'pandoc --highlight-style=zenburn -s/srv/http/notes/pages/markdown/Delete_range_of_records_in_MySQL.md-ohttp://localhost/note...
    │          └ <function run at 0x7f7562e82a60>
    └ <module 'subprocess' from '/usr/lib/python3.9/subprocess.py'>

  File "/usr/lib/python3.9/subprocess.py", line 505, in run
    with Popen(*popenargs, **kwargs) as process:
         │      │            └ {'cwd': '/srv/http/pages/html/', 'shell': True}
         │      └ ('pandoc --highlight-style=zenburn -s/srv/http/notes/pages/markdown/Delete_range_of_records_in_MySQL.md-ohttp://localhost/not...
         └ <class 'subprocess.Popen'>
  File "/usr/lib/python3.9/subprocess.py", line 951, in __init__
    self._execute_child(args, executable, preexec_fn, close_fds,
    │    │              │     │           │           └ True
    │    │              │     │           └ None
    │    │              │     └ None
    │    │              └ 'pandoc --highlight-style=zenburn -s/srv/http/notes/pages/markdown/Delete_range_of_records_in_MySQL.md-ohttp://localhost/note...
    │    └ <function Popen._execute_child at 0x7f7562e889d0>
    └ <Popen: returncode: 255 args: 'pandoc --highlight-style=zenburn -s/srv/http/...>
  File "/usr/lib/python3.9/subprocess.py", line 1821, in _execute_child
    raise child_exception_type(errno_num, err_msg, err_filename)
          │                    │          │        └ '/srv/http/pages/html/'
          │                    │          └ 'No such file or directory'
          │                    └ 2
          └ <class 'OSError'>

FileNotFoundError: [Errno 2] No such file or directory: '/srv/http/pages/html/'
2021-08-30T22:35:27.309665+0100 - add - INFO - ['Delete a range of records in MySQL', 'mysql', 'delete', 'range', '\n To delete a range of records from a MySQL database, do this:\n ------------------------------------------------------------\n DELETE FROM <table> WHERE id BETWEEN <number> AND <number>\n ------------------------------------------------------------', 'http://localhost/notes/pages/html/Delete_a_range_of_records_in_MySQL.html']
2021-08-30T22:35:27.314012+0100 - add - INFO - INSERT INTO notes (title, k1, k2, k3, note, url)
                VALUES (%s, %s, %s, %s, %s, %s)
2021-08-30T23:11:30.890902+0100 - search - INFO - last
2021-08-30T23:11:30.898639+0100 - search - INFO -  SELECT ntid, title, k1, k2, k3, note, url, time FROM notes WHERE MATCH(title, k1, k2, k3, note, url) AGAINST ('last' )
2021-08-31T02:43:48.324894+0100 - update - INFO - ['note', 'idem\nidem\n', '506']
2021-08-31T02:43:48.329135+0100 - update - INFO - UPDATE notes SET %s = %s WHERE id = %s
2021-08-31T02:45:38.186262+0100 - update - INFO - ['title', 'tlim\n', '506']
2021-08-31T02:45:38.190345+0100 - update - INFO - UPDATE notes SET %s = %s WHERE id = %s
2021-08-31T02:46:15.418576+0100 - search - INFO - mysql
2021-08-31T02:46:15.425839+0100 - search - INFO -  SELECT ntid, title, k1, k2, k3, note, url, time FROM notes WHERE MATCH(title, k1, k2, k3, note, url) AGAINST ('mysql' )
2021-08-31T02:47:51.805780+0100 - update - INFO - ['title', 'tlim\n', '506']
2021-08-31T02:47:51.810496+0100 - update - INFO - UPDATE notes SET %s = %s WHERE id = %s
2021-08-31T05:34:10.886193+0100 - delete - INFO - 518
2021-08-31T05:34:10.893779+0100 - delete - INFO - SELECT url FROM notes WHERE ntid = 518
2021-08-31T05:34:10.894294+0100 - delete - INFO - ('http://localhost/notes/pages/html/1.html',)
2021-08-31T05:34:10.894478+0100 - delete - INFO - http://localhost/notes/pages/html/1.html
2021-08-31T05:34:10.894630+0100 - delete - INFO - 1.html
2021-08-31T05:34:10.899682+0100 - delete - INFO - rm '/srv/http/notes/pages/html/1.html'; rm '/srv/http/notes/pages/markdown/1.md'
2021-08-31T05:34:10.902452+0100 - delete - INFO -  DELETE FROM notes WHERE ntid = 518
2021-08-31T05:34:34.931948+0100 - delete - INFO - 517
2021-08-31T05:34:34.939768+0100 - delete - INFO - SELECT url FROM notes WHERE ntid = 517
2021-08-31T05:34:34.940272+0100 - delete - INFO - ('http://localhost/notes/pages/html/newest.html',)
2021-08-31T05:34:34.940430+0100 - delete - INFO - http://localhost/notes/pages/html/newest.html
2021-08-31T05:34:34.940547+0100 - delete - INFO - newest.html
2021-08-31T05:34:34.945382+0100 - delete - INFO - rm '/srv/http/notes/pages/html/newest.html'; rm '/srv/http/notes/pages/markdown/newest.md'
2021-08-31T05:34:34.948266+0100 - delete - INFO -  DELETE FROM notes WHERE ntid = 517
2021-08-31T05:34:56.488220+0100 - delete - INFO - 516
2021-08-31T05:34:56.495801+0100 - delete - INFO - SELECT url FROM notes WHERE ntid = 516
2021-08-31T05:34:56.496267+0100 - delete - INFO - ('http://localhost/notes/pages/html/uber.html',)
2021-08-31T05:34:56.496411+0100 - delete - INFO - http://localhost/notes/pages/html/uber.html
2021-08-31T05:34:56.496531+0100 - delete - INFO - uber.html
2021-08-31T05:34:56.501076+0100 - delete - INFO - rm '/srv/http/notes/pages/html/uber.html'; rm '/srv/http/notes/pages/markdown/uber.md'
2021-08-31T05:34:56.503673+0100 - delete - INFO -  DELETE FROM notes WHERE ntid = 516
2021-08-31T05:42:38.026365+0100 - delete - INFO - SELECT url FROM notes WHERE ntid = 515
2021-08-31T05:42:38.040319+0100 - delete - INFO -  DELETE FROM notes WHERE ntid = 515
2021-08-31T05:44:06.610583+0100 - delete - INFO - SELECT url FROM notes WHERE ntid = 514
2021-08-31T05:44:06.625248+0100 - delete - INFO -  DELETE FROM notes WHERE ntid = 514
2021-08-31T05:49:20.319116+0100 - add - INFO - ['Extract a filename from a path', 'filename', 'extract', 'python', '\n To extract a filename from a path in Python,\n do this:\n --------------------------------------------\n import os\n\n filename = os.path.basename(<path/to/file>)\n print(filename)\n -------------------------------------------', 'http://localhost/notes/pages/html/Extract_a_filename_from_a_path.html']
2021-08-31T05:49:20.324880+0100 - add - INFO - INSERT INTO notes (title, k1, k2, k3, note, url)
                VALUES (%s, %s, %s, %s, %s, %s)
2021-08-31T05:52:38.990659+0100 - add - INFO - ['Extract a filename from a path in Python', 'python', 'filename', 'extract', '\n To extract a filename from a path in Python, do this:\n -----------------------------------------------------\n import os\n\n filename = os.path.basename("path/to/file/sample.txt")\n print(filename)\n ------------------------------------------------------', 'http://localhost/notes/pages/html/Extract_a_filename_from_a_path_in_Python.html']
2021-08-31T05:52:38.994666+0100 - add - INFO - INSERT INTO notes (title, k1, k2, k3, note, url)
                VALUES (%s, %s, %s, %s, %s, %s)
2021-08-31T05:52:38.999443+0100 - add - INFO - pandoc --highlight-style=zenburn --metadata title=Extract a filename from a path in Python -s '/srv/http/notes/pages/markdown/Extract_a_filename_from_a_path_in_Python.md' -o '/srv/http/notes/pages/html/Extract_a_filename_from_a_path_in_Python.html'
2021-08-31T06:00:01.652131+0100 - add - INFO - ['Add just one item with mysql.connect', 'mysql', 'python', 'add one', "\n If you're extracting just one entry from the database, there is no\n need cur.fetchall(), use cur.fetchone().", 'http://localhost/notes/pages/html/Add_just_one_item_with_mysql.connect.html']
2021-08-31T06:00:01.656085+0100 - add - INFO - INSERT INTO notes (title, k1, k2, k3, note, url)
                VALUES (%s, %s, %s, %s, %s, %s)
2021-08-31T06:00:01.666191+0100 - add - INFO - pandoc --highlight-style=zenburn --metadata title=Add just one item with mysql.connect -s '/srv/http/notes/pages/markdown/Add_just_one_item_with_mysql.connect.md' -o '/srv/http/notes/pages/html/Add_just_one_item_with_mysql.connect.html'
2021-08-31T06:13:12.617498+0100 - add - INFO - ['Running multiple commands in Subprocess', 'subprocess', 'commands', 'python', "\n To run multiple commands in Subprocess, put a\n ';' between them. Like so:\n ---------------------------------------------\n cmd = 'rm <filename>'; rm <other filename>\n ---------------------------------------------", 'http://localhost/notes/pages/html/Running_multiple_commands_in_Subprocess.html']
2021-08-31T06:13:12.622596+0100 - add - INFO - INSERT INTO notes (title, k1, k2, k3, note, url)
                VALUES (%s, %s, %s, %s, %s, %s)
2021-08-31T06:13:12.631223+0100 - add - INFO - pandoc --highlight-style=zenburn --metadata title='Running multiple commands in Subprocess' -s '/srv/http/notes/pages/markdown/Running_multiple_commands_in_Subprocess.md' -o '/srv/http/notes/pages/html/Running_multiple_commands_in_Subprocess.html'"
2021-08-31T06:22:18.089352+0100 - delete - INFO - SELECT url FROM notes WHERE ntid = 526
2021-08-31T06:22:18.103317+0100 - delete - INFO -  DELETE FROM notes WHERE ntid = 526
2021-08-31T06:28:04.618514+0100 - update - INFO - UPDATE notes SET k2 = 'testinho
' WHERE ntid = 525
2021-08-31T06:28:04.639224+0100 - update - INFO - pandoc --highlight-style=zenburn --metadata title=teste -s '/srv/http/notes/pages/markdown/teste.md' -o '/srv/http/notes/pages/html/teste.html'
2021-08-31T06:32:46.237421+0100 - update - INFO - UPDATE notes SET k2 = 'testito' WHERE ntid = 525
2021-08-31T06:32:46.247180+0100 - update - INFO - pandoc --highlight-style=zenburn --metadata title=teste -s '/srv/http/notes/pages/markdown/teste.md' -o '/srv/http/notes/pages/html/teste.html'
2021-08-31T06:41:51.469804+0100 - add - INFO - ['teste', 'teste', 'teste', 'teste', 'teste', 'http://localhost/notes/pages/html/teste.html']
2021-08-31T06:41:51.473648+0100 - add - INFO - INSERT INTO notes (title, k1, k2, k3, note, url)
                VALUES (%s, %s, %s, %s, %s, %s)
2021-08-31T06:41:51.481691+0100 - add - INFO - pandoc --highlight-style=zenburn --metadata title='teste' -s '/srv/http/notes/pages/markdown/teste.md' -o '/srv/http/notes/pages/html/teste.html'
2021-08-31T06:42:30.886218+0100 - update - INFO - UPDATE notes SET k1 = 'other' WHERE ntid = 524
2021-08-31T06:42:30.895047+0100 - update - INFO - pandoc --highlight-style=zenburn --metadata title=Running multiple commands in Subprocess -s '/srv/http/notes/pages/markdown/Running_multiple_commands_in_Subprocess.md' -o '/srv/http/notes/pages/html/Running_multiple_commands_in_Subprocess.html'
2021-08-31T07:05:47.436210+0100 - add - INFO - ['Import variables from another file.', 'python', 'import', 'variables', "\n Much to my surprise, it's possible to import\n a variable, and only that,if you want to,\n from another module.\n You just import it as you would a function:\n -------------------------------------------\n from <other_file> import <variable_name>\n ------------------------------------------\n or\n ------------------------------------------\n import <other_file>\n ------------------------------------------\n If you want access to everything.\n I've tested it and it works OK. It might\n need the creation of a __init__.py file, \n but I don't think that's a thing right now.\n ------------------------------------------\n https://tinyurl.com/yghg7v56", 'http://localhost/notes/pages/html/Import_variables_from_another_file..html']
2021-08-31T07:05:47.440703+0100 - add - INFO - INSERT INTO notes (title, k1, k2, k3, note, url)
                VALUES (%s, %s, %s, %s, %s, %s)
2021-08-31T07:05:47.445002+0100 - __main__ - ERROR - An error has been caught in function '<module>', process 'MainProcess' (485128), thread 'MainThread' (140336416106304):
Traceback (most recent call last):

> File "/home/mic/python/notes/main.py", line 44, in <module>
    add_md_page()
    └ <function add_md_page at 0x7fa29cc22f70>

  File "/home/mic/python/notes/add.py", line 95, in add_md_page
    print(f"[*] - It was created the markdown file named, {add.md_path}.", fore="#acac87")

TypeError: 'fore' is an invalid keyword argument for print()
2021-08-31T07:05:47.445002+0100 - __main__ - ERROR - An error has been caught in function '<module>', process 'MainProcess' (485128), thread 'MainThread' (140336416106304):
Traceback (most recent call last):

> File "/home/mic/python/notes/main.py", line 44, in <module>
    add_md_page()
    └ <function add_md_page at 0x7fa29cc22f70>

  File "/home/mic/python/notes/add.py", line 95, in add_md_page
    print(f"[*] - It was created the markdown file named, {add.md_path}.", fore="#acac87")

TypeError: 'fore' is an invalid keyword argument for print()
2021-08-31T07:05:47.454269+0100 - add - INFO - pandoc --highlight-style=zenburn --metadata title='Import variables from another file.' -s '/srv/http/notes/pages/markdown/Import_variables_from_another_file..md' -o '/srv/http/notes/pages/html/Import_variables_from_another_file..html'
2021-08-31T08:44:10.512394+0100 - search - INFO - vim
2021-08-31T08:44:10.519814+0100 - search - INFO -  SELECT ntid, title, k1, k2, k3, note, url, time FROM notes WHERE MATCH(title, k1, k2, k3, note, url) AGAINST ('vim' )
2021-08-31T08:48:48.320867+0100 - add - INFO - ["Using Vim's Native Spellcheck", 'vim', 'spellcheck', 'spelling', "\n Vim has a efficient native spell checker.\n The two most import commands, are these:\n -----------------------------------------\n 'z=' - see suggestions of spelling.\n 'zg' - add to dictionary\n -----------------------------------------\n https://tinyurl.com/yg63tq6c", "http://localhost/notes/pages/html/Using_Vim's_Native_Spellcheck.html"]
2021-08-31T08:48:48.324939+0100 - add - INFO - INSERT INTO notes (title, k1, k2, k3, note, url)
                VALUES (%s, %s, %s, %s, %s, %s)
2021-08-31T08:48:48.335150+0100 - add - INFO - pandoc --highlight-style=zenburn --metadata title='Using Vim's Native Spellcheck' -s '/srv/http/notes/pages/markdown/Using_Vim's_Native_Spellcheck.md' -o '/srv/http/notes/pages/html/Using_Vim's_Native_Spellcheck.html'
2021-08-31T09:01:08.773773+0100 - add - INFO - ['Multi character replacement in strings', 'python', 'replace', 'characters', "\n To replace more than one character at a time in a Python\n string, use this form:\n ---------------------------------------------------------\n test_str.replace('a', '<').replace('b', 'a')\n ---------------------------------------------------------", 'http://localhost/notes/pages/html/Multi_character_replacement_in_strings.html']
2021-08-31T09:01:08.780477+0100 - add - INFO - INSERT INTO notes (title, k1, k2, k3, note, url)
                VALUES (%s, %s, %s, %s, %s, %s)
2021-08-31T09:01:08.791127+0100 - add - INFO - pandoc --highlight-style=zenburn --metadata title='Multi character replacement in strings' -s '/srv/http/notes/pages/markdown/Multi_character_replacement_in_strings.md' -o '/srv/http/notes/pages/html/Multi_character_replacement_in_strings.html'
2021-08-31T16:29:01.094256+0100 - search - INFO - sed
2021-08-31T16:29:01.105602+0100 - search - INFO -  SELECT ntid, title, k1, k2, k3, note, url, time FROM notes WHERE MATCH(title, k1, k2, k3, note, url) AGAINST ('sed' )
2021-08-31T17:29:34.941727+0100 - add - INFO - ['Sed commands sucessfully used', 'sed', 'commands', 'Sed', '\n I\'ll put here some successful examples of sed commands that\n ran without any problems.\n -----------------------------------------------------------\n \n sed -e "s/tag= \\(.*\\)\\">/\\1/" complete_lines.txt\n Added separated tag values to complete lines. The \'\\1\' \n symbol represents the content of the first \'/.../\' section,\n and, as the second \'/.../\' section on a replace command\n means the output, tells sed to output it.\n\n -----------------------------------------------------------\n \n sed \'s/php?/&, /\' lines_tags.txt\n Replaced the \'php?\' string with the \'&, \' string.\n\n -----------------------------------------------------------\n \n sed -ne "s/.*/\\\'&/p" lines_tags.txt\n This was used to add a character, "\'", to the beginning of\n the line. The e apparently means \'script\' and adds it to the\n command, but I don\'t see how that\'s relevant to this example.\n The pattern \'.*\' means, all characters except line-break\n (\'.\'), in all lines of the document (\'*\').\n The ampersand means  “the whole part of the input that was\n matched by the pattern”.\n The \'p\' in the end of the expression stands for \'print\'.\n\n -----------------------------------------------------------\n\n sed "s/php?/&\'/" lines_tags.txt\n Puts a "\'" in the end of the first element.\n\n -----------------------------------------------------------\n\n sed "s/, /&\'/" lines_tags.txt\n And this one puts another at the start of the second\n element.\n\n -----------------------------------------------------------', 'http://localhost/notes/pages/html/Sed_commands_sucessfully_used.html']
2021-08-31T18:41:39.079189+0100 - search - INFO - environmentalvariables
2021-08-31T18:41:39.087296+0100 - search - INFO -  SELECT ntid, title, k1, k2, k3, note, url, time FROM notes WHERE MATCH(title, k1, k2, k3, note, url) AGAINST ('environmentalvariables' )
2021-08-31T19:38:19.569401+0100 - search - INFO - sed
2021-08-31T19:38:19.577656+0100 - search - INFO -  SELECT ntid, title, k1, k2, k3, note, url, time FROM notes WHERE MATCH(title, k1, k2, k3, note, url) AGAINST ('sed' )
2021-08-31T19:51:07.580686+0100 - search - INFO - sed
2021-08-31T19:51:07.588912+0100 - search - INFO -  SELECT ntid, title, k1, k2, k3, note, url, time FROM notes WHERE MATCH(title, k1, k2, k3, note, url) AGAINST ('sed' )
2021-08-31T21:12:25.483528+0100 - search - INFO - zip
2021-08-31T21:12:25.491635+0100 - search - INFO -  SELECT ntid, title, k1, k2, k3, note, url, time FROM notes WHERE MATCH(title, k1, k2, k3, note, url) AGAINST ('zip' )
2021-09-01T00:21:26.611545+0100 - search - INFO - sed
2021-09-01T00:21:26.618883+0100 - search - INFO -  SELECT ntid, title, k1, k2, k3, note, url, time FROM notes WHERE MATCH(title, k1, k2, k3, note, url) AGAINST ('sed' )
2021-09-01T00:57:38.592326+0100 - search - INFO - zip
2021-09-01T00:57:38.600576+0100 - search - INFO -  SELECT ntid, title, k1, k2, k3, note, url, time FROM notes WHERE MATCH(title, k1, k2, k3, note, url) AGAINST ('zip' )
2021-09-01T01:25:59.961947+0100 - search - INFO - lines
2021-09-01T01:25:59.969986+0100 - search - INFO -  SELECT ntid, title, k1, k2, k3, note, url, time FROM notes WHERE MATCH(title, k1, k2, k3, note, url) AGAINST ('lines' )
2021-09-01T04:59:10.412446+0100 - search - INFO - awk
2021-09-01T04:59:10.420610+0100 - search - INFO -  SELECT ntid, title, k1, k2, k3, note, url, time FROM notes WHERE MATCH(title, k1, k2, k3, note, url) AGAINST ('awk' )
2021-09-01T06:45:37.402832+0100 - search - INFO - dictionary
2021-09-01T06:45:37.416582+0100 - search - INFO -  SELECT ntid, title, k1, k2, k3, note, url, time FROM notes WHERE MATCH(title, k1, k2, k3, note, url) AGAINST ('dictionary' )
2021-09-01T09:47:20.272843+0100 - search - INFO - sed
2021-09-01T09:47:20.286993+0100 - search - INFO -  SELECT ntid, title, k1, k2, k3, note, url, time FROM notes WHERE MATCH(title, k1, k2, k3, note, url) AGAINST ('sed' )
2021-09-01T14:07:37.087465+0100 - search - INFO - zip
2021-09-01T14:07:37.095492+0100 - search - INFO -  SELECT ntid, title, k1, k2, k3, note, url, time FROM notes WHERE MATCH(title, k1, k2, k3, note, url) AGAINST ('zip' )
2021-09-01T15:07:12.440706+0100 - search - INFO - zip
2021-09-01T15:07:12.448973+0100 - search - INFO -  SELECT ntid, title, k1, k2, k3, note, url, time FROM notes WHERE MATCH(title, k1, k2, k3, note, url) AGAINST ('zip' )
2021-09-01T16:59:11.241247+0100 - search - INFO - write
2021-09-01T16:59:11.249312+0100 - search - INFO -  SELECT ntid, title, k1, k2, k3, note, url, time FROM notes WHERE MATCH(title, k1, k2, k3, note, url) AGAINST ('write' )
2021-09-01T17:00:24.586226+0100 - search - INFO - writing
2021-09-01T17:00:24.594096+0100 - search - INFO -  SELECT ntid, title, k1, k2, k3, note, url, time FROM notes WHERE MATCH(title, k1, k2, k3, note, url) AGAINST ('writing' )
2021-09-01T17:00:34.138249+0100 - search - INFO - file
2021-09-01T17:00:34.146439+0100 - search - INFO -  SELECT ntid, title, k1, k2, k3, note, url, time FROM notes WHERE MATCH(title, k1, k2, k3, note, url) AGAINST ('file' )
2021-09-03T02:06:52.517321+0100 - search - INFO - sed
2021-09-03T02:06:52.524846+0100 - search - INFO -  SELECT ntid, title, k1, k2, k3, note, url, time FROM notes WHERE MATCH(title, k1, k2, k3, note, url) AGAINST ('sed' )
2021-09-03T02:16:45.529862+0100 - search - INFO - sed
2021-09-03T02:16:45.538084+0100 - search - INFO -  SELECT ntid, title, k1, k2, k3, note, url, time FROM notes WHERE MATCH(title, k1, k2, k3, note, url) AGAINST ('sed' )
2021-09-03T02:56:55.099291+0100 - search - INFO - mysql
2021-09-03T02:56:55.107404+0100 - search - INFO -  SELECT ntid, title, k1, k2, k3, note, url, time FROM notes WHERE MATCH(title, k1, k2, k3, note, url) AGAINST ('mysql' )
2021-09-03T02:59:36.307344+0100 - search - INFO - whitehouse
2021-09-03T02:59:36.315104+0100 - search - INFO -  SELECT ntid, title, k1, k2, k3, note, url, time FROM notes WHERE MATCH(title, k1, k2, k3, note, url) AGAINST ('whitehouse' )
2021-09-03T03:58:33.599232+0100 - search - INFO - apache
2021-09-03T03:58:33.606503+0100 - search - INFO -  SELECT ntid, title, k1, k2, k3, note, url, time FROM notes WHERE MATCH(title, k1, k2, k3, note, url) AGAINST ('apache' )
2021-09-03T04:08:03.741758+0100 - search - INFO - svg
2021-09-03T04:08:03.749836+0100 - search - INFO -  SELECT ntid, title, k1, k2, k3, note, url, time FROM notes WHERE MATCH(title, k1, k2, k3, note, url) AGAINST ('svg' )
2021-09-03T05:31:36.994616+0100 - search - INFO - white
2021-09-03T05:31:37.002720+0100 - search - INFO -  SELECT ntid, title, k1, k2, k3, note, url, time FROM notes WHERE MATCH(title, k1, k2, k3, note, url) AGAINST ('white' )
2021-09-03T08:35:11.850825+0100 - search - INFO - d environment
2021-09-03T08:35:11.858029+0100 - search - INFO -  SELECT ntid, title, k1, k2, k3, note, url, time FROM notes WHERE MATCH(title, k1, k2, k3, note, url) AGAINST ('d environment' )
2021-09-03T08:45:27.853362+0100 - search - INFO - changedirectories
2021-09-03T08:45:27.866777+0100 - search - INFO -  SELECT ntid, title, k1, k2, k3, note, url, time FROM notes WHERE MATCH(title, k1, k2, k3, note, url) AGAINST ('changedirectories' )
2021-09-03T12:08:36.075428+0100 - search - INFO - line
2021-09-03T12:08:36.083370+0100 - search - INFO -  SELECT ntid, title, k1, k2, k3, note, url, time FROM notes WHERE MATCH(title, k1, k2, k3, note, url) AGAINST ('line' )
2021-09-03T13:23:56.870492+0100 - add - INFO - select * from notes order by ntid desc limit 1
2021-09-03T13:23:56.871175+0100 - add - INFO - [(547, 'Convert bytes to string', 'bytes', 'string', 'converter', "\n To convert bytes to string, do the following:\n ---------------------------------------------\n x = b'El ni\\xc3\\xb1o come camar\\xc3\\xb3n'\n s = x.decode()\n print(s)\n --------------------------------------------\n https://tinyurl.com/ygarcm8j", 'http://localhost/notes/pages/html/Convert_bytes_to_string.html', datetime.datetime(2021, 9, 3, 13, 23, 56))]
2021-09-03T15:53:29.285608+0100 - add - INFO - select * from notes order by ntid desc limit 1
2021-09-03T15:53:29.286630+0100 - add - INFO - [(548, 'Define items with nested levels like tuples, dictionaries...', 'tuple', 'comprehension', 'list', "\n \n Sometimes its difficult to access a definition for something\n that is second or third level apart from regular objects.\n Things like tuple elements, list of lists, dictionaries, and\n the like.\n This definition is for a tuple, but it has some ideas to\n retain. First, when you don't define, or can't define, the\n level, represent it with a zero. I didn't know you could do\n that.\n Example from something I was doing for the notes, webapp:\n '/srv/http/notes/resources/homepage_tagging/auto_update/\n tag_is_new_msg.py' \n -------------------------------------------------------------\n frst_val = [i[0] for i in lnk_num]\n -------------------------------------------------------------\n https://tinyurl.com/y48wgcqm", 'http://localhost/notes/pages/html/Define_items_with_nested_levels_like_tuples,_dictionaries....html', datetime.datetime(2021, 9, 3, 15, 53, 29))]
2021-09-03T16:14:07.514885+0100 - search - INFO - arch
2021-09-03T16:14:07.522861+0100 - search - INFO -  SELECT ntid, title, k1, k2, k3, note, url, time FROM notes WHERE MATCH(title, k1, k2, k3, note, url) AGAINST ('arch' )
2021-09-03T22:16:52.480716+0100 - add - INFO - select * from notes order by ntid desc limit 1
2021-09-03T22:16:52.481483+0100 - add - INFO - [(549, 'Find tuple index', 'tuple', 'index', 'indexes', "\n To find the index of a tuple, use this  comprehension:\n ------------------------------------------------------\n idx = [i for i, tup in enumerate(<tuple_list>) \\\n if tup[0] == <tuple_you're_looking for>]\n ------------------------------------------------------\n https://tinyurl.com/yf7umkmu", 'http://localhost/notes/pages/html/Find_tuple_index.html', datetime.datetime(2021, 9, 3, 22, 16, 52))]
2021-09-04T18:35:36.639487+0100 - add - INFO - select * from notes order by ntid desc limit 1
2021-09-04T18:35:36.640158+0100 - add - INFO - [(550, 'Ignore an error in Python', 'errors', 'python', 'ignore', '\n To ignore an error in Python, use the following\n expression:\n -----------------------------------------------\n try:\n    <expression_causing_the_error>\n except:\n     pass\n -----------------------------------------------\n It will issue a warning but it will compile.', 'http://localhost/notes/pages/html/Ignore_an_error_in_Python.html', datetime.datetime(2021, 9, 4, 18, 35, 36))]
2021-09-04T18:42:49.432872+0100 - add - INFO - select * from notes order by ntid desc limit 1
2021-09-04T18:42:49.433509+0100 - add - INFO - [(551, 'Analyze a Python object', 'python', 'analyze', 'object', '\n To look inside a Python object and see what is\n made of, we can use the following functions:\n ----------------------------------------------\n type()\n dir()\n id()\n getattr()\n hasattr()\n globals()\n locals()\n callable()\n ----------------------------------------------', 'http://localhost/notes/pages/html/Analyze_a_Python_object.html', datetime.datetime(2021, 9, 4, 18, 42, 49))]
2021-09-04T20:57:06.711531+0100 - add - INFO - select * from notes order by ntid desc limit 1
2021-09-04T20:57:06.713943+0100 - add - INFO - [(552, 'Supress messages from an applcation', 'delete', 'supress', 'messages', "\n If you want to ignore messages sent to the terminal by\n overly chatty apps or just an error you don't care\n about, use one of these commands.\n This first suppresses output to STDOUT.\n The second to STDERR.\n The third, both.\n --------------------------------------------------------\n <command> 1>/dev/null\n <command> 2>/dev/null\n <command> &>/dev/null\n --------------------------------------------------------", 'http://localhost/notes/pages/html/Supress_messages_from_an_applcation.html', datetime.datetime(2021, 9, 4, 20, 57, 6))]
2021-09-04T21:34:33.652021+0100 - search - INFO - pandic
2021-09-04T21:34:33.660099+0100 - search - INFO -  SELECT ntid, title, k1, k2, k3, note, url, time FROM notes WHERE MATCH(title, k1, k2, k3, note, url) AGAINST ('pandic' )
2021-09-04T21:34:40.175120+0100 - search - INFO - pandoc
2021-09-04T21:34:40.183083+0100 - search - INFO -  SELECT ntid, title, k1, k2, k3, note, url, time FROM notes WHERE MATCH(title, k1, k2, k3, note, url) AGAINST ('pandoc' )
2021-09-05T00:47:51.901826+0100 - add - ERROR - An error has been caught in function 'add', process 'MainProcess' (19399), thread 'MainThread' (140475815765824):
Traceback (most recent call last):

  File "/home/mic/python/notes/main.py", line 43, in <module>
    add()
    └ <function add at 0x7fc3119b48b0>

> File "/home/mic/python/notes/add.py", line 28, in add
    string_closeness()
    └ <function string_closeness at 0x7fc3119b45e0>

  File "/home/mic/python/notes/tag_management/string_closeness.py", line 17, in string_closeness
    for k in [kwd1, kwd2, kwd3]:

NameError: name 'kwd1' is not defined
2021-09-05T00:47:51.901826+0100 - add - ERROR - An error has been caught in function 'add', process 'MainProcess' (19399), thread 'MainThread' (140475815765824):
Traceback (most recent call last):

  File "/home/mic/python/notes/main.py", line 43, in <module>
    add()
    └ <function add at 0x7fc3119b48b0>

> File "/home/mic/python/notes/add.py", line 28, in add
    string_closeness()
    └ <function string_closeness at 0x7fc3119b45e0>

  File "/home/mic/python/notes/tag_management/string_closeness.py", line 17, in string_closeness
    for k in [kwd1, kwd2, kwd3]:

NameError: name 'kwd1' is not defined
2021-09-05T00:48:00.683136+0100 - add - INFO - select * from notes order by ntid desc limit 1
2021-09-05T00:48:00.683754+0100 - add - INFO - [(554, 'teste1', 'teste1', 'pythons', 'teste1', '\n teste1', 'http://localhost/notes/pages/html/teste1.html', datetime.datetime(2021, 9, 5, 0, 48))]
2021-09-05T00:52:58.184930+0100 - add - ERROR - An error has been caught in function 'add', process 'MainProcess' (19561), thread 'MainThread' (140384275449664):
Traceback (most recent call last):

  File "/home/mic/python/notes/main.py", line 43, in <module>
    add()
    └ <function add at 0x7fadc160f8b0>

> File "/home/mic/python/notes/add.py", line 28, in add
    string_closeness()
    └ <function string_closeness at 0x7fadc160f5e0>

TypeError: string_closeness() missing 3 required positional arguments: 'kwd1', 'kwd2', and 'kwd3'
2021-09-05T00:52:58.184930+0100 - add - ERROR - An error has been caught in function 'add', process 'MainProcess' (19561), thread 'MainThread' (140384275449664):
Traceback (most recent call last):

  File "/home/mic/python/notes/main.py", line 43, in <module>
    add()
    └ <function add at 0x7fadc160f8b0>

> File "/home/mic/python/notes/add.py", line 28, in add
    string_closeness()
    └ <function string_closeness at 0x7fadc160f5e0>

TypeError: string_closeness() missing 3 required positional arguments: 'kwd1', 'kwd2', and 'kwd3'
2021-09-05T00:53:05.953353+0100 - add - INFO - select * from notes order by ntid desc limit 1
2021-09-05T00:53:05.956333+0100 - add - INFO - [(555, 'teste2', 'pythons', 'teste2', 'teste2', 'teste2', 'http://localhost/notes/pages/html/teste2.html', datetime.datetime(2021, 9, 5, 0, 53, 5))]
2021-09-05T00:56:58.170950+0100 - add - ERROR - An error has been caught in function 'add', process 'MainProcess' (19909), thread 'MainThread' (140086795265856):
Traceback (most recent call last):

  File "/home/mic/python/notes/main.py", line 43, in <module>
    add()
    └ <function add at 0x7f687e2d98b0>

> File "/home/mic/python/notes/add.py", line 28, in add
    string_closeness()
    └ <function string_closeness at 0x7f687e2d95e0>

TypeError: string_closeness() missing 3 required positional arguments: 'kwd1', 'kwd2', and 'kwd3'
2021-09-05T00:56:58.170950+0100 - add - ERROR - An error has been caught in function 'add', process 'MainProcess' (19909), thread 'MainThread' (140086795265856):
Traceback (most recent call last):

  File "/home/mic/python/notes/main.py", line 43, in <module>
    add()
    └ <function add at 0x7f687e2d98b0>

> File "/home/mic/python/notes/add.py", line 28, in add
    string_closeness()
    └ <function string_closeness at 0x7f687e2d95e0>

TypeError: string_closeness() missing 3 required positional arguments: 'kwd1', 'kwd2', and 'kwd3'
2021-09-05T00:57:04.059581+0100 - add - INFO - select * from notes order by ntid desc limit 1
2021-09-05T00:57:04.060279+0100 - add - INFO - [(556, 'xgfh', 'pythons', 'tezd', 'sfh', 'gasr', 'http://localhost/notes/pages/html/xgfh.html', datetime.datetime(2021, 9, 5, 0, 57, 4))]
2021-09-07T14:01:55.719441+0100 - add - INFO - select * from notes order by ntid desc limit 1
2021-09-07T14:01:55.722176+0100 - add - INFO - [(559, 'cgb', 'fg', 'pythons', 'vgdsf', 'xfz', 'http://localhost/notes/pages/html/cgb.html', datetime.datetime(2021, 9, 7, 14, 1, 55))]
2021-09-07T14:05:42.152847+0100 - add - INFO - select * from notes order by ntid desc limit 1
2021-09-07T14:05:42.153592+0100 - add - INFO - [(560, 'zxtgh', 'pythons', 'cc', 'ccc', 'ff', 'http://localhost/notes/pages/html/zxtgh.html', datetime.datetime(2021, 9, 7, 14, 5, 42))]
2021-09-07T15:48:43.285975+0100 - add - INFO - SELECT k1, count(*) as links FROM notes GROUP BY k1
2021-09-07T15:48:43.288991+0100 - add - INFO - SELECT k2, count(*) as links FROM notes GROUP BY k2
2021-09-07T15:48:43.291858+0100 - add - INFO - SELECT k3, count(*) as links FROM notes GROUP BY k3
2021-09-07T15:48:43.301247+0100 - add - INFO - select * from notes order by ntid desc limit 1
2021-09-07T15:48:43.301935+0100 - add - INFO - [(561, 'sffd', 'pythons', 'safr', 'dzfv', 'rerr', 'http://localhost/notes/pages/html/sffd.html', datetime.datetime(2021, 9, 7, 15, 48, 43))]
2021-09-07T15:54:14.748076+0100 - add - INFO - SELECT k1, count(*) as links FROM notes GROUP BY k1
2021-09-07T15:54:14.750814+0100 - add - INFO - SELECT k2, count(*) as links FROM notes GROUP BY k2
2021-09-07T15:54:14.753353+0100 - add - INFO - SELECT k3, count(*) as links FROM notes GROUP BY k3
2021-09-07T15:54:14.762498+0100 - add - INFO - select * from notes order by ntid desc limit 1
2021-09-07T15:54:14.763862+0100 - add - INFO - [(562, 'sgf', 'pythons', 'sf', 'fsdg', 'iiii', 'http://localhost/notes/pages/html/sgf.html', datetime.datetime(2021, 9, 7, 15, 54, 14))]
2021-09-07T15:56:14.842293+0100 - add - INFO - SELECT k1, count(*) as links FROM notes GROUP BY k1
2021-09-07T15:56:14.845458+0100 - add - INFO - SELECT k2, count(*) as links FROM notes GROUP BY k2
2021-09-07T15:56:14.848363+0100 - add - INFO - SELECT k3, count(*) as links FROM notes GROUP BY k3
2021-09-07T15:56:14.859439+0100 - add - INFO - select * from notes order by ntid desc limit 1
2021-09-07T15:56:14.859975+0100 - add - INFO - [(563, 'wdthg', 'pythons', 'rsg', 'sxfsgh', 'iii', 'http://localhost/notes/pages/html/wdthg.html', datetime.datetime(2021, 9, 7, 15, 56, 14))]
2021-09-07T16:01:36.840849+0100 - add - INFO - SELECT k1, count(*) as links FROM notes GROUP BY k1
2021-09-07T16:01:36.843357+0100 - add - INFO - SELECT k2, count(*) as links FROM notes GROUP BY k2
2021-09-07T16:01:36.845686+0100 - add - INFO - SELECT k3, count(*) as links FROM notes GROUP BY k3
2021-09-07T16:01:36.855821+0100 - add - INFO - select * from notes order by ntid desc limit 1
2021-09-07T16:01:36.856601+0100 - add - INFO - [(564, 'strh', 'pythons', 'fdsg', 'xf', 'iii', 'http://localhost/notes/pages/html/strh.html', datetime.datetime(2021, 9, 7, 16, 1, 36))]
2021-09-07T16:05:02.275244+0100 - add - INFO - SELECT k1, count(*) as links FROM notes GROUP BY k1
2021-09-07T16:05:02.278113+0100 - add - INFO - SELECT k2, count(*) as links FROM notes GROUP BY k2
2021-09-07T16:05:02.280572+0100 - add - INFO - SELECT k3, count(*) as links FROM notes GROUP BY k3
2021-09-07T16:05:02.294278+0100 - add - INFO - select * from notes order by ntid desc limit 1
2021-09-07T16:05:02.294854+0100 - add - INFO - [(565, 'sdf', 'pythons', 'serdf', 'xfv', 'ii', 'http://localhost/notes/pages/html/sdf.html', datetime.datetime(2021, 9, 7, 16, 5, 2))]
2021-09-07T16:25:05.957136+0100 - add - INFO - SELECT k1, count(*) as links FROM notes GROUP BY k1
2021-09-07T16:25:05.960084+0100 - add - INFO - SELECT k2, count(*) as links FROM notes GROUP BY k2
2021-09-07T16:25:05.962536+0100 - add - INFO - SELECT k3, count(*) as links FROM notes GROUP BY k3
2021-09-07T16:25:05.975552+0100 - add - INFO - select * from notes order by ntid desc limit 1
2021-09-07T16:25:05.976161+0100 - add - INFO - [(566, 'dfg', 'sfdgg', 'sdfg', 'sdf', 'iii', 'http://localhost/notes/pages/html/dfg.html', datetime.datetime(2021, 9, 7, 16, 25, 5))]
2021-09-07T16:26:13.563137+0100 - add - INFO - SELECT k1, count(*) as links FROM notes GROUP BY k1
2021-09-07T16:26:13.566004+0100 - add - INFO - SELECT k2, count(*) as links FROM notes GROUP BY k2
2021-09-07T16:26:13.568472+0100 - add - INFO - SELECT k3, count(*) as links FROM notes GROUP BY k3
2021-09-07T16:26:13.582277+0100 - add - INFO - select * from notes order by ntid desc limit 1
2021-09-07T16:26:13.582841+0100 - add - INFO - [(567, 'dgcb', 'gvbb', 'fxbgb', 'xfg', 'ii', 'http://localhost/notes/pages/html/dgcb.html', datetime.datetime(2021, 9, 7, 16, 26, 13))]
2021-09-07T16:35:09.912426+0100 - add - INFO - SELECT k1, count(*) as links FROM notes GROUP BY k1
2021-09-07T16:35:09.915187+0100 - add - INFO - SELECT k2, count(*) as links FROM notes GROUP BY k2
2021-09-07T16:35:09.917919+0100 - add - INFO - SELECT k3, count(*) as links FROM notes GROUP BY k3
2021-09-07T16:35:09.926768+0100 - add - INFO - select * from notes order by ntid desc limit 1
2021-09-07T16:35:09.927382+0100 - add - INFO - [(568, 'srfh', 'pythons', 'asd', 'df', 'iii', 'http://localhost/notes/pages/html/srfh.html', datetime.datetime(2021, 9, 7, 16, 35, 9))]
2021-09-07T16:39:48.898703+0100 - add - INFO - SELECT k1, count(*) as links FROM notes GROUP BY k1
2021-09-07T16:39:48.901044+0100 - add - INFO - SELECT k2, count(*) as links FROM notes GROUP BY k2
2021-09-07T16:39:48.903448+0100 - add - INFO - SELECT k3, count(*) as links FROM notes GROUP BY k3
2021-09-07T16:39:48.912788+0100 - add - INFO - select * from notes order by ntid desc limit 1
2021-09-07T16:39:48.913378+0100 - add - INFO - [(569, 'hfj', 'pythons', 'dgb', 'gfb', 'iii', 'http://localhost/notes/pages/html/hfj.html', datetime.datetime(2021, 9, 7, 16, 39, 48))]
2021-09-07T16:41:45.333923+0100 - add - INFO - SELECT k1, count(*) as links FROM notes GROUP BY k1
2021-09-07T16:41:45.336574+0100 - add - INFO - SELECT k2, count(*) as links FROM notes GROUP BY k2
2021-09-07T16:41:45.339196+0100 - add - INFO - SELECT k3, count(*) as links FROM notes GROUP BY k3
2021-09-07T16:41:55.752447+0100 - add - INFO - select * from notes order by ntid desc limit 1
2021-09-07T16:41:55.754561+0100 - add - INFO - [(570, 'fhj', 'pythons', 'sfg', 'fg', 'ii', 'http://localhost/notes/pages/html/fhj.html', datetime.datetime(2021, 9, 7, 16, 41, 55))]
2021-09-07T16:43:09.838444+0100 - add - INFO - SELECT k1, count(*) as links FROM notes GROUP BY k1
2021-09-07T16:43:09.841391+0100 - add - INFO - SELECT k2, count(*) as links FROM notes GROUP BY k2
2021-09-07T16:43:09.843857+0100 - add - INFO - SELECT k3, count(*) as links FROM notes GROUP BY k3
2021-09-07T16:43:13.375068+0100 - add - INFO - select * from notes order by ntid desc limit 1
2021-09-07T16:43:13.377178+0100 - add - INFO - [(571, 'fryj', 'pythons', 'dfsg', 'sfdg', 'ii', 'http://localhost/notes/pages/html/fryj.html', datetime.datetime(2021, 9, 7, 16, 43, 13))]
2021-09-07T16:45:19.129818+0100 - add - INFO - SELECT k1, count(*) as links FROM notes GROUP BY k1
2021-09-07T16:45:19.132559+0100 - add - INFO - SELECT k2, count(*) as links FROM notes GROUP BY k2
2021-09-07T16:45:19.135002+0100 - add - INFO - SELECT k3, count(*) as links FROM notes GROUP BY k3
2021-09-07T16:45:21.069592+0100 - add - INFO - select * from notes order by ntid desc limit 1
2021-09-07T16:45:21.071736+0100 - add - INFO - [(572, 'fbb', 'pythons', 'sf', 'fdg', 'iii', 'http://localhost/notes/pages/html/fbb.html', datetime.datetime(2021, 9, 7, 16, 45, 21))]
2021-09-07T16:48:34.704187+0100 - add - INFO - SELECT k1, count(*) as links FROM notes GROUP BY k1
2021-09-07T16:48:34.706929+0100 - add - INFO - SELECT k2, count(*) as links FROM notes GROUP BY k2
2021-09-07T16:48:34.709222+0100 - add - INFO - SELECT k3, count(*) as links FROM notes GROUP BY k3
2021-09-07T16:48:36.890804+0100 - add - INFO - select * from notes order by ntid desc limit 1
2021-09-07T16:48:36.892969+0100 - add - INFO - [(573, 'xfg', 'pythons', 'sd', 'zdf', 'iii', 'http://localhost/notes/pages/html/xfg.html', datetime.datetime(2021, 9, 7, 16, 48, 36))]
2021-09-07T17:07:09.168681+0100 - add - INFO - SELECT k1, count(*) as links FROM notes GROUP BY k1
2021-09-07T17:07:09.171553+0100 - add - INFO - SELECT k2, count(*) as links FROM notes GROUP BY k2
2021-09-07T17:07:09.174032+0100 - add - INFO - SELECT k3, count(*) as links FROM notes GROUP BY k3
2021-09-07T17:07:12.903495+0100 - add - INFO - select * from notes order by ntid desc limit 1
2021-09-07T17:07:12.905635+0100 - add - INFO - [(574, 'dst', '0', '0', '0', 'iii', 'http://localhost/notes/pages/html/dst.html', datetime.datetime(2021, 9, 7, 17, 7, 12))]
2021-09-07T17:09:51.028537+0100 - add - INFO - SELECT k1, count(*) as links FROM notes GROUP BY k1
2021-09-07T17:09:51.031513+0100 - add - INFO - SELECT k2, count(*) as links FROM notes GROUP BY k2
2021-09-07T17:09:51.034122+0100 - add - INFO - SELECT k3, count(*) as links FROM notes GROUP BY k3
2021-09-07T17:09:53.339137+0100 - add - INFO - select * from notes order by ntid desc limit 1
2021-09-07T17:09:53.339797+0100 - add - INFO - [(575, 'gsrf', '0', '0', '1', 'iii', 'http://localhost/notes/pages/html/gsrf.html', datetime.datetime(2021, 9, 7, 17, 9, 53))]
2021-09-07T18:12:09.229909+0100 - add - INFO - select * from notes order by ntid desc limit 1
2021-09-07T18:12:09.230619+0100 - add - INFO - [(576, 'xfgxg', 'pythons', 'ae', 'dz', 'dff', 'http://localhost/notes/pages/html/xfgxg.html', datetime.datetime(2021, 9, 7, 18, 12, 9))]
2021-09-18T11:43:57.846933+0100 - search - INFO - tuple
2021-09-18T11:43:57.862983+0100 - search - INFO -  SELECT ntid, title, k1, k2, k3, note, url, time FROM notes WHERE MATCH(title, k1, k2, k3, note, url) AGAINST ('tuple' )
2021-09-19T12:56:33.997816+0100 - search - INFO - tuple
2021-09-19T12:56:34.005595+0100 - search - INFO -  SELECT ntid, title, k1, k2, k3, note, url, time FROM notes WHERE MATCH(title, k1, k2, k3, note, url) AGAINST ('tuple' )
2021-09-19T13:38:20.245900+0100 - add - INFO - select * from notes order by ntid desc limit 1
2021-09-19T13:38:20.246663+0100 - add - INFO - [(597, 'Convert list of tuples to list', 'tuples', 'list', 'tuple', "\n To change al list of tuples to a lists, do this:\n ------------------------------------------------\n lt = [('Geeks', 2), ('For', 4), ('geek', '6')]\n out = [item for t in lt for item in t]\n ------------------------------------------------\n https://tinyurl.com/yj3m2yw3", 'http://localhost/notes/pages/html/Convert_list_of_tuples_to_list.html', datetime.datetime(2021, 9, 19, 13, 38, 20))]
2021-09-19T13:49:14.690978+0100 - add - INFO - select * from notes order by ntid desc limit 1
2021-09-19T13:49:14.691602+0100 - add - INFO - [(598, 'teste', 'pythons', 'teste', 'teste2', 'iii', 'http://localhost/notes/pages/html/teste.html', datetime.datetime(2021, 9, 19, 13, 49, 14))]
2021-09-19T13:57:14.313736+0100 - add - INFO - select * from notes order by ntid desc limit 1
2021-09-19T13:57:14.315318+0100 - add - INFO - [(599, 'teste', 'pythonx', 'other', 'another', 'ii', 'http://localhost/notes/pages/html/teste.html', datetime.datetime(2021, 9, 19, 13, 57, 14))]
2021-09-19T15:49:06.268468+0100 - search - INFO - update
2021-09-19T15:49:06.276217+0100 - search - INFO -  SELECT ntid, title, k1, k2, k3, note, url, time FROM notes WHERE MATCH(title, k1, k2, k3, note, url) AGAINST ('update' )
2021-09-19T16:32:08.190416+0100 - search - INFO - gitignore
2021-09-19T16:32:08.198021+0100 - search - INFO -  SELECT ntid, title, k1, k2, k3, note, url, time FROM notes WHERE MATCH(title, k1, k2, k3, note, url) AGAINST ('gitignore' )
2021-09-19T17:01:11.971409+0100 - add - INFO - select * from notes order by ntid desc limit 1
2021-09-19T17:01:11.972083+0100 - add - INFO - [(620, 'zdgjhhfmkkjh,,fsd,', 'pythons', 'gdfhsfdgj', 'cxgnmnmm', 'iii', 'http://localhost/notes/pages/html/zdgjhhfmkkjh,,fsd,.html', datetime.datetime(2021, 9, 19, 17, 1, 11))]
2021-09-19T17:12:15.740423+0100 - search - INFO - list of lists
2021-09-19T17:12:15.748157+0100 - search - INFO -  SELECT ntid, title, k1, k2, k3, note, url, time FROM notes WHERE MATCH(title, k1, k2, k3, note, url) AGAINST ('list of lists' )
2021-09-19T17:17:21.358336+0100 - add - INFO - select * from notes order by ntid desc limit 1
2021-09-19T17:17:21.359107+0100 - add - INFO - [(623, 'Turn list of lists to list', 'lists', 'list of lists', 'python', '\n To turn a list of lists into a list, do this:\n ------------------------------------------------\n regular_list = [[1, 2, 3, 4], [5, 6, 7], [8, 9]]\n flat_list = [item for sublist in regular_list \\\n for item in sublist]\n -------------------------------------------------\n https://tinyurl.com/yf57k6aj', 'http://localhost/notes/pages/html/Turn_list_of_lists_to_list.html', datetime.datetime(2021, 9, 19, 17, 17, 21))]
2021-09-19T18:49:42.311975+0100 - add - INFO - select * from notes order by ntid desc limit 1
2021-09-19T18:49:42.312657+0100 - add - INFO - [(628, 'teste', 'this', 'mysqla', 'safdvxf', '\n\niii', 'http://localhost/notes/pages/html/teste.html', datetime.datetime(2021, 9, 19, 18, 49, 42))]
2021-09-19T20:54:15.359150+0100 - add - INFO - select * from notes order by ntid desc limit 1
2021-09-19T20:54:15.359814+0100 - add - INFO - [(629, 'Set column length in Vim', 'vim', 'column', '80', '\n To set the column length of a old md file,\n before setting the length in .vimrc, do this:\n ----------------------------------------------\n :set colorcolumn=80\n ----------------------------------------------', 'http://localhost/notes/pages/html/Set_column_length_in_Vim.html', datetime.datetime(2021, 9, 19, 20, 54, 15))]
2021-09-20T17:49:09.494937+0100 - search - INFO - white
2021-09-20T17:49:09.511924+0100 - search - INFO -  SELECT ntid, title, k1, k2, k3, note, url, time FROM notes WHERE MATCH(title, k1, k2, k3, note, url) AGAINST ('white' )
2021-09-21T23:30:10.330841+0100 - search - INFO - html
2021-09-21T23:30:10.342696+0100 - search - INFO -  SELECT ntid, title, k1, k2, k3, note, url, time FROM notes WHERE MATCH(title, k1, k2, k3, note, url) AGAINST ('html' )
2021-09-21T23:32:55.590820+0100 - __main__ - ERROR - An error has been caught in function '<module>', process 'MainProcess' (72401), thread 'MainThread' (140398374573888):
Traceback (most recent call last):

> File "/home/mic/python/notes/main.py", line 54, in <module>
    del_md_html_pages()
    └ <function del_md_html_pages at 0x7fb109beae50>

  File "/home/mic/python/notes/delete.py", line 25, in del_md_html_pages
    path = record[0]
           └ None

TypeError: 'NoneType' object is not subscriptable
2021-09-21T23:32:55.590820+0100 - __main__ - ERROR - An error has been caught in function '<module>', process 'MainProcess' (72401), thread 'MainThread' (140398374573888):
Traceback (most recent call last):

> File "/home/mic/python/notes/main.py", line 54, in <module>
    del_md_html_pages()
    └ <function del_md_html_pages at 0x7fb109beae50>

  File "/home/mic/python/notes/delete.py", line 25, in del_md_html_pages
    path = record[0]
           └ None

TypeError: 'NoneType' object is not subscriptable
2021-09-21T23:35:28.146850+0100 - search - INFO - pandoc
2021-09-21T23:35:28.154670+0100 - search - INFO -  SELECT ntid, title, k1, k2, k3, note, url, time FROM notes WHERE MATCH(title, k1, k2, k3, note, url) AGAINST ('pandoc' )
2021-09-21T23:58:47.555393+0100 - search - INFO - php
2021-09-21T23:58:47.569346+0100 - search - INFO -  SELECT ntid, title, k1, k2, k3, note, url, time FROM notes WHERE MATCH(title, k1, k2, k3, note, url) AGAINST ('php' )
2021-09-23T14:34:41.906799+0100 - search - INFO - cc
2021-09-23T14:34:41.920539+0100 - search - INFO -  SELECT ntid, title, k1, k2, k3, note, url, time FROM notes WHERE MATCH(title, k1, k2, k3, note, url) AGAINST ('cc' )
2021-09-23T14:34:48.113727+0100 - search - INFO - credit
2021-09-23T14:34:48.127377+0100 - search - INFO -  SELECT ntid, title, k1, k2, k3, note, url, time FROM notes WHERE MATCH(title, k1, k2, k3, note, url) AGAINST ('credit' )
2021-09-27T14:30:40.857716+0100 - search - INFO - credit
2021-09-27T14:30:40.873454+0100 - search - INFO -  SELECT ntid, title, k1, k2, k3, note, url, time FROM notes WHERE MATCH(title, k1, k2, k3, note, url) AGAINST ('credit' )
2021-09-29T08:30:08.397525+0100 - add - INFO - SELECT k1 FROM notes UNION SELECT k2 FROM notes UNION SELECT k3 FROM notes
2021-09-29T08:30:08.405431+0100 - add - INFO - SELECT k1, count(*) as links FROM notes GROUP BY k1
2021-09-29T08:30:08.408554+0100 - add - INFO - SELECT k2, count(*) as links FROM notes GROUP BY k2
2021-09-29T08:30:08.411729+0100 - add - INFO - SELECT k3, count(*) as links FROM notes GROUP BY k3
2021-09-29T10:17:01.541859+0100 - add - INFO - SELECT k1 FROM notes UNION SELECT k2 FROM notes UNION SELECT k3 FROM notes
2021-09-29T10:19:39.647505+0100 - add - INFO - SELECT k1 FROM notes UNION SELECT k2 FROM notes UNION SELECT k3 FROM notes
2021-09-29T10:35:57.637572+0100 - add - INFO - SELECT k1 FROM notes UNION SELECT k2 FROM notes UNION SELECT k3 FROM notes
2021-09-29T10:36:23.347531+0100 - add - INFO - SELECT k1 FROM notes UNION SELECT k2 FROM notes UNION SELECT k3 FROM notes
2021-09-29T10:37:17.123223+0100 - add - INFO - SELECT k1 FROM notes UNION SELECT k2 FROM notes UNION SELECT k3 FROM notes
2021-09-29T15:48:15.409058+0100 - stats - INFO - SELECT k1, count(*) as links FROM notes GROUP BY k1
2021-09-29T15:48:15.412083+0100 - stats - INFO - SELECT k2, count(*) as links FROM notes GROUP BY k2
2021-09-29T15:48:15.414465+0100 - stats - INFO - SELECT k3, count(*) as links FROM notes GROUP BY k3
2021-09-29T17:51:47.742558+0100 - search - INFO - git
2021-09-29T17:51:47.756118+0100 - search - INFO -  SELECT ntid, title, k1, k2, k3, note, url, time FROM notes WHERE MATCH(title, k1, k2, k3, note, url) AGAINST ('git' )
2021-09-29T21:17:16.110559+0100 - add - INFO - SELECT k1 FROM notes UNION SELECT k2 FROM notes UNION SELECT k3 FROM notes
