2021-08-21T01:01:31.171145+0100 - __main__ - INFO - ['teste', 'teste comment', 'www.teste.com', 'keyteste', 'teste1', 'teste3']
2021-08-21T01:01:31.174511+0100 - __main__ - INFO - INSERT INTO bkmks (title, comment, link, k1, k2, k3) VALUES (%s, %s, %s, %s, %s, %s)
2021-08-21T01:11:52.869899+0100 - __main__ - INFO - <bound method Application.run of <prompt_toolkit.application.application.Application object at 0x7ff5a7f04130>>
2021-08-21T01:11:52.874349+0100 - __main__ - ERROR - An error has been caught in function '<module>', process 'MainProcess' (282938), thread 'MainThread' (140693096273728):
Traceback (most recent call last):

> File "/home/mic/python/prompt_toolkit_bkmks/bkmk_class.py", line 76, in <module>
    sum.delete()
    │   └ <function Add.delete at 0x7ff5a887fc10>
    └ <__main__.Add object at 0x7ff5a7f92730>

  File "/home/mic/python/prompt_toolkit_bkmks/bkmk_class.py", line 63, in delete
    query = " DELETE FROM bkmks WHERE id = " + id
                                               └ <bound method Application.run of <prompt_toolkit.application.application.Application object at 0x7ff5a7f04130>>

TypeError: can only concatenate str (not "method") to str
2021-08-21T01:20:34.749401+0100 - __main__ - INFO - <built-in function id>
2021-08-21T01:20:34.752795+0100 - __main__ - ERROR - An error has been caught in function '<module>', process 'MainProcess' (283222), thread 'MainThread' (140018771191616):
Traceback (most recent call last):

> File "/home/mic/python/prompt_toolkit_bkmks/bkmk_class.py", line 88, in <module>
    sum.delete()
    │   └ <function Add.delete at 0x7f58a7ae7550>
    └ <__main__.Add object at 0x7f58a7ad9f40>

  File "/home/mic/python/prompt_toolkit_bkmks/bkmk_class.py", line 75, in delete
    query = " DELETE FROM bkmks WHERE id = " + ident
                                               └ <bound method Application.run of <prompt_toolkit.application.application.Application object at 0x7f58a7a87a60>>

TypeError: can only concatenate str (not "method") to str
2021-08-21T01:21:22.333206+0100 - __main__ - INFO - <built-in function id>
2021-08-21T01:21:22.336249+0100 - __main__ - ERROR - An error has been caught in function '<module>', process 'MainProcess' (283258), thread 'MainThread' (140254354749248):
Traceback (most recent call last):

> File "/home/mic/python/prompt_toolkit_bkmks/bkmk_class.py", line 88, in <module>
    sum.delete()
    │   └ <function Add.delete at 0x7f8f818e3550>
    └ <__main__.Add object at 0x7f8f818d6f40>

  File "/home/mic/python/prompt_toolkit_bkmks/bkmk_class.py", line 75, in delete
    query = " DELETE FROM bkmks WHERE id = " + ident
                                               └ <bound method Application.run of <prompt_toolkit.application.application.Application object at 0x7f8f81884a60>>

TypeError: can only concatenate str (not "method") to str
2021-08-21T01:22:11.879950+0100 - __main__ - INFO - <built-in function id>
2021-08-21T01:22:11.883459+0100 - __main__ - INFO -  DELETE FROM bkmks WHERE id = <bound method Application.run of <prompt_toolkit.application.application.Application object at 0x7f33d1859a90>>
2021-08-21T01:23:11.142531+0100 - __main__ - INFO - <built-in function id>
2021-08-21T01:23:11.146065+0100 - __main__ - INFO -  DELETE FROM bkmks WHERE id = <prompt_toolkit.application.application.Application object at 0x7f3126872a60>
2021-08-21T01:24:44.736882+0100 - __main__ - INFO - <prompt_toolkit.application.application.Application object at 0x7fdef8b5aa30>
2021-08-21T01:24:44.740411+0100 - __main__ - ERROR - An error has been caught in function '<module>', process 'MainProcess' (283380), thread 'MainThread' (140595656628032):
Traceback (most recent call last):

> File "/home/mic/python/prompt_toolkit_bkmks/bkmk_class.py", line 88, in <module>
    sum.delete()
    │   └ <function Add.delete at 0x7fdef8bba4c0>
    └ <__main__.Add object at 0x7fdef8badf10>

  File "/home/mic/python/prompt_toolkit_bkmks/bkmk_class.py", line 75, in delete
    query = " DELETE FROM bkmks WHERE id = " + ident
                                               └ <prompt_toolkit.application.application.Application object at 0x7fdef8b5aa30>

TypeError: can only concatenate str (not "Application") to str
2021-08-21T01:26:28.966485+0100 - __main__ - INFO - <prompt_toolkit.application.application.Application object at 0x7f5705be7b50>
2021-08-21T01:26:28.966639+0100 - __main__ - INFO - <prompt_toolkit.application.application.Application object at 0x7f5705be7b50>
2021-08-21T01:26:28.969998+0100 - __main__ - ERROR - An error has been caught in function '<module>', process 'MainProcess' (283439), thread 'MainThread' (140011759761216):
Traceback (most recent call last):

> File "/home/mic/python/prompt_toolkit_bkmks/bkmk_class.py", line 90, in <module>
    sum.delete()
    │   └ <function Add.delete at 0x7f5705c484c0>
    └ <__main__.Add object at 0x7f5705c4c070>

  File "/home/mic/python/prompt_toolkit_bkmks/bkmk_class.py", line 77, in delete
    query = " DELETE FROM bkmks WHERE id = " + ident
                                               └ <prompt_toolkit.application.application.Application object at 0x7f5705be7b50>

TypeError: can only concatenate str (not "Application") to str
2021-08-21T01:29:45.356522+0100 - __main__ - INFO - <prompt_toolkit.application.application.Application object at 0x7f5d6f031b50>
2021-08-21T01:29:45.356687+0100 - __main__ - INFO - <prompt_toolkit.application.application.Application object at 0x7f5d6f031b50>
2021-08-21T01:29:45.360046+0100 - __main__ - ERROR - An error has been caught in function '<module>', process 'MainProcess' (283619), thread 'MainThread' (140039295670080):
Traceback (most recent call last):

> File "/home/mic/python/prompt_toolkit_bkmks/bkmk_class.py", line 90, in <module>
    sum.delete()
    │   └ <function Add.delete at 0x7f5d6f0914c0>
    └ <__main__.Add object at 0x7f5d6f096070>

  File "/home/mic/python/prompt_toolkit_bkmks/bkmk_class.py", line 77, in delete
    query = " DELETE FROM bkmks WHERE id = " + ident
                                               └ <prompt_toolkit.application.application.Application object at 0x7f5d6f031b50>

TypeError: can only concatenate str (not "Application") to str
2021-08-21T01:32:50.060028+0100 - __main__ - INFO - 150
2021-08-21T01:32:50.060204+0100 - __main__ - INFO - '150'
2021-08-21T01:32:50.064245+0100 - __main__ - INFO -  DELETE FROM bkmks WHERE id = 150
2021-08-21T01:39:19.682285+0100 - __main__ - ERROR - An error has been caught in function '<module>', process 'MainProcess' (283946), thread 'MainThread' (140173860890432):
Traceback (most recent call last):

> File "/home/mic/python/prompt_toolkit_bkmks/bkmk_class.py", line 93, in <module>
    sum.see()
    │   └ <function Add.see at 0x7f7cc3bfa790>
    └ <__main__.Add object at 0x7f7cc3bf3820>

TypeError: see() takes 0 positional arguments but 1 was given
2021-08-21T01:40:03.885536+0100 - __main__ - INFO -  SELECT * FROM bkmks 
2021-08-21T01:46:39.898621+0100 - __main__ - INFO -  SELECT * FROM bkmks WHERE MATCH(title, comment, link, k1, k2, k3) AGAINST ('color' IN NATURAL LANGUAGE MODE)
2021-08-21T01:55:12.871989+0100 - __main__ - INFO - UPDATE bkmks SET k2 = 'cli' WHERE id = 123
2021-08-21T02:03:48.107469+0100 - __main__ - INFO -  SELECT * FROM bkmks 
2021-08-21T02:05:11.794013+0100 - __main__ - INFO -  SELECT * FROM bkmks 
2021-08-21T02:21:59.474705+0100 - bkmk_class - INFO - [None, None, None, None, None, None]
2021-08-21T02:21:59.478898+0100 - bkmk_class - INFO - INSERT INTO bkmks (title, comment, link, k1, k2, k3) VALUES (%s, %s, %s, %s, %s, %s)
2021-08-21T02:22:00.034036+0100 - bkmk_class - INFO - None
2021-08-21T02:22:00.036348+0100 - bkmk_class - ERROR - An error has been caught in function '<module>', process 'MainProcess' (285313), thread 'MainThread' (140333114324800):
Traceback (most recent call last):

  File "/home/mic/python/prompt_toolkit_bkmks/main.py", line 3, in <module>
    from bkmk_class import add_bkmk

  File "<frozen importlib._bootstrap>", line 1007, in _find_and_load
  File "<frozen importlib._bootstrap>", line 986, in _find_and_load_unlocked
  File "<frozen importlib._bootstrap>", line 680, in _load_unlocked
  File "<frozen importlib._bootstrap_external>", line 850, in exec_module
  File "<frozen importlib._bootstrap>", line 228, in _call_with_frames_removed

> File "/home/mic/python/prompt_toolkit_bkmks/bkmk_class.py", line 143, in <module>
    sum.delete()
    │   └ <function Add.delete at 0x7fa1d7fe4670>
    └ <bkmk_class.Add object at 0x7fa1d7fd6fd0>

  File "/home/mic/python/prompt_toolkit_bkmks/bkmk_class.py", line 54, in delete
    query = " DELETE FROM bkmks WHERE id = " + ident
                                               └ None

TypeError: can only concatenate str (not "NoneType") to str
2021-08-21T02:22:00.042955+0100 - bkmk_class - INFO -  SELECT * FROM bkmks 
2021-08-21T02:22:00.732797+0100 - bkmk_class - ERROR - An error has been caught in function '<module>', process 'MainProcess' (285313), thread 'MainThread' (140333114324800):
Traceback (most recent call last):

  File "/home/mic/python/prompt_toolkit_bkmks/main.py", line 3, in <module>
    from bkmk_class import add_bkmk

  File "<frozen importlib._bootstrap>", line 1007, in _find_and_load
  File "<frozen importlib._bootstrap>", line 986, in _find_and_load_unlocked
  File "<frozen importlib._bootstrap>", line 680, in _load_unlocked
  File "<frozen importlib._bootstrap_external>", line 850, in exec_module
  File "<frozen importlib._bootstrap>", line 228, in _call_with_frames_removed

> File "/home/mic/python/prompt_toolkit_bkmks/bkmk_class.py", line 145, in <module>
    sum.search()
    │   └ <function Add.search at 0x7fa1d7fe4d30>
    └ <bkmk_class.Add object at 0x7fa1d7fd6fd0>

  File "/home/mic/python/prompt_toolkit_bkmks/bkmk_class.py", line 96, in search
    " SELECT * FROM bkmks WHERE MATCH(title, comment, link, k1, k2, k3) AGAINST ('"

TypeError: can only concatenate str (not "NoneType") to str
2021-08-21T02:22:02.503849+0100 - bkmk_class - ERROR - An error has been caught in function '<module>', process 'MainProcess' (285313), thread 'MainThread' (140333114324800):
Traceback (most recent call last):

  File "/home/mic/python/prompt_toolkit_bkmks/main.py", line 3, in <module>
    from bkmk_class import add_bkmk

  File "<frozen importlib._bootstrap>", line 1007, in _find_and_load
  File "<frozen importlib._bootstrap>", line 986, in _find_and_load_unlocked
  File "<frozen importlib._bootstrap>", line 680, in _load_unlocked
  File "<frozen importlib._bootstrap_external>", line 850, in exec_module
  File "<frozen importlib._bootstrap>", line 228, in _call_with_frames_removed

> File "/home/mic/python/prompt_toolkit_bkmks/bkmk_class.py", line 146, in <module>
    sum.update()
    │   └ <function Add.update at 0x7fa1d7fe80d0>
    └ <bkmk_class.Add object at 0x7fa1d7fd6fd0>

  File "/home/mic/python/prompt_toolkit_bkmks/bkmk_class.py", line 128, in update
    query = "UPDATE bkmks SET " + coluna + " = '" + update + "' WHERE id = " + ident
                                  │                 │                          └ None
                                  │                 └ None
                                  └ None

TypeError: can only concatenate str (not "NoneType") to str
2021-08-21T05:39:22.482044+0100 - bkmk_class - INFO - ['Special HTML characters and codes', 'Some characters in HTML require special codes', 'https://www.computerhope.com/spechtm.htm', 'html', 'characters', 'character codes']
2021-08-21T05:39:22.482044+0100 - bkmk_class - INFO - ['Special HTML characters and codes', 'Some characters in HTML require special codes', 'https://www.computerhope.com/spechtm.htm', 'html', 'characters', 'character codes']
2021-08-21T05:39:22.485976+0100 - bkmk_class - INFO - INSERT INTO bkmks (title, comment, link, k1, k2, k3) VALUES (%s, %s, %s, %s, %s, %s)
2021-08-21T05:39:22.485976+0100 - bkmk_class - INFO - INSERT INTO bkmks (title, comment, link, k1, k2, k3) VALUES (%s, %s, %s, %s, %s, %s)
2021-08-21T11:43:33.435175+0100 - bkmk_class - INFO -  SELECT * FROM bkmks 
2021-08-21T11:43:33.435175+0100 - bkmk_class - INFO -  SELECT * FROM bkmks 
2021-08-21T11:43:56.275971+0100 - bkmk_class - INFO - 151
2021-08-21T11:43:56.275971+0100 - bkmk_class - INFO - 151
2021-08-21T11:43:56.279301+0100 - bkmk_class - INFO -  DELETE FROM bkmks WHERE id = 151
2021-08-21T11:43:56.279301+0100 - bkmk_class - INFO -  DELETE FROM bkmks WHERE id = 151
2021-08-21T11:44:12.486194+0100 - bkmk_class - INFO - 152
2021-08-21T11:44:12.486194+0100 - bkmk_class - INFO - 152
2021-08-21T11:44:12.490382+0100 - bkmk_class - INFO -  DELETE FROM bkmks WHERE id = 152
2021-08-21T11:44:12.490382+0100 - bkmk_class - INFO -  DELETE FROM bkmks WHERE id = 152
2021-08-21T15:33:37.543717+0100 - bkmk_class - INFO - ['Google Style Guide', 'Has an interesting definition of docstrings in python', 'https://github.com/google/styleguide/blob/gh-pages/pyguide.md#doc-function-args', 'google', 'docstring', 'documentation']
2021-08-21T15:33:37.543717+0100 - bkmk_class - INFO - ['Google Style Guide', 'Has an interesting definition of docstrings in python', 'https://github.com/google/styleguide/blob/gh-pages/pyguide.md#doc-function-args', 'google', 'docstring', 'documentation']
2021-08-21T15:33:37.547578+0100 - bkmk_class - INFO - INSERT INTO bkmks (title, comment, link, k1, k2, k3) VALUES (%s, %s, %s, %s, %s, %s)
2021-08-21T15:33:37.547578+0100 - bkmk_class - INFO - INSERT INTO bkmks (title, comment, link, k1, k2, k3) VALUES (%s, %s, %s, %s, %s, %s)
2021-08-22T00:40:55.155888+0100 - bkmk_class - INFO -  SELECT * FROM bkmks WHERE MATCH(title, comment, link, k1, k2, k3) AGAINST ('pirate' IN NATURAL LANGUAGE MODE)
2021-08-22T00:40:55.155888+0100 - bkmk_class - INFO -  SELECT * FROM bkmks WHERE MATCH(title, comment, link, k1, k2, k3) AGAINST ('pirate' IN NATURAL LANGUAGE MODE)
2021-08-22T03:48:00.168903+0100 - bkmk_class - INFO -  SELECT * FROM bkmks 
2021-08-22T03:48:00.168903+0100 - bkmk_class - INFO -  SELECT * FROM bkmks 
2021-08-22T09:09:13.038524+0100 - bkmk_class - INFO -  SELECT * FROM bkmks 
2021-08-22T09:09:13.038524+0100 - bkmk_class - INFO -  SELECT * FROM bkmks 
2021-08-22T13:04:24.379209+0100 - bkmk_class - INFO - ['Orator', 'Very pretty ORM that I would like to study later on.', 'https://orator-orm.com', 'orator', 'orm', 'databases']
2021-08-22T13:04:24.379209+0100 - bkmk_class - INFO - ['Orator', 'Very pretty ORM that I would like to study later on.', 'https://orator-orm.com', 'orator', 'orm', 'databases']
2021-08-22T13:04:24.382740+0100 - bkmk_class - INFO - INSERT INTO bkmks (title, comment, link, k1, k2, k3) VALUES (%s, %s, %s, %s, %s, %s)
2021-08-22T13:04:24.382740+0100 - bkmk_class - INFO - INSERT INTO bkmks (title, comment, link, k1, k2, k3) VALUES (%s, %s, %s, %s, %s, %s)
2021-08-25T16:14:41.332285+0100 - bkmk_class - INFO -  SELECT * FROM bkmks WHERE MATCH(title, comment, link, k1, k2, k3) AGAINST ('python' IN NATURAL LANGUAGE MODE)
2021-08-25T16:14:41.332285+0100 - bkmk_class - INFO -  SELECT * FROM bkmks WHERE MATCH(title, comment, link, k1, k2, k3) AGAINST ('python' IN NATURAL LANGUAGE MODE)
2021-08-27T02:08:14.987291+0100 - bkmk_class - INFO - ['Sed Documentation', 'Documentation for Sed. A bit sparse', 'https://www.gnu.org/software/sed/manual/sed.html#sed-commands-list', 'sed', 'documentation', 'text']
2021-08-27T02:08:14.987291+0100 - bkmk_class - INFO - ['Sed Documentation', 'Documentation for Sed. A bit sparse', 'https://www.gnu.org/software/sed/manual/sed.html#sed-commands-list', 'sed', 'documentation', 'text']
2021-08-27T02:08:14.991338+0100 - bkmk_class - INFO - INSERT INTO bkmks (title, comment, link, k1, k2, k3) VALUES (%s, %s, %s, %s, %s, %s)
2021-08-27T02:08:14.991338+0100 - bkmk_class - INFO - INSERT INTO bkmks (title, comment, link, k1, k2, k3) VALUES (%s, %s, %s, %s, %s, %s)
2021-08-27T16:57:01.927575+0100 - bkmk_class - INFO - ['What characters to escape in Sed', 'Characters that need escaping in Sed', 'https://tinyurl.com/y49uo42g', 'sed', 'escaping', 'text']
2021-08-27T16:57:01.927575+0100 - bkmk_class - INFO - ['What characters to escape in Sed', 'Characters that need escaping in Sed', 'https://tinyurl.com/y49uo42g', 'sed', 'escaping', 'text']
2021-08-27T16:57:01.930923+0100 - bkmk_class - INFO - INSERT INTO bkmks (title, comment, link, k1, k2, k3) VALUES (%s, %s, %s, %s, %s, %s)
2021-08-27T16:57:01.930923+0100 - bkmk_class - INFO - INSERT INTO bkmks (title, comment, link, k1, k2, k3) VALUES (%s, %s, %s, %s, %s, %s)
2021-08-27T20:21:10.332178+0100 - bkmk_class - INFO - ['Loop through file in Bash', 'How to use a loop in Bash', 'https://codefather.tech/blog/bash-loop-through-lines-file/', 'bash', 'script', 'loop']
2021-08-27T20:21:10.332178+0100 - bkmk_class - INFO - ['Loop through file in Bash', 'How to use a loop in Bash', 'https://codefather.tech/blog/bash-loop-through-lines-file/', 'bash', 'script', 'loop']
2021-08-27T20:21:10.335874+0100 - bkmk_class - INFO - INSERT INTO bkmks (title, comment, link, k1, k2, k3) VALUES (%s, %s, %s, %s, %s, %s)
2021-08-27T20:21:10.335874+0100 - bkmk_class - INFO - INSERT INTO bkmks (title, comment, link, k1, k2, k3) VALUES (%s, %s, %s, %s, %s, %s)
2021-08-27T20:22:06.417219+0100 - bkmk_class - INFO -  SELECT * FROM bkmks 
2021-08-27T20:22:06.417219+0100 - bkmk_class - INFO -  SELECT * FROM bkmks 
2021-08-27T20:23:14.020003+0100 - bkmk_class - INFO - ['50 Sed Commands', 'Commands for Sed', 'https://linuxhint.com/50_sed_command_examples/#s9', 'sed', 'bash', 'scripts']
2021-08-27T20:23:14.020003+0100 - bkmk_class - INFO - ['50 Sed Commands', 'Commands for Sed', 'https://linuxhint.com/50_sed_command_examples/#s9', 'sed', 'bash', 'scripts']
2021-08-27T20:23:14.023495+0100 - bkmk_class - INFO - INSERT INTO bkmks (title, comment, link, k1, k2, k3) VALUES (%s, %s, %s, %s, %s, %s)
2021-08-27T20:23:14.023495+0100 - bkmk_class - INFO - INSERT INTO bkmks (title, comment, link, k1, k2, k3) VALUES (%s, %s, %s, %s, %s, %s)
2021-08-28T04:51:47.492108+0100 - bkmk_class - INFO -  SELECT * FROM bkmks 
2021-08-28T04:51:47.492108+0100 - bkmk_class - INFO -  SELECT * FROM bkmks 
2021-08-28T05:16:06.730389+0100 - bkmk_class - INFO - ['Grep, Awk and Sed', 'Intro to the three tools', 'https://tinyurl.com/yby62ljv', 'grep', 'awk', 'sed']
2021-08-28T05:16:06.730389+0100 - bkmk_class - INFO - ['Grep, Awk and Sed', 'Intro to the three tools', 'https://tinyurl.com/yby62ljv', 'grep', 'awk', 'sed']
2021-08-28T05:16:06.734292+0100 - bkmk_class - INFO - INSERT INTO bkmks (title, comment, link, k1, k2, k3) VALUES (%s, %s, %s, %s, %s, %s)
2021-08-28T05:16:06.734292+0100 - bkmk_class - INFO - INSERT INTO bkmks (title, comment, link, k1, k2, k3) VALUES (%s, %s, %s, %s, %s, %s)
2021-08-28T10:39:14.738879+0100 - bkmk_class - INFO -  SELECT * FROM bkmks 
2021-08-28T10:39:14.738879+0100 - bkmk_class - INFO -  SELECT * FROM bkmks 
2021-08-28T16:02:16.268491+0100 - bkmk_class - INFO - ['Sed Documentation', "GNU's Sed documentation", 'https://www.gnu.org/software/sed/manual/html_node/', 'sed', 'bash', 'text']
2021-08-28T16:02:16.268491+0100 - bkmk_class - INFO - ['Sed Documentation', "GNU's Sed documentation", 'https://www.gnu.org/software/sed/manual/html_node/', 'sed', 'bash', 'text']
2021-08-28T16:02:16.272519+0100 - bkmk_class - INFO - INSERT INTO bkmks (title, comment, link, k1, k2, k3) VALUES (%s, %s, %s, %s, %s, %s)
2021-08-28T16:02:16.272519+0100 - bkmk_class - INFO - INSERT INTO bkmks (title, comment, link, k1, k2, k3) VALUES (%s, %s, %s, %s, %s, %s)
2021-08-28T16:07:24.478746+0100 - bkmk_class - INFO - ['Regex101', 'Online Regex editor with some internesting features', 'https://regex101.com', 'regex', 'sed', 'bash']
2021-08-28T16:07:24.478746+0100 - bkmk_class - INFO - ['Regex101', 'Online Regex editor with some internesting features', 'https://regex101.com', 'regex', 'sed', 'bash']
2021-08-28T16:07:24.482609+0100 - bkmk_class - INFO - INSERT INTO bkmks (title, comment, link, k1, k2, k3) VALUES (%s, %s, %s, %s, %s, %s)
2021-08-28T16:07:24.482609+0100 - bkmk_class - INFO - INSERT INTO bkmks (title, comment, link, k1, k2, k3) VALUES (%s, %s, %s, %s, %s, %s)
2021-08-28T16:13:03.409043+0100 - bkmk_class - INFO - ['One Liners for Sed', "GNU's collection of Sed short scripts", 'http://sed.sourceforge.net/sed1line.txt', 'sed', 'bash', 'text']
2021-08-28T16:13:03.409043+0100 - bkmk_class - INFO - ['One Liners for Sed', "GNU's collection of Sed short scripts", 'http://sed.sourceforge.net/sed1line.txt', 'sed', 'bash', 'text']
2021-08-28T16:13:03.413068+0100 - bkmk_class - INFO - INSERT INTO bkmks (title, comment, link, k1, k2, k3) VALUES (%s, %s, %s, %s, %s, %s)
2021-08-28T16:13:03.413068+0100 - bkmk_class - INFO - INSERT INTO bkmks (title, comment, link, k1, k2, k3) VALUES (%s, %s, %s, %s, %s, %s)
2021-08-28T16:15:35.120530+0100 - bkmk_class - INFO - ['Sed Cheatsheet', 'A cheatsheet for Sed', 'https://anaturb.net/sed.htm', 'sed', 'cheatsheet', 'bash']
2021-08-28T16:15:35.120530+0100 - bkmk_class - INFO - ['Sed Cheatsheet', 'A cheatsheet for Sed', 'https://anaturb.net/sed.htm', 'sed', 'cheatsheet', 'bash']
2021-08-28T16:15:35.124470+0100 - bkmk_class - INFO - INSERT INTO bkmks (title, comment, link, k1, k2, k3) VALUES (%s, %s, %s, %s, %s, %s)
2021-08-28T16:15:35.124470+0100 - bkmk_class - INFO - INSERT INTO bkmks (title, comment, link, k1, k2, k3) VALUES (%s, %s, %s, %s, %s, %s)
2021-08-28T16:19:32.179831+0100 - bkmk_class - INFO - ['Regular Expressions Tutorial', 'Tutorial on Regexp', 'https://www.grymoire.com/Unix/Regular.html', 'regexp', 'regular expressions', 'sed']
2021-08-28T16:19:32.179831+0100 - bkmk_class - INFO - ['Regular Expressions Tutorial', 'Tutorial on Regexp', 'https://www.grymoire.com/Unix/Regular.html', 'regexp', 'regular expressions', 'sed']
2021-08-28T16:19:32.182796+0100 - bkmk_class - INFO - INSERT INTO bkmks (title, comment, link, k1, k2, k3) VALUES (%s, %s, %s, %s, %s, %s)
2021-08-28T16:19:32.182796+0100 - bkmk_class - INFO - INSERT INTO bkmks (title, comment, link, k1, k2, k3) VALUES (%s, %s, %s, %s, %s, %s)
2021-08-28T21:20:16.660600+0100 - bkmk_class - INFO -  SELECT * FROM bkmks WHERE MATCH(title, comment, link, k1, k2, k3) AGAINST ('scrapy' IN NATURAL LANGUAGE MODE)
2021-08-28T21:20:16.660600+0100 - bkmk_class - INFO -  SELECT * FROM bkmks WHERE MATCH(title, comment, link, k1, k2, k3) AGAINST ('scrapy' IN NATURAL LANGUAGE MODE)
2021-08-28T23:54:28.460764+0100 - bkmk_class - INFO - ['XML Parsing', 'Parsing XML, for such things as svg images', 'http://www2.hawaii.edu/~takebaya/cent110/xml_parse/xml_parse.html', 'xml', 'beautiful sopup', 'BeautifulSoup']
2021-08-28T23:54:28.460764+0100 - bkmk_class - INFO - ['XML Parsing', 'Parsing XML, for such things as svg images', 'http://www2.hawaii.edu/~takebaya/cent110/xml_parse/xml_parse.html', 'xml', 'beautiful sopup', 'BeautifulSoup']
2021-08-28T23:54:28.464252+0100 - bkmk_class - INFO - INSERT INTO bkmks (title, comment, link, k1, k2, k3) VALUES (%s, %s, %s, %s, %s, %s)
2021-08-28T23:54:28.464252+0100 - bkmk_class - INFO - INSERT INTO bkmks (title, comment, link, k1, k2, k3) VALUES (%s, %s, %s, %s, %s, %s)
2021-08-31T03:20:18.633678+0100 - bkmk_class - INFO -  SELECT * FROM bkmks 
2021-08-31T03:20:18.633678+0100 - bkmk_class - INFO -  SELECT * FROM bkmks 
2021-08-31T03:21:04.484301+0100 - __main__ - ERROR - An error has been caught in function '<module>', process 'MainProcess' (476774), thread 'MainThread' (140007154063168):
Traceback (most recent call last):

> File "/home/mic/python/prompt_toolkit_bkmks/main.py", line 61, in <module>
    sum.update()
    │   └ <function Add.update at 0x7f55f33ff940>
    └ <bkmk_class.Add object at 0x7f55f317a940>

  File "/home/mic/python/prompt_toolkit_bkmks/bkmk_class.py", line 202, in update
    query = "UPDATE bkmks SET " + coluna + " = '" + update + "' WHERE id = " + ident
                                  │                 │                          └ None
                                  │                 └ None
                                  └ 'k3'

TypeError: can only concatenate str (not "NoneType") to str
2021-08-31T03:21:04.484301+0100 - __main__ - ERROR - An error has been caught in function '<module>', process 'MainProcess' (476774), thread 'MainThread' (140007154063168):
Traceback (most recent call last):

> File "/home/mic/python/prompt_toolkit_bkmks/main.py", line 61, in <module>
    sum.update()
    │   └ <function Add.update at 0x7f55f33ff940>
    └ <bkmk_class.Add object at 0x7f55f317a940>

  File "/home/mic/python/prompt_toolkit_bkmks/bkmk_class.py", line 202, in update
    query = "UPDATE bkmks SET " + coluna + " = '" + update + "' WHERE id = " + ident
                                  │                 │                          └ None
                                  │                 └ None
                                  └ 'k3'

TypeError: can only concatenate str (not "NoneType") to str
2021-08-31T03:21:37.676556+0100 - bkmk_class - INFO - UPDATE bkmks SET k3 = 'zsh' WHERE id = 166
2021-08-31T03:21:37.676556+0100 - bkmk_class - INFO - UPDATE bkmks SET k3 = 'zsh' WHERE id = 166
2021-08-31T08:45:00.800607+0100 - bkmk_class - INFO -  SELECT * FROM bkmks WHERE MATCH(title, comment, link, k1, k2, k3) AGAINST ('vim' IN NATURAL LANGUAGE MODE)
2021-08-31T08:45:00.800607+0100 - bkmk_class - INFO -  SELECT * FROM bkmks WHERE MATCH(title, comment, link, k1, k2, k3) AGAINST ('vim' IN NATURAL LANGUAGE MODE)
2021-08-31T11:23:09.311492+0100 - bkmk_class - INFO - ['List of typographical symbols and punctuation marks', 'This is a list of the most common typographical symbols and punctuation marks used with Latin script. ', 'https://tinyurl.com/yztjl74a', 'punctuation', 'symbols', 'typography']
2021-08-31T11:23:09.311492+0100 - bkmk_class - INFO - ['List of typographical symbols and punctuation marks', 'This is a list of the most common typographical symbols and punctuation marks used with Latin script. ', 'https://tinyurl.com/yztjl74a', 'punctuation', 'symbols', 'typography']
2021-08-31T11:23:09.316606+0100 - bkmk_class - INFO - INSERT INTO bkmks (title, comment, link, k1, k2, k3) VALUES (%s, %s, %s, %s, %s, %s)
2021-08-31T11:23:09.316606+0100 - bkmk_class - INFO - INSERT INTO bkmks (title, comment, link, k1, k2, k3) VALUES (%s, %s, %s, %s, %s, %s)
2021-08-31T17:13:28.351233+0100 - bkmk_class - INFO -  SELECT * FROM bkmks WHERE MATCH(title, comment, link, k1, k2, k3) AGAINST ('sed' IN NATURAL LANGUAGE MODE)
2021-08-31T17:13:28.351233+0100 - bkmk_class - INFO -  SELECT * FROM bkmks WHERE MATCH(title, comment, link, k1, k2, k3) AGAINST ('sed' IN NATURAL LANGUAGE MODE)
2021-09-01T15:46:58.123412+0100 - bkmk_class - INFO -  SELECT * FROM bkmks WHERE MATCH(title, comment, link, k1, k2, k3) AGAINST ('Sed' IN NATURAL LANGUAGE MODE)
2021-09-01T15:46:58.123412+0100 - bkmk_class - INFO -  SELECT * FROM bkmks WHERE MATCH(title, comment, link, k1, k2, k3) AGAINST ('Sed' IN NATURAL LANGUAGE MODE)
2021-09-02T11:39:00.502441+0100 - bkmk_class - INFO - ['Project Learn', 'Project based tutorials for web development', 'https://projectlearn.io', 'projectlearn', 'projects', 'tutorial']
2021-09-02T11:39:00.502441+0100 - bkmk_class - INFO - ['Project Learn', 'Project based tutorials for web development', 'https://projectlearn.io', 'projectlearn', 'projects', 'tutorial']
2021-09-02T11:39:00.506918+0100 - bkmk_class - INFO - INSERT INTO bkmks (title, comment, link, k1, k2, k3) VALUES (%s, %s, %s, %s, %s, %s)
2021-09-02T11:39:00.506918+0100 - bkmk_class - INFO - INSERT INTO bkmks (title, comment, link, k1, k2, k3) VALUES (%s, %s, %s, %s, %s, %s)
2021-09-03T22:26:04.158130+0100 - bkmk_class - INFO -  SELECT * FROM bkmks WHERE MATCH(title, comment, link, k1, k2, k3) AGAINST ('files' IN NATURAL LANGUAGE MODE)
2021-09-03T22:26:04.158130+0100 - bkmk_class - INFO -  SELECT * FROM bkmks WHERE MATCH(title, comment, link, k1, k2, k3) AGAINST ('files' IN NATURAL LANGUAGE MODE)
2021-09-03T22:26:43.067782+0100 - bkmk_class - INFO -  SELECT * FROM bkmks WHERE MATCH(title, comment, link, k1, k2, k3) AGAINST ('shell' IN NATURAL LANGUAGE MODE)
2021-09-03T22:26:43.067782+0100 - bkmk_class - INFO -  SELECT * FROM bkmks WHERE MATCH(title, comment, link, k1, k2, k3) AGAINST ('shell' IN NATURAL LANGUAGE MODE)
2021-09-03T22:27:04.995799+0100 - bkmk_class - INFO -  SELECT * FROM bkmks 
2021-09-03T22:27:04.995799+0100 - bkmk_class - INFO -  SELECT * FROM bkmks 
2021-09-04T00:44:23.276575+0100 - bkmk_class - INFO - ['Logo-ls', 'modern ls command with beautiful Icons and Git Integrations .', 'https://github.com/Yash-Handa/logo-ls', 'logo-ls', 'ls', 'files']
2021-09-04T00:44:23.276575+0100 - bkmk_class - INFO - ['Logo-ls', 'modern ls command with beautiful Icons and Git Integrations .', 'https://github.com/Yash-Handa/logo-ls', 'logo-ls', 'ls', 'files']
2021-09-04T00:44:23.282220+0100 - bkmk_class - INFO - INSERT INTO bkmks (title, comment, link, k1, k2, k3) VALUES (%s, %s, %s, %s, %s, %s)
2021-09-04T00:44:23.282220+0100 - bkmk_class - INFO - INSERT INTO bkmks (title, comment, link, k1, k2, k3) VALUES (%s, %s, %s, %s, %s, %s)
2021-09-04T02:25:23.196012+0100 - bkmk_class - INFO -  SELECT * FROM bkmks 
2021-09-04T02:25:23.196012+0100 - bkmk_class - INFO -  SELECT * FROM bkmks 
2021-09-04T18:38:04.310112+0100 - bkmk_class - INFO -  SELECT * FROM bkmks 
2021-09-04T18:38:04.310112+0100 - bkmk_class - INFO -  SELECT * FROM bkmks 
2021-09-04T18:39:19.657325+0100 - bkmk_class - INFO - ['FuzzyWuzzy', 'Fuzzy string matching like a boss. It uses Levenshtein Distance to calculate the differences', 'https://github.com/seatgeek/fuzzywuzzy', 'fuzzywuzzy', 'strings', 'matching']
2021-09-04T18:39:19.657325+0100 - bkmk_class - INFO - ['FuzzyWuzzy', 'Fuzzy string matching like a boss. It uses Levenshtein Distance to calculate the differences', 'https://github.com/seatgeek/fuzzywuzzy', 'fuzzywuzzy', 'strings', 'matching']
2021-09-04T18:39:19.660706+0100 - bkmk_class - INFO - INSERT INTO bkmks (title, comment, link, k1, k2, k3) VALUES (%s, %s, %s, %s, %s, %s)
2021-09-04T18:39:19.660706+0100 - bkmk_class - INFO - INSERT INTO bkmks (title, comment, link, k1, k2, k3) VALUES (%s, %s, %s, %s, %s, %s)
2021-09-04T18:40:35.399658+0100 - bkmk_class - INFO - ['FuzzyWuzzy Tutorial', 'Tutorial on FuzzyWuzzy', 'https://www.datacamp.com/community/tutorials/fuzzy-string-python', 'fuzzywuzzy', 'tutorial', 'strings']
2021-09-04T18:40:35.399658+0100 - bkmk_class - INFO - ['FuzzyWuzzy Tutorial', 'Tutorial on FuzzyWuzzy', 'https://www.datacamp.com/community/tutorials/fuzzy-string-python', 'fuzzywuzzy', 'tutorial', 'strings']
2021-09-04T18:40:35.403068+0100 - bkmk_class - INFO - INSERT INTO bkmks (title, comment, link, k1, k2, k3) VALUES (%s, %s, %s, %s, %s, %s)
2021-09-04T18:40:35.403068+0100 - bkmk_class - INFO - INSERT INTO bkmks (title, comment, link, k1, k2, k3) VALUES (%s, %s, %s, %s, %s, %s)
2021-09-04T20:58:57.782975+0100 - bkmk_class - INFO - ['Clipmenu', 'Clipboard manager that I intend to use as a scratchpad', 'https://github.com/cdown/clipmenu', 'clipmenu', 'clipboard', 'scratchpad']
2021-09-04T20:58:57.782975+0100 - bkmk_class - INFO - ['Clipmenu', 'Clipboard manager that I intend to use as a scratchpad', 'https://github.com/cdown/clipmenu', 'clipmenu', 'clipboard', 'scratchpad']
2021-09-04T20:58:57.787019+0100 - bkmk_class - INFO - INSERT INTO bkmks (title, comment, link, k1, k2, k3) VALUES (%s, %s, %s, %s, %s, %s)
2021-09-04T20:58:57.787019+0100 - bkmk_class - INFO - INSERT INTO bkmks (title, comment, link, k1, k2, k3) VALUES (%s, %s, %s, %s, %s, %s)
2021-09-18T10:52:16.657079+0100 - bkmk_class - INFO - ['Import Python Files From Another Directory', 'Import Python Files From Another Directory', 'https://gist.github.com/MRobertEvers/55a989b4883ea8d7715d2e156627f034', 'python', 'import', 'imports']
2021-09-18T10:52:16.657079+0100 - bkmk_class - INFO - ['Import Python Files From Another Directory', 'Import Python Files From Another Directory', 'https://gist.github.com/MRobertEvers/55a989b4883ea8d7715d2e156627f034', 'python', 'import', 'imports']
2021-09-18T10:52:16.661549+0100 - bkmk_class - INFO - INSERT INTO bkmks (title, comment, link, k1, k2, k3) VALUES (%s, %s, %s, %s, %s, %s)
2021-09-18T10:52:16.661549+0100 - bkmk_class - INFO - INSERT INTO bkmks (title, comment, link, k1, k2, k3) VALUES (%s, %s, %s, %s, %s, %s)
2021-09-18T10:53:27.527018+0100 - bkmk_class - INFO - ['Zettelkasten Method', 'Introduction to the Zettelkasten Method', 'https://zettelkasten.de/introduction/', 'zettelkasten', 'notes', 'note']
2021-09-18T10:53:27.527018+0100 - bkmk_class - INFO - ['Zettelkasten Method', 'Introduction to the Zettelkasten Method', 'https://zettelkasten.de/introduction/', 'zettelkasten', 'notes', 'note']
2021-09-18T10:53:27.530386+0100 - bkmk_class - INFO - INSERT INTO bkmks (title, comment, link, k1, k2, k3) VALUES (%s, %s, %s, %s, %s, %s)
2021-09-18T10:53:27.530386+0100 - bkmk_class - INFO - INSERT INTO bkmks (title, comment, link, k1, k2, k3) VALUES (%s, %s, %s, %s, %s, %s)
2021-09-22T16:54:15.632337+0100 - bkmk_class - INFO -  SELECT * FROM bkmks 
2021-09-22T16:54:15.632337+0100 - bkmk_class - INFO -  SELECT * FROM bkmks 
2021-09-24T17:15:54.209740+0100 - bkmk_class - INFO -  SELECT * FROM bkmks WHERE MATCH(title, comment, link, k1, k2, k3) AGAINST ('books' IN NATURAL LANGUAGE MODE)
2021-09-24T17:15:54.209740+0100 - bkmk_class - INFO -  SELECT * FROM bkmks WHERE MATCH(title, comment, link, k1, k2, k3) AGAINST ('books' IN NATURAL LANGUAGE MODE)
2021-09-28T19:23:24.066663+0100 - bkmk_class - INFO -  SELECT * FROM bkmks WHERE MATCH(title, comment, link, k1, k2, k3) AGAINST ('graph' IN NATURAL LANGUAGE MODE)
2021-09-28T19:23:24.066663+0100 - bkmk_class - INFO -  SELECT * FROM bkmks WHERE MATCH(title, comment, link, k1, k2, k3) AGAINST ('graph' IN NATURAL LANGUAGE MODE)
2021-09-28T19:26:36.519162+0100 - bkmk_class - INFO -  SELECT * FROM bkmks 
2021-09-28T19:26:36.519162+0100 - bkmk_class - INFO -  SELECT * FROM bkmks 
2021-09-29T09:35:24.798669+0100 - bkmk_class - INFO - ['Bat', 'Cat substitute', 'https://www.cyberciti.biz/open-source/bat-linux-command-a-cat-clone-with-written-in-rust/', 'bat', 'cat', 'bash']
2021-09-29T09:35:24.798669+0100 - bkmk_class - INFO - ['Bat', 'Cat substitute', 'https://www.cyberciti.biz/open-source/bat-linux-command-a-cat-clone-with-written-in-rust/', 'bat', 'cat', 'bash']
2021-09-29T09:35:24.802174+0100 - bkmk_class - INFO - INSERT INTO bkmks (title, comment, link, k1, k2, k3) VALUES (%s, %s, %s, %s, %s, %s)
2021-09-29T09:35:24.802174+0100 - bkmk_class - INFO - INSERT INTO bkmks (title, comment, link, k1, k2, k3) VALUES (%s, %s, %s, %s, %s, %s)
2021-09-30T17:55:39.986613+0100 - bkmk_class - INFO -  SELECT * FROM bkmks WHERE MATCH(title, comment, link, k1, k2, k3) AGAINST ('books' IN NATURAL LANGUAGE MODE)
2021-09-30T17:55:39.986613+0100 - bkmk_class - INFO -  SELECT * FROM bkmks WHERE MATCH(title, comment, link, k1, k2, k3) AGAINST ('books' IN NATURAL LANGUAGE MODE)
2021-10-01T14:05:47.328213+0100 - bkmk_class - INFO -  SELECT * FROM bkmks WHERE MATCH(title, comment, link, k1, k2, k3) AGAINST ('books' IN NATURAL LANGUAGE MODE)
2021-10-01T14:05:47.328213+0100 - bkmk_class - INFO -  SELECT * FROM bkmks WHERE MATCH(title, comment, link, k1, k2, k3) AGAINST ('books' IN NATURAL LANGUAGE MODE)
2021-10-02T17:25:50.816302+0100 - bkmk_class - INFO -  SELECT * FROM bkmks WHERE MATCH(title, comment, link, k1, k2, k3) AGAINST ('books' IN NATURAL LANGUAGE MODE)
2021-10-02T17:25:50.816302+0100 - bkmk_class - INFO -  SELECT * FROM bkmks WHERE MATCH(title, comment, link, k1, k2, k3) AGAINST ('books' IN NATURAL LANGUAGE MODE)
2021-10-02T19:14:56.556055+0100 - bkmk_class - INFO -  SELECT * FROM bkmks WHERE MATCH(title, comment, link, k1, k2, k3) AGAINST ('books' IN NATURAL LANGUAGE MODE)
2021-10-02T19:14:56.556055+0100 - bkmk_class - INFO -  SELECT * FROM bkmks WHERE MATCH(title, comment, link, k1, k2, k3) AGAINST ('books' IN NATURAL LANGUAGE MODE)
2021-10-15T14:46:00.059616+0100 - bkmk_class - INFO -  SELECT * FROM bkmks WHERE MATCH(title, comment, link, k1, k2, k3) AGAINST ('books' IN NATURAL LANGUAGE MODE)
2021-10-15T14:46:00.059616+0100 - bkmk_class - INFO -  SELECT * FROM bkmks WHERE MATCH(title, comment, link, k1, k2, k3) AGAINST ('books' IN NATURAL LANGUAGE MODE)
2021-10-22T00:42:12.664310+0100 - bkmk_class - INFO - ['Deploy Ruby App in Linux Server', 'How to deploy a ruby site', 'https://tinyurl.com/ygbbasyt', 'ruby', 'rails', 'servers']
2021-10-22T00:42:12.664310+0100 - bkmk_class - INFO - ['Deploy Ruby App in Linux Server', 'How to deploy a ruby site', 'https://tinyurl.com/ygbbasyt', 'ruby', 'rails', 'servers']
2021-10-22T00:42:12.670025+0100 - bkmk_class - INFO - INSERT INTO bkmks (title, comment, link, k1, k2, k3) VALUES (%s, %s, %s, %s, %s, %s)
2021-10-22T00:42:12.670025+0100 - bkmk_class - INFO - INSERT INTO bkmks (title, comment, link, k1, k2, k3) VALUES (%s, %s, %s, %s, %s, %s)
2021-10-22T12:38:44.532231+0100 - bkmk_class - INFO -  SELECT * FROM bkmks WHERE MATCH(title, comment, link, k1, k2, k3) AGAINST ('books' IN NATURAL LANGUAGE MODE)
2021-10-22T12:38:44.532231+0100 - bkmk_class - INFO -  SELECT * FROM bkmks WHERE MATCH(title, comment, link, k1, k2, k3) AGAINST ('books' IN NATURAL LANGUAGE MODE)
2021-10-22T12:46:52.573367+0100 - bkmk_class - INFO -  SELECT * FROM bkmks WHERE MATCH(title, comment, link, k1, k2, k3) AGAINST ('books' IN NATURAL LANGUAGE MODE)
2021-10-22T12:46:52.573367+0100 - bkmk_class - INFO -  SELECT * FROM bkmks WHERE MATCH(title, comment, link, k1, k2, k3) AGAINST ('books' IN NATURAL LANGUAGE MODE)
2021-10-22T17:52:32.750738+0100 - bkmk_class - INFO - ['LocalTunnel', 'Allows outside access at localhost environment', 'https://localtunnel.github.io/www/', 'localtunnel', 'tunnel', 'localhost']
2021-10-22T17:52:32.750738+0100 - bkmk_class - INFO - ['LocalTunnel', 'Allows outside access at localhost environment', 'https://localtunnel.github.io/www/', 'localtunnel', 'tunnel', 'localhost']
2021-10-22T17:52:32.754173+0100 - bkmk_class - INFO - INSERT INTO bkmks (title, comment, link, k1, k2, k3) VALUES (%s, %s, %s, %s, %s, %s)
2021-10-22T17:52:32.754173+0100 - bkmk_class - INFO - INSERT INTO bkmks (title, comment, link, k1, k2, k3) VALUES (%s, %s, %s, %s, %s, %s)
2021-10-23T00:34:59.047049+0100 - bkmk_class - INFO - ['Sqlitebiter', "Cli tool to turn tabular files in sqlite db's", 'https://sqlitebiter.readthedocs.io/en/latest/pages/usage/file/index.html', 'sqlitebiter', 'sqlite', 'csv']
2021-10-23T00:34:59.047049+0100 - bkmk_class - INFO - ['Sqlitebiter', "Cli tool to turn tabular files in sqlite db's", 'https://sqlitebiter.readthedocs.io/en/latest/pages/usage/file/index.html', 'sqlitebiter', 'sqlite', 'csv']
2021-10-23T00:34:59.052355+0100 - bkmk_class - INFO - INSERT INTO bkmks (title, comment, link, k1, k2, k3) VALUES (%s, %s, %s, %s, %s, %s)
2021-10-23T00:34:59.052355+0100 - bkmk_class - INFO - INSERT INTO bkmks (title, comment, link, k1, k2, k3) VALUES (%s, %s, %s, %s, %s, %s)
2021-10-23T10:33:52.796969+0100 - bkmk_class - INFO - ['Boxes', 'Easier way to access dictionary elements', 'https://github.com/cdgriffith/Box', 'boxes', 'dictionaries', 'python']
2021-10-23T10:33:52.796969+0100 - bkmk_class - INFO - ['Boxes', 'Easier way to access dictionary elements', 'https://github.com/cdgriffith/Box', 'boxes', 'dictionaries', 'python']
2021-10-23T10:33:52.800324+0100 - bkmk_class - INFO - INSERT INTO bkmks (title, comment, link, k1, k2, k3) VALUES (%s, %s, %s, %s, %s, %s)
2021-10-23T10:33:52.800324+0100 - bkmk_class - INFO - INSERT INTO bkmks (title, comment, link, k1, k2, k3) VALUES (%s, %s, %s, %s, %s, %s)
2021-10-23T11:40:13.567479+0100 - bkmk_class - INFO - ['Pysnooper', 'Soft Debugging', 'https://github.com/cool-RR/PySnooper', 'pysnooper', 'python', 'debug']
2021-10-23T11:40:13.567479+0100 - bkmk_class - INFO - ['Pysnooper', 'Soft Debugging', 'https://github.com/cool-RR/PySnooper', 'pysnooper', 'python', 'debug']
2021-10-23T11:40:13.570952+0100 - bkmk_class - INFO - INSERT INTO bkmks (title, comment, link, k1, k2, k3) VALUES (%s, %s, %s, %s, %s, %s)
2021-10-23T11:40:13.570952+0100 - bkmk_class - INFO - INSERT INTO bkmks (title, comment, link, k1, k2, k3) VALUES (%s, %s, %s, %s, %s, %s)
2021-10-23T11:50:02.694542+0100 - bkmk_class - INFO -  SELECT * FROM bkmks 
2021-10-23T11:50:02.694542+0100 - bkmk_class - INFO -  SELECT * FROM bkmks 
2021-10-23T13:34:28.758793+0100 - bkmk_class - INFO - ['Selenium', 'Browser Automation Tool', 'https://www.selenium.dev/documentation/', 'selenium', 'browser', 'automation']
2021-10-23T13:34:28.758793+0100 - bkmk_class - INFO - ['Selenium', 'Browser Automation Tool', 'https://www.selenium.dev/documentation/', 'selenium', 'browser', 'automation']
2021-10-23T13:34:28.762352+0100 - bkmk_class - INFO - INSERT INTO bkmks (title, comment, link, k1, k2, k3) VALUES (%s, %s, %s, %s, %s, %s)
2021-10-23T13:34:28.762352+0100 - bkmk_class - INFO - INSERT INTO bkmks (title, comment, link, k1, k2, k3) VALUES (%s, %s, %s, %s, %s, %s)
2021-10-23T14:56:37.755122+0100 - bkmk_class - INFO - ['Cli Helpers', 'Cli library about tabular data', 'https://github.com/dbcli/cli_helpers', 'cli_helpers', 'python', 'tables']
2021-10-23T14:56:37.755122+0100 - bkmk_class - INFO - ['Cli Helpers', 'Cli library about tabular data', 'https://github.com/dbcli/cli_helpers', 'cli_helpers', 'python', 'tables']
2021-10-23T14:56:37.759082+0100 - bkmk_class - INFO - INSERT INTO bkmks (title, comment, link, k1, k2, k3) VALUES (%s, %s, %s, %s, %s, %s)
2021-10-23T14:56:37.759082+0100 - bkmk_class - INFO - INSERT INTO bkmks (title, comment, link, k1, k2, k3) VALUES (%s, %s, %s, %s, %s, %s)
2021-10-23T16:15:40.235838+0100 - bkmk_class - INFO -  SELECT * FROM bkmks WHERE MATCH(title, comment, link, k1, k2, k3) AGAINST ('books' IN NATURAL LANGUAGE MODE)
2021-10-23T16:15:40.235838+0100 - bkmk_class - INFO -  SELECT * FROM bkmks WHERE MATCH(title, comment, link, k1, k2, k3) AGAINST ('books' IN NATURAL LANGUAGE MODE)
2021-10-23T21:40:18.847497+0100 - bkmk_class - INFO -  SELECT * FROM bkmks 
2021-10-23T21:40:18.847497+0100 - bkmk_class - INFO -  SELECT * FROM bkmks 
2021-10-24T10:09:10.017269+0100 - bkmk_class - INFO - ['Flask Now', 'Automates folder creation in Flask projects', 'https://github.com/ozanonurtek/flask-now', 'flask', 'flask now', 'bootstrap']
2021-10-24T10:09:10.017269+0100 - bkmk_class - INFO - ['Flask Now', 'Automates folder creation in Flask projects', 'https://github.com/ozanonurtek/flask-now', 'flask', 'flask now', 'bootstrap']
2021-10-24T10:09:10.020716+0100 - bkmk_class - INFO - INSERT INTO bkmks (title, comment, link, k1, k2, k3) VALUES (%s, %s, %s, %s, %s, %s)
2021-10-24T10:09:10.020716+0100 - bkmk_class - INFO - INSERT INTO bkmks (title, comment, link, k1, k2, k3) VALUES (%s, %s, %s, %s, %s, %s)
2021-10-24T21:25:58.143122+0100 - __main__ - ERROR - An error has been caught in function '<module>', process 'MainProcess' (267802), thread 'MainThread' (140498688845632):
Traceback (most recent call last):

> File "/home/mic/python/prompt_toolkit_bkmks/main.py", line 59, in <module>
    sum.search()
    │   └ <function Add.search at 0x7fc865046670>
    └ <bkmk_class.Add object at 0x7fc864dab190>

  File "/home/mic/python/prompt_toolkit_bkmks/bkmk_class.py", line 157, in search
    " SELECT * FROM bkmks WHERE MATCH(title, comment, link, k1, k2, k3) AGAINST ('"

TypeError: can only concatenate str (not "NoneType") to str
2021-10-24T21:25:58.143122+0100 - __main__ - ERROR - An error has been caught in function '<module>', process 'MainProcess' (267802), thread 'MainThread' (140498688845632):
Traceback (most recent call last):

> File "/home/mic/python/prompt_toolkit_bkmks/main.py", line 59, in <module>
    sum.search()
    │   └ <function Add.search at 0x7fc865046670>
    └ <bkmk_class.Add object at 0x7fc864dab190>

  File "/home/mic/python/prompt_toolkit_bkmks/bkmk_class.py", line 157, in search
    " SELECT * FROM bkmks WHERE MATCH(title, comment, link, k1, k2, k3) AGAINST ('"

TypeError: can only concatenate str (not "NoneType") to str
2021-10-24T21:26:06.347416+0100 - bkmk_class - INFO -  SELECT * FROM bkmks 
2021-10-24T21:26:06.347416+0100 - bkmk_class - INFO -  SELECT * FROM bkmks 
2021-10-25T15:44:24.386539+0100 - bkmk_class - INFO -  SELECT * FROM bkmks 
2021-10-25T15:44:24.386539+0100 - bkmk_class - INFO -  SELECT * FROM bkmks 
2021-10-25T20:17:20.714055+0100 - bkmk_class - INFO -  SELECT * FROM bkmks 
2021-10-25T20:17:20.714055+0100 - bkmk_class - INFO -  SELECT * FROM bkmks 
2021-10-26T00:15:54.913876+0100 - __main__ - ERROR - An error has been caught in function '<module>', process 'MainProcess' (422929), thread 'MainThread' (140378982209344):
Traceback (most recent call last):

> File "/home/mic/python/prompt_toolkit_bkmks/main.py", line 59, in <module>
    sum.search()
    │   └ <function Add.search at 0x7fac85f22670>
    └ <bkmk_class.Add object at 0x7fac85d88820>

  File "/home/mic/python/prompt_toolkit_bkmks/bkmk_class.py", line 157, in search
    " SELECT * FROM bkmks WHERE MATCH(title, comment, link, k1, k2, k3) AGAINST ('"

TypeError: can only concatenate str (not "NoneType") to str
2021-10-26T00:15:54.913876+0100 - __main__ - ERROR - An error has been caught in function '<module>', process 'MainProcess' (422929), thread 'MainThread' (140378982209344):
Traceback (most recent call last):

> File "/home/mic/python/prompt_toolkit_bkmks/main.py", line 59, in <module>
    sum.search()
    │   └ <function Add.search at 0x7fac85f22670>
    └ <bkmk_class.Add object at 0x7fac85d88820>

  File "/home/mic/python/prompt_toolkit_bkmks/bkmk_class.py", line 157, in search
    " SELECT * FROM bkmks WHERE MATCH(title, comment, link, k1, k2, k3) AGAINST ('"

TypeError: can only concatenate str (not "NoneType") to str
2021-10-26T00:15:59.254681+0100 - bkmk_class - INFO -  SELECT * FROM bkmks 
2021-10-26T00:15:59.254681+0100 - bkmk_class - INFO -  SELECT * FROM bkmks 
2021-10-26T08:32:03.119937+0100 - bkmk_class - INFO - ['Add search to Hugo static sites with Lunr', 'Trying to put search in a blog', 'https://victoria.dev/blog/add-search-to-hugo-static-sites-with-lunr/#full-code-for-searchjs', 'lunr', 'search', 'blog']
2021-10-26T08:32:03.119937+0100 - bkmk_class - INFO - ['Add search to Hugo static sites with Lunr', 'Trying to put search in a blog', 'https://victoria.dev/blog/add-search-to-hugo-static-sites-with-lunr/#full-code-for-searchjs', 'lunr', 'search', 'blog']
2021-10-26T08:32:03.123785+0100 - bkmk_class - INFO - INSERT INTO bkmks (title, comment, link, k1, k2, k3) VALUES (%s, %s, %s, %s, %s, %s)
2021-10-26T08:32:03.123785+0100 - bkmk_class - INFO - INSERT INTO bkmks (title, comment, link, k1, k2, k3) VALUES (%s, %s, %s, %s, %s, %s)
2021-10-26T12:51:01.356793+0100 - bkmk_class - INFO - ['SQLAlchemy Tutorial', 'Tutorial sobre sqlalchemy que me parece bom.', 'https://tinyurl.com/yfby59kn', 'sqlalchemy', 'orm', 'mysql']
2021-10-26T12:51:01.356793+0100 - bkmk_class - INFO - ['SQLAlchemy Tutorial', 'Tutorial sobre sqlalchemy que me parece bom.', 'https://tinyurl.com/yfby59kn', 'sqlalchemy', 'orm', 'mysql']
2021-10-26T12:51:01.360132+0100 - bkmk_class - INFO - INSERT INTO bkmks (title, comment, link, k1, k2, k3) VALUES (%s, %s, %s, %s, %s, %s)
2021-10-26T12:51:01.360132+0100 - bkmk_class - INFO - INSERT INTO bkmks (title, comment, link, k1, k2, k3) VALUES (%s, %s, %s, %s, %s, %s)
2021-10-26T14:55:46.023632+0100 - bkmk_class - INFO -  SELECT * FROM bkmks 
2021-10-26T14:55:46.023632+0100 - bkmk_class - INFO -  SELECT * FROM bkmks 
2021-10-26T15:04:00.921877+0100 - bkmk_class - INFO -  SELECT * FROM bkmks WHERE MATCH(title, comment, link, k1, k2, k3) AGAINST ('flake8' IN NATURAL LANGUAGE MODE)
2021-10-26T15:04:00.921877+0100 - bkmk_class - INFO -  SELECT * FROM bkmks WHERE MATCH(title, comment, link, k1, k2, k3) AGAINST ('flake8' IN NATURAL LANGUAGE MODE)
2021-10-26T20:32:12.702224+0100 - bkmk_class - INFO -  SELECT * FROM bkmks 
2021-10-26T20:32:12.702224+0100 - bkmk_class - INFO -  SELECT * FROM bkmks 
2021-10-27T13:24:27.090800+0100 - bkmk_class - INFO - ['Pixlet', 'Apontador de sites de noticias de tech', 'https://www.pxlet.com', 'pixlet', 'news', 'aggregator']
2021-10-27T13:24:27.090800+0100 - bkmk_class - INFO - ['Pixlet', 'Apontador de sites de noticias de tech', 'https://www.pxlet.com', 'pixlet', 'news', 'aggregator']
2021-10-27T13:24:27.094867+0100 - bkmk_class - INFO - INSERT INTO bkmks (title, comment, link, k1, k2, k3) VALUES (%s, %s, %s, %s, %s, %s)
2021-10-27T13:24:27.094867+0100 - bkmk_class - INFO - INSERT INTO bkmks (title, comment, link, k1, k2, k3) VALUES (%s, %s, %s, %s, %s, %s)
2021-10-27T22:40:59.282167+0100 - bkmk_class - INFO -  SELECT * FROM bkmks WHERE MATCH(title, comment, link, k1, k2, k3) AGAINST ('punctuation' IN NATURAL LANGUAGE MODE)
2021-10-27T22:40:59.282167+0100 - bkmk_class - INFO -  SELECT * FROM bkmks WHERE MATCH(title, comment, link, k1, k2, k3) AGAINST ('punctuation' IN NATURAL LANGUAGE MODE)
