2021-10-26T18:54:28.207117+0100 - __main__ - INFO - AutoExpect.md
2021-10-26T18:54:28.207272+0100 - __main__ - INFO - /srv/http/bkmks_fotos/md_files/AutoExpect.md
2021-10-26T18:54:28.207460+0100 - __main__ - INFO - A_brief_introduction_to_GPG_.md
2021-10-26T18:54:28.207552+0100 - __main__ - INFO - /srv/http/bkmks_fotos/md_files/A_brief_introduction_to_GPG_.md
2021-10-26T18:54:28.207711+0100 - __main__ - INFO - How_to_configure_Backblaze_B2_with_Duplicity_on_Linux.md
2021-10-26T18:54:28.207799+0100 - __main__ - INFO - /srv/http/bkmks_fotos/md_files/How_to_configure_Backblaze_B2_with_Duplicity_on_Linux.md
2021-10-26T18:54:28.207942+0100 - __main__ - INFO - Crontab_Guru.md
2021-10-26T18:54:28.208016+0100 - __main__ - INFO - /srv/http/bkmks_fotos/md_files/Crontab_Guru.md
2021-10-26T18:54:28.208156+0100 - __main__ - INFO - Append_Current_Date_To_Filename_in_Bash_Shell.md
2021-10-26T18:54:28.208228+0100 - __main__ - INFO - /srv/http/bkmks_fotos/md_files/Append_Current_Date_To_Filename_in_Bash_Shell.md
2021-10-26T18:54:28.208349+0100 - __main__ - INFO - Easy_Incremental_Backups_With_Tar.md
2021-10-26T18:54:28.208421+0100 - __main__ - INFO - /srv/http/bkmks_fotos/md_files/Easy_Incremental_Backups_With_Tar.md
2021-10-26T18:54:28.208532+0100 - __main__ - INFO - Automated_Clonezilla_BackupRestore.md
2021-10-26T18:54:28.208615+0100 - __main__ - INFO - /srv/http/bkmks_fotos/md_files/Automated_Clonezilla_BackupRestore.md
2021-10-26T18:54:28.208749+0100 - __main__ - INFO - Trending_vim_color_schemes.md
2021-10-26T18:54:28.208831+0100 - __main__ - INFO - /srv/http/bkmks_fotos/md_files/Trending_vim_color_schemes.md
2021-10-26T18:54:28.208964+0100 - __main__ - INFO - ASCII_Generator.md
2021-10-26T18:54:28.209033+0100 - __main__ - INFO - /srv/http/bkmks_fotos/md_files/ASCII_Generator.md
2021-10-26T18:54:28.209141+0100 - __main__ - INFO - ButterBlog.md
2021-10-26T18:54:28.209209+0100 - __main__ - INFO - /srv/http/bkmks_fotos/md_files/ButterBlog.md
2021-10-26T18:54:28.209318+0100 - __main__ - INFO - Short_URL.md
2021-10-26T18:54:28.209386+0100 - __main__ - INFO - /srv/http/bkmks_fotos/md_files/Short_URL.md
2021-10-26T18:54:28.209494+0100 - __main__ - INFO - Clonezilla_documentation.md
2021-10-26T18:54:28.209562+0100 - __main__ - INFO - /srv/http/bkmks_fotos/md_files/Clonezilla_documentation.md
2021-10-26T18:54:28.209670+0100 - __main__ - INFO - Good_Python_SQLite3_Tutorial.md
2021-10-26T18:54:28.209738+0100 - __main__ - INFO - /srv/http/bkmks_fotos/md_files/Good_Python_SQLite3_Tutorial.md
2021-10-26T18:54:28.209846+0100 - __main__ - INFO - SQLite_Tutorial.md
2021-10-26T18:54:28.209914+0100 - __main__ - INFO - /srv/http/bkmks_fotos/md_files/SQLite_Tutorial.md
2021-10-26T18:54:28.210020+0100 - __main__ - INFO - Snap_Store.md
2021-10-26T18:54:28.210088+0100 - __main__ - INFO - /srv/http/bkmks_fotos/md_files/Snap_Store.md
2021-10-26T18:54:28.210196+0100 - __main__ - INFO - Deezer.md
2021-10-26T18:54:28.210263+0100 - __main__ - INFO - /srv/http/bkmks_fotos/md_files/Deezer.md
2021-10-26T18:54:28.210370+0100 - __main__ - INFO - See_glyphs_in_font.md
2021-10-26T18:54:28.210438+0100 - __main__ - INFO - /srv/http/bkmks_fotos/md_files/See_glyphs_in_font.md
2021-10-26T18:54:28.210573+0100 - __main__ - INFO - Machine_Learning_from_Scratch.md
2021-10-26T18:54:28.210641+0100 - __main__ - INFO - /srv/http/bkmks_fotos/md_files/Machine_Learning_from_Scratch.md
2021-10-26T18:54:28.210747+0100 - __main__ - INFO - Sci-Hub.md
2021-10-26T18:54:28.210815+0100 - __main__ - INFO - /srv/http/bkmks_fotos/md_files/Sci-Hub.md
2021-10-26T18:54:28.210921+0100 - __main__ - INFO - Library_Genesis.md
2021-10-26T18:54:28.210988+0100 - __main__ - INFO - /srv/http/bkmks_fotos/md_files/Library_Genesis.md
2021-10-26T18:54:28.211096+0100 - __main__ - INFO - ManyBooks.md
2021-10-26T18:54:28.211163+0100 - __main__ - INFO - /srv/http/bkmks_fotos/md_files/ManyBooks.md
2021-10-26T18:54:28.211269+0100 - __main__ - INFO - Zlibrary.md
2021-10-26T18:54:28.211336+0100 - __main__ - INFO - /srv/http/bkmks_fotos/md_files/Zlibrary.md
2021-10-26T18:54:28.211483+0100 - __main__ - INFO - Tresorit_Cli.md
2021-10-26T18:54:28.211557+0100 - __main__ - INFO - /srv/http/bkmks_fotos/md_files/Tresorit_Cli.md
2021-10-26T18:54:28.211667+0100 - __main__ - INFO - Dive_Into_Deep_Learning.md
2021-10-26T18:54:28.211736+0100 - __main__ - INFO - /srv/http/bkmks_fotos/md_files/Dive_Into_Deep_Learning.md
2021-10-26T18:54:28.211860+0100 - __main__ - INFO - Numpy_Quick_Start.md
2021-10-26T18:54:28.211941+0100 - __main__ - INFO - /srv/http/bkmks_fotos/md_files/Numpy_Quick_Start.md
2021-10-26T18:54:28.212048+0100 - __main__ - INFO - Bitly_URL_Shortener.md
2021-10-26T18:54:28.212115+0100 - __main__ - INFO - /srv/http/bkmks_fotos/md_files/Bitly_URL_Shortener.md
2021-10-26T18:54:28.212225+0100 - __main__ - INFO - Python_Data_Science_Handbook_Online.md
2021-10-26T18:54:28.212294+0100 - __main__ - INFO - /srv/http/bkmks_fotos/md_files/Python_Data_Science_Handbook_Online.md
2021-10-26T18:54:28.212401+0100 - __main__ - INFO - Numpy_Exercises_Python.md
2021-10-26T18:54:28.212470+0100 - __main__ - INFO - /srv/http/bkmks_fotos/md_files/Numpy_Exercises_Python.md
2021-10-26T18:54:28.212578+0100 - __main__ - INFO - O_meu_ficheiro_no_Colab.md
2021-10-26T18:54:28.212646+0100 - __main__ - INFO - /srv/http/bkmks_fotos/md_files/O_meu_ficheiro_no_Colab.md
2021-10-26T18:54:28.212754+0100 - __main__ - INFO - Intro_to_Machine_Learning.md
2021-10-26T18:54:28.212822+0100 - __main__ - INFO - /srv/http/bkmks_fotos/md_files/Intro_to_Machine_Learning.md
2021-10-26T18:54:28.212935+0100 - __main__ - INFO - Numpy_Quick_Start.md
2021-10-26T18:54:28.213003+0100 - __main__ - INFO - /srv/http/bkmks_fotos/md_files/Numpy_Quick_Start.md
2021-10-26T18:54:28.213147+0100 - __main__ - INFO - Questionary.md
2021-10-26T18:54:28.213219+0100 - __main__ - INFO - /srv/http/bkmks_fotos/md_files/Questionary.md
2021-10-26T18:54:28.213375+0100 - __main__ - INFO - Questionnaire.md
2021-10-26T18:54:28.213444+0100 - __main__ - INFO - /srv/http/bkmks_fotos/md_files/Questionnaire.md
2021-10-26T18:54:28.213554+0100 - __main__ - INFO - Keybindings_in_ZSH.md
2021-10-26T18:54:28.213657+0100 - __main__ - INFO - /srv/http/bkmks_fotos/md_files/Keybindings_in_ZSH.md
2021-10-26T18:54:28.213803+0100 - __main__ - INFO - Normalization_Techniques_in_Python_Using_NumPy.md
2021-10-26T18:54:28.213872+0100 - __main__ - INFO - /srv/http/bkmks_fotos/md_files/Normalization_Techniques_in_Python_Using_NumPy.md
2021-10-26T18:54:28.213981+0100 - __main__ - INFO - Router_MEO.md
2021-10-26T18:54:28.214050+0100 - __main__ - INFO - /srv/http/bkmks_fotos/md_files/Router_MEO.md
2021-10-26T18:54:28.214158+0100 - __main__ - INFO - Mailx_Cheat_Sheet.md
2021-10-26T18:54:28.214226+0100 - __main__ - INFO - /srv/http/bkmks_fotos/md_files/Mailx_Cheat_Sheet.md
2021-10-26T18:54:28.214334+0100 - __main__ - INFO - Use_Traceroute_and_MTR.md
2021-10-26T18:54:28.214402+0100 - __main__ - INFO - /srv/http/bkmks_fotos/md_files/Use_Traceroute_and_MTR.md
2021-10-26T18:54:28.214510+0100 - __main__ - INFO - How_to_create_a_Mail_server_with_SSLTLS_on_Linux.md
2021-10-26T18:54:28.214578+0100 - __main__ - INFO - /srv/http/bkmks_fotos/md_files/How_to_create_a_Mail_server_with_SSLTLS_on_Linux.md
2021-10-26T18:54:28.214687+0100 - __main__ - INFO - 256_Colors_Cheat_Sheet.md
2021-10-26T18:54:28.214763+0100 - __main__ - INFO - /srv/http/bkmks_fotos/md_files/256_Colors_Cheat_Sheet.md
2021-10-26T18:54:28.214872+0100 - __main__ - INFO - Icecream_Python_Debugging_Tool.md
2021-10-26T18:54:28.214941+0100 - __main__ - INFO - /srv/http/bkmks_fotos/md_files/Icecream_Python_Debugging_Tool.md
2021-10-26T18:54:28.215051+0100 - __main__ - INFO - Trepan_Python_Debugger.md
2021-10-26T18:54:28.215119+0100 - __main__ - INFO - /srv/http/bkmks_fotos/md_files/Trepan_Python_Debugger.md
2021-10-26T18:54:28.215234+0100 - __main__ - INFO - Git_platform_where_I_keep_my_stuff.md
2021-10-26T18:54:28.215303+0100 - __main__ - INFO - /srv/http/bkmks_fotos/md_files/Git_platform_where_I_keep_my_stuff.md
2021-10-26T18:54:28.215411+0100 - __main__ - INFO - Git_Documentation.md
2021-10-26T18:54:28.215480+0100 - __main__ - INFO - /srv/http/bkmks_fotos/md_files/Git_Documentation.md
2021-10-26T18:54:28.215587+0100 - __main__ - INFO - Creating_Vim_templates.md
2021-10-26T18:54:28.215659+0100 - __main__ - INFO - /srv/http/bkmks_fotos/md_files/Creating_Vim_templates.md
2021-10-26T18:54:28.215774+0100 - __main__ - INFO - EverSQL.md
2021-10-26T18:54:28.215843+0100 - __main__ - INFO - /srv/http/bkmks_fotos/md_files/EverSQL.md
2021-10-26T18:54:28.215951+0100 - __main__ - INFO - List_of_Project_Based_Python_Lessons.md
2021-10-26T18:54:28.216019+0100 - __main__ - INFO - /srv/http/bkmks_fotos/md_files/List_of_Project_Based_Python_Lessons.md
2021-10-26T18:54:28.216127+0100 - __main__ - INFO - Fire.md
2021-10-26T18:54:28.216196+0100 - __main__ - INFO - /srv/http/bkmks_fotos/md_files/Fire.md
2021-10-26T18:54:28.216304+0100 - __main__ - INFO - Visidata.md
2021-10-26T18:54:28.216372+0100 - __main__ - INFO - /srv/http/bkmks_fotos/md_files/Visidata.md
2021-10-26T18:54:28.216494+0100 - __main__ - INFO - CliFlix.md
2021-10-26T18:54:28.216576+0100 - __main__ - INFO - /srv/http/bkmks_fotos/md_files/CliFlix.md
2021-10-26T18:54:28.216732+0100 - __main__ - INFO - Sultan_a_simpler_subprocess.md
2021-10-26T18:54:28.216815+0100 - __main__ - INFO - /srv/http/bkmks_fotos/md_files/Sultan_a_simpler_subprocess.md
2021-10-26T18:54:28.216954+0100 - __main__ - INFO - Creating_FULLTEXT_Indexes_for_Full-Text_Search.md
2021-10-26T18:54:28.217022+0100 - __main__ - INFO - /srv/http/bkmks_fotos/md_files/Creating_FULLTEXT_Indexes_for_Full-Text_Search.md
2021-10-26T18:54:28.217131+0100 - __main__ - INFO - Create_MySQl's__Full_Text_Indexes.md
2021-10-26T18:54:28.217198+0100 - __main__ - INFO - /srv/http/bkmks_fotos/md_files/Create_MySQl's__Full_Text_Indexes.md
2021-10-26T18:54:28.217305+0100 - __main__ - INFO - Mycli,_Mysql_in_Terminal.md
2021-10-26T18:54:28.217374+0100 - __main__ - INFO - /srv/http/bkmks_fotos/md_files/Mycli,_Mysql_in_Terminal.md
2021-10-26T18:54:28.217482+0100 - __main__ - INFO - How_To_Use_Rsync_to_Sync_Local_and_Remote_Directories.md
2021-10-26T18:54:28.217551+0100 - __main__ - INFO - /srv/http/bkmks_fotos/md_files/How_To_Use_Rsync_to_Sync_Local_and_Remote_Directories.md
2021-10-26T18:54:28.217659+0100 - __main__ - INFO - How_to_install_Gitea.md
2021-10-26T18:54:28.217727+0100 - __main__ - INFO - /srv/http/bkmks_fotos/md_files/How_to_install_Gitea.md
2021-10-26T18:54:28.217835+0100 - __main__ - INFO - Rich.md
2021-10-26T18:54:28.217903+0100 - __main__ - INFO - /srv/http/bkmks_fotos/md_files/Rich.md
2021-10-26T18:54:28.218010+0100 - __main__ - INFO - Cherrypy.md
2021-10-26T18:54:28.218115+0100 - __main__ - INFO - /srv/http/bkmks_fotos/md_files/Cherrypy.md
2021-10-26T18:54:28.218243+0100 - __main__ - INFO - Bookcut.md
2021-10-26T18:54:28.218312+0100 - __main__ - INFO - /srv/http/bkmks_fotos/md_files/Bookcut.md
2021-10-26T18:54:28.218419+0100 - __main__ - INFO - Artvee.md
2021-10-26T18:54:28.218486+0100 - __main__ - INFO - /srv/http/bkmks_fotos/md_files/Artvee.md
2021-10-26T18:54:28.218595+0100 - __main__ - INFO - Lighttpd_Documentation.md
2021-10-26T18:54:28.218663+0100 - __main__ - INFO - /srv/http/bkmks_fotos/md_files/Lighttpd_Documentation.md
2021-10-26T18:54:28.218770+0100 - __main__ - INFO - HTML_to_Markdown_Converter.md
2021-10-26T18:54:28.218838+0100 - __main__ - INFO - /srv/http/bkmks_fotos/md_files/HTML_to_Markdown_Converter.md
2021-10-26T18:54:28.218945+0100 - __main__ - INFO - Resize_Images.md
2021-10-26T18:54:28.219013+0100 - __main__ - INFO - /srv/http/bkmks_fotos/md_files/Resize_Images.md
2021-10-26T18:54:28.219120+0100 - __main__ - INFO - Ls-colors.md
2021-10-26T18:54:28.219188+0100 - __main__ - INFO - /srv/http/bkmks_fotos/md_files/Ls-colors.md
2021-10-26T18:54:28.219295+0100 - __main__ - INFO - warning:_remote_HEAD_refers_to_nonexistent_ref.md
2021-10-26T18:54:28.219363+0100 - __main__ - INFO - /srv/http/bkmks_fotos/md_files/warning:_remote_HEAD_refers_to_nonexistent_ref.md
2021-10-26T18:54:28.219485+0100 - __main__ - INFO - Getting_Started_With_Nginx.md
2021-10-26T18:54:28.219569+0100 - __main__ - INFO - /srv/http/bkmks_fotos/md_files/Getting_Started_With_Nginx.md
2021-10-26T18:54:28.219677+0100 - __main__ - INFO - Serve_PHP_with_PHP-FPM_and_NGINX.md
2021-10-26T18:54:28.219749+0100 - __main__ - INFO - /srv/http/bkmks_fotos/md_files/Serve_PHP_with_PHP-FPM_and_NGINX.md
2021-10-26T18:54:28.219859+0100 - __main__ - INFO - How_to_fetch_data_from_Database_in_PHP_PDO_.md
2021-10-26T18:54:28.219927+0100 - __main__ - INFO - /srv/http/bkmks_fotos/md_files/How_to_fetch_data_from_Database_in_PHP_PDO_.md
2021-10-26T18:54:28.220035+0100 - __main__ - INFO - See_Icons_in_Font.md
2021-10-26T18:54:28.220103+0100 - __main__ - INFO - /srv/http/bkmks_fotos/md_files/See_Icons_in_Font.md
2021-10-26T18:54:28.220211+0100 - __main__ - INFO - See_glyphs_in_font.md
2021-10-26T18:54:28.220280+0100 - __main__ - INFO - /srv/http/bkmks_fotos/md_files/See_glyphs_in_font.md
2021-10-26T18:54:28.220406+0100 - __main__ - INFO - Markdown_Cheatsheet.md
2021-10-26T18:54:28.220510+0100 - __main__ - INFO - /srv/http/bkmks_fotos/md_files/Markdown_Cheatsheet.md
2021-10-26T18:54:28.220622+0100 - __main__ - INFO - Vim_PHP_Code_Sniffer.md
2021-10-26T18:54:28.220690+0100 - __main__ - INFO - /srv/http/bkmks_fotos/md_files/Vim_PHP_Code_Sniffer.md
2021-10-26T18:54:28.220814+0100 - __main__ - INFO - PHP-CS_FIXER.md
2021-10-26T18:54:28.220898+0100 - __main__ - INFO - /srv/http/bkmks_fotos/md_files/PHP-CS_FIXER.md
2021-10-26T18:54:28.221008+0100 - __main__ - INFO - How_to_style_a_radio_buttons_form.md
2021-10-26T18:54:28.221082+0100 - __main__ - INFO - /srv/http/bkmks_fotos/md_files/How_to_style_a_radio_buttons_form.md
2021-10-26T18:54:28.221297+0100 - __main__ - INFO - Password_for_Web_Directories.md
2021-10-26T18:54:28.221365+0100 - __main__ - INFO - /srv/http/bkmks_fotos/md_files/Password_for_Web_Directories.md
2021-10-26T18:54:28.221564+0100 - __main__ - INFO - Free_Frontend.md
2021-10-26T18:54:28.221636+0100 - __main__ - INFO - /srv/http/bkmks_fotos/md_files/Free_Frontend.md
2021-10-26T18:54:28.221776+0100 - __main__ - INFO - Change_Colors_of_PNG_Files.md
2021-10-26T18:54:28.221877+0100 - __main__ - INFO - /srv/http/bkmks_fotos/md_files/Change_Colors_of_PNG_Files.md
2021-10-26T18:54:28.221986+0100 - __main__ - INFO - Sass.md
2021-10-26T18:54:28.222056+0100 - __main__ - INFO - /srv/http/bkmks_fotos/md_files/Sass.md
2021-10-26T18:54:28.222164+0100 - __main__ - INFO - Vertically_center_an_element_in_CSS.md
2021-10-26T18:54:28.222232+0100 - __main__ - INFO - /srv/http/bkmks_fotos/md_files/Vertically_center_an_element_in_CSS.md
2021-10-26T18:54:28.222340+0100 - __main__ - INFO - On_Scroll_Header.md
2021-10-26T18:54:28.222408+0100 - __main__ - INFO - /srv/http/bkmks_fotos/md_files/On_Scroll_Header.md
2021-10-26T18:54:28.222517+0100 - __main__ - INFO - Transformer.md
2021-10-26T18:54:28.222585+0100 - __main__ - INFO - /srv/http/bkmks_fotos/md_files/Transformer.md
2021-10-26T18:54:28.222692+0100 - __main__ - INFO - All_selectors.md
2021-10-26T18:54:28.222760+0100 - __main__ - INFO - /srv/http/bkmks_fotos/md_files/All_selectors.md
2021-10-26T18:54:28.222868+0100 - __main__ - INFO - Learn_You_a_Haskell_for_Great_Good!.md
2021-10-26T18:54:28.222936+0100 - __main__ - INFO - /srv/http/bkmks_fotos/md_files/Learn_You_a_Haskell_for_Great_Good!.md
2021-10-26T18:54:28.223046+0100 - __main__ - INFO - Code_Beautify.md
2021-10-26T18:54:28.223114+0100 - __main__ - INFO - /srv/http/bkmks_fotos/md_files/Code_Beautify.md
2021-10-26T18:54:28.223221+0100 - __main__ - INFO - txt2html.md
2021-10-26T18:54:28.223290+0100 - __main__ - INFO - /srv/http/bkmks_fotos/md_files/txt2html.md
2021-10-26T18:54:28.223398+0100 - __main__ - INFO - Find_and_Replace_Text_in_Vim.md
2021-10-26T18:54:28.223466+0100 - __main__ - INFO - /srv/http/bkmks_fotos/md_files/Find_and_Replace_Text_in_Vim.md
2021-10-26T18:54:28.223573+0100 - __main__ - INFO - CSS_Frameworks_List.md
2021-10-26T18:54:28.223641+0100 - __main__ - INFO - /srv/http/bkmks_fotos/md_files/CSS_Frameworks_List.md
2021-10-26T18:54:28.223748+0100 - __main__ - INFO - Black.md
2021-10-26T18:54:28.223815+0100 - __main__ - INFO - /srv/http/bkmks_fotos/md_files/Black.md
2021-10-26T18:54:28.223923+0100 - __main__ - INFO - Arrow.md
2021-10-26T18:54:28.223990+0100 - __main__ - INFO - /srv/http/bkmks_fotos/md_files/Arrow.md
2021-10-26T18:54:28.224101+0100 - __main__ - INFO - Flake8.md
2021-10-26T18:54:28.224168+0100 - __main__ - INFO - /srv/http/bkmks_fotos/md_files/Flake8.md
2021-10-26T18:54:28.224276+0100 - __main__ - INFO - sathadhy.md
2021-10-26T18:54:28.224344+0100 - __main__ - INFO - /srv/http/bkmks_fotos/md_files/sathadhy.md
2021-10-26T18:54:28.224451+0100 - __main__ - INFO - Urwid.md
2021-10-26T18:54:28.224519+0100 - __main__ - INFO - /srv/http/bkmks_fotos/md_files/Urwid.md
2021-10-26T18:54:28.224625+0100 - __main__ - INFO - Ricepedia.md
2021-10-26T18:54:28.224692+0100 - __main__ - INFO - /srv/http/bkmks_fotos/md_files/Ricepedia.md
2021-10-26T18:54:28.224864+0100 - __main__ - INFO - Fselect.md
2021-10-26T18:54:28.224933+0100 - __main__ - INFO - /srv/http/bkmks_fotos/md_files/Fselect.md
2021-10-26T18:54:28.225042+0100 - __main__ - INFO - Navi.md
2021-10-26T18:54:28.225111+0100 - __main__ - INFO - /srv/http/bkmks_fotos/md_files/Navi.md
2021-10-26T18:54:28.225219+0100 - __main__ - INFO - How2.md
2021-10-26T18:54:28.225287+0100 - __main__ - INFO - /srv/http/bkmks_fotos/md_files/How2.md
2021-10-26T18:54:28.225395+0100 - __main__ - INFO - hr.md
2021-10-26T18:54:28.225463+0100 - __main__ - INFO - /srv/http/bkmks_fotos/md_files/hr.md
2021-10-26T18:54:28.225569+0100 - __main__ - INFO - k.md
2021-10-26T18:54:28.225636+0100 - __main__ - INFO - /srv/http/bkmks_fotos/md_files/k.md
2021-10-26T18:54:28.225743+0100 - __main__ - INFO - Loop.md
2021-10-26T18:54:28.225811+0100 - __main__ - INFO - /srv/http/bkmks_fotos/md_files/Loop.md
2021-10-26T18:54:28.225921+0100 - __main__ - INFO - Marker.md
2021-10-26T18:54:28.225989+0100 - __main__ - INFO - /srv/http/bkmks_fotos/md_files/Marker.md
2021-10-26T18:54:28.226096+0100 - __main__ - INFO - SHML.md
2021-10-26T18:54:28.226163+0100 - __main__ - INFO - /srv/http/bkmks_fotos/md_files/SHML.md
2021-10-26T18:54:28.226270+0100 - __main__ - INFO - add-gitignore.md
2021-10-26T18:54:28.226337+0100 - __main__ - INFO - /srv/http/bkmks_fotos/md_files/add-gitignore.md
2021-10-26T18:54:28.226443+0100 - __main__ - INFO - Visualize_Python_Code.md
2021-10-26T18:54:28.226511+0100 - __main__ - INFO - /srv/http/bkmks_fotos/md_files/Visualize_Python_Code.md
2021-10-26T18:54:28.226619+0100 - __main__ - INFO - Requests.md
2021-10-26T18:54:28.226688+0100 - __main__ - INFO - /srv/http/bkmks_fotos/md_files/Requests.md
2021-10-26T18:54:28.226795+0100 - __main__ - INFO - Scrapy.md
2021-10-26T18:54:28.226863+0100 - __main__ - INFO - /srv/http/bkmks_fotos/md_files/Scrapy.md
2021-10-26T18:54:28.226970+0100 - __main__ - INFO - pycrumbs.md
2021-10-26T18:54:28.227037+0100 - __main__ - INFO - /srv/http/bkmks_fotos/md_files/pycrumbs.md
2021-10-26T18:54:28.227144+0100 - __main__ - INFO - awesome-awesomeness.md
2021-10-26T18:54:28.227212+0100 - __main__ - INFO - /srv/http/bkmks_fotos/md_files/awesome-awesomeness.md
2021-10-26T18:54:28.227325+0100 - __main__ - INFO - codementor.md
2021-10-26T18:54:28.227392+0100 - __main__ - INFO - /srv/http/bkmks_fotos/md_files/codementor.md
2021-10-26T18:54:28.227500+0100 - __main__ - INFO - Using_Scrapy_for_Python.md
2021-10-26T18:54:28.227567+0100 - __main__ - INFO - /srv/http/bkmks_fotos/md_files/Using_Scrapy_for_Python.md
2021-10-26T18:54:28.227674+0100 - __main__ - INFO - Pytermgui.md
2021-10-26T18:54:28.227742+0100 - __main__ - INFO - /srv/http/bkmks_fotos/md_files/Pytermgui.md
2021-10-26T18:54:28.227848+0100 - __main__ - INFO - Ripgrep.md
2021-10-26T18:54:28.227916+0100 - __main__ - INFO - /srv/http/bkmks_fotos/md_files/Ripgrep.md
2021-10-26T18:54:28.228023+0100 - __main__ - INFO - Python_Projects.md
2021-10-26T18:54:28.228144+0100 - __main__ - INFO - /srv/http/bkmks_fotos/md_files/Python_Projects.md
2021-10-26T18:54:28.228255+0100 - __main__ - INFO - Spell_Check_in_Vim.md
2021-10-26T18:54:28.228343+0100 - __main__ - INFO - /srv/http/bkmks_fotos/md_files/Spell_Check_in_Vim.md
2021-10-26T18:54:28.228456+0100 - __main__ - INFO - Python_Like_You_mean_It.md
2021-10-26T18:54:28.228543+0100 - __main__ - INFO - /srv/http/bkmks_fotos/md_files/Python_Like_You_mean_It.md
2021-10-26T18:54:28.228666+0100 - __main__ - INFO - Special_HTML_characters_and_codes.md
2021-10-26T18:54:28.228736+0100 - __main__ - INFO - /srv/http/bkmks_fotos/md_files/Special_HTML_characters_and_codes.md
2021-10-26T18:54:28.228851+0100 - __main__ - INFO - Google_Style_Guide.md
2021-10-26T18:54:28.228921+0100 - __main__ - INFO - /srv/http/bkmks_fotos/md_files/Google_Style_Guide.md
2021-10-26T18:54:28.229033+0100 - __main__ - INFO - Orator.md
2021-10-26T18:54:28.229102+0100 - __main__ - INFO - /srv/http/bkmks_fotos/md_files/Orator.md
2021-10-26T18:54:28.229210+0100 - __main__ - INFO - Sed_Documentation.md
2021-10-26T18:54:28.229279+0100 - __main__ - INFO - /srv/http/bkmks_fotos/md_files/Sed_Documentation.md
2021-10-26T18:54:28.229389+0100 - __main__ - INFO - What_characters_to_escape_in_Sed.md
2021-10-26T18:54:28.229458+0100 - __main__ - INFO - /srv/http/bkmks_fotos/md_files/What_characters_to_escape_in_Sed.md
2021-10-26T18:54:28.229571+0100 - __main__ - INFO - Loop_through_file_in_Bash.md
2021-10-26T18:54:28.229643+0100 - __main__ - INFO - /srv/http/bkmks_fotos/md_files/Loop_through_file_in_Bash.md
2021-10-26T18:54:28.229797+0100 - __main__ - INFO - 50_Sed_Commands.md
2021-10-26T18:54:28.229870+0100 - __main__ - INFO - /srv/http/bkmks_fotos/md_files/50_Sed_Commands.md
2021-10-26T18:54:28.229986+0100 - __main__ - INFO - Grep,_Awk_and_Sed.md
2021-10-26T18:54:28.230057+0100 - __main__ - INFO - /srv/http/bkmks_fotos/md_files/Grep,_Awk_and_Sed.md
2021-10-26T18:54:28.230256+0100 - __main__ - INFO - Sed_Documentation.md
2021-10-26T18:54:28.230343+0100 - __main__ - INFO - /srv/http/bkmks_fotos/md_files/Sed_Documentation.md
2021-10-26T18:54:28.230587+0100 - __main__ - INFO - Regex101.md
2021-10-26T18:54:28.230698+0100 - __main__ - INFO - /srv/http/bkmks_fotos/md_files/Regex101.md
2021-10-26T18:54:28.230807+0100 - __main__ - INFO - One_Liners_for_Sed.md
2021-10-26T18:54:28.230872+0100 - __main__ - INFO - /srv/http/bkmks_fotos/md_files/One_Liners_for_Sed.md
2021-10-26T18:54:28.230977+0100 - __main__ - INFO - Sed_Cheatsheet.md
2021-10-26T18:54:28.231042+0100 - __main__ - INFO - /srv/http/bkmks_fotos/md_files/Sed_Cheatsheet.md
2021-10-26T18:54:28.231146+0100 - __main__ - INFO - Regular_Expressions_Tutorial.md
2021-10-26T18:54:28.231210+0100 - __main__ - INFO - /srv/http/bkmks_fotos/md_files/Regular_Expressions_Tutorial.md
2021-10-26T18:54:28.231314+0100 - __main__ - INFO - XML_Parsing.md
2021-10-26T18:54:28.231379+0100 - __main__ - INFO - /srv/http/bkmks_fotos/md_files/XML_Parsing.md
2021-10-26T18:54:28.231534+0100 - __main__ - INFO - List_of_typographical_symbols_and_punctuation_marks.md
2021-10-26T18:54:28.231599+0100 - __main__ - INFO - /srv/http/bkmks_fotos/md_files/List_of_typographical_symbols_and_punctuation_marks.md
2021-10-26T18:54:28.231705+0100 - __main__ - INFO - Project_Learn.md
2021-10-26T18:54:28.231769+0100 - __main__ - INFO - /srv/http/bkmks_fotos/md_files/Project_Learn.md
2021-10-26T18:54:28.231872+0100 - __main__ - INFO - Logo-ls.md
2021-10-26T18:54:28.231937+0100 - __main__ - INFO - /srv/http/bkmks_fotos/md_files/Logo-ls.md
2021-10-26T18:54:28.232040+0100 - __main__ - INFO - FuzzyWuzzy.md
2021-10-26T18:54:28.232104+0100 - __main__ - INFO - /srv/http/bkmks_fotos/md_files/FuzzyWuzzy.md
2021-10-26T18:54:28.232209+0100 - __main__ - INFO - FuzzyWuzzy_Tutorial.md
2021-10-26T18:54:28.232273+0100 - __main__ - INFO - /srv/http/bkmks_fotos/md_files/FuzzyWuzzy_Tutorial.md
2021-10-26T18:54:28.232376+0100 - __main__ - INFO - Clipmenu.md
2021-10-26T18:54:28.232440+0100 - __main__ - INFO - /srv/http/bkmks_fotos/md_files/Clipmenu.md
2021-10-26T18:54:28.232543+0100 - __main__ - INFO - Import_Python_Files_From_Another_Directory.md
2021-10-26T18:54:28.232608+0100 - __main__ - INFO - /srv/http/bkmks_fotos/md_files/Import_Python_Files_From_Another_Directory.md
2021-10-26T18:54:28.232712+0100 - __main__ - INFO - Zettelkasten_Method.md
2021-10-26T18:54:28.232777+0100 - __main__ - INFO - /srv/http/bkmks_fotos/md_files/Zettelkasten_Method.md
2021-10-26T18:54:28.232881+0100 - __main__ - INFO - Bat.md
2021-10-26T18:54:28.232945+0100 - __main__ - INFO - /srv/http/bkmks_fotos/md_files/Bat.md
2021-10-26T18:54:28.233053+0100 - __main__ - INFO - Deploy_Ruby_App_in_Linux_Server.md
2021-10-26T18:54:28.233118+0100 - __main__ - INFO - /srv/http/bkmks_fotos/md_files/Deploy_Ruby_App_in_Linux_Server.md
2021-10-26T18:54:28.233222+0100 - __main__ - INFO - LocalTunnel.md
2021-10-26T18:54:28.233286+0100 - __main__ - INFO - /srv/http/bkmks_fotos/md_files/LocalTunnel.md
2021-10-26T18:54:28.233388+0100 - __main__ - INFO - Sqlitebiter.md
2021-10-26T18:54:28.233452+0100 - __main__ - INFO - /srv/http/bkmks_fotos/md_files/Sqlitebiter.md
2021-10-26T18:54:28.233553+0100 - __main__ - INFO - Boxes.md
2021-10-26T18:54:28.233617+0100 - __main__ - INFO - /srv/http/bkmks_fotos/md_files/Boxes.md
2021-10-26T18:54:28.233719+0100 - __main__ - INFO - Pysnooper.md
2021-10-26T18:54:28.233783+0100 - __main__ - INFO - /srv/http/bkmks_fotos/md_files/Pysnooper.md
2021-10-26T18:54:28.233885+0100 - __main__ - INFO - Selenium.md
2021-10-26T18:54:28.233948+0100 - __main__ - INFO - /srv/http/bkmks_fotos/md_files/Selenium.md
2021-10-26T18:54:28.234050+0100 - __main__ - INFO - Cli_Helpers.md
2021-10-26T18:54:28.234114+0100 - __main__ - INFO - /srv/http/bkmks_fotos/md_files/Cli_Helpers.md
2021-10-26T18:54:28.234244+0100 - __main__ - INFO - Flask_Now.md
2021-10-26T18:54:28.234327+0100 - __main__ - INFO - /srv/http/bkmks_fotos/md_files/Flask_Now.md
2021-10-26T18:54:28.234566+0100 - __main__ - INFO - Add_search_to_Hugo_static_sites_with_Lunr.md
2021-10-26T18:54:28.234630+0100 - __main__ - INFO - /srv/http/bkmks_fotos/md_files/Add_search_to_Hugo_static_sites_with_Lunr.md
2021-10-26T18:54:28.234757+0100 - __main__ - INFO - SQLAlchemy_Tutorial.md
2021-10-26T18:54:28.234839+0100 - __main__ - INFO - /srv/http/bkmks_fotos/md_files/SQLAlchemy_Tutorial.md
2021-10-26T22:42:36.151131+0100 - __main__ - INFO - AutoExpect.md
2021-10-26T22:42:36.151274+0100 - __main__ - INFO - /srv/http/bkmks_fotos/md_files/AutoExpect.md
2021-10-26T22:42:36.151456+0100 - __main__ - ERROR - An error has been caught in function '<module>', process 'MainProcess' (650110), thread 'MainThread' (139773237700416):
Traceback (most recent call last):

> File "/srv/http/bkmks_fotos/articles/create_md_page.py", line 64, in <module>
    create_md_page()
    └ <function create_md_page at 0x7f1f7d2f19d0>

  File "/srv/http/bkmks_fotos/articles/create_md_page.py", line 31, in create_md_page
    with open(writepath, "w+") as file:
              └ '/srv/http/bkmks_fotos/md_files/AutoExpect.md'

FileNotFoundError: [Errno 2] No such file or directory: '/srv/http/bkmks_fotos/md_files/AutoExpect.md'
2021-10-26T22:45:17.536152+0100 - __main__ - INFO - AutoExpect.md
2021-10-26T22:45:17.536307+0100 - __main__ - INFO - /srv/http/bkmks_fotos/md_files/AutoExpect.md
2021-10-26T22:45:17.536433+0100 - __main__ - ERROR - An error has been caught in function '<module>', process 'MainProcess' (650315), thread 'MainThread' (139847743735616):
Traceback (most recent call last):

> File "/srv/http/bkmks_fotos/articles/create_md_page.py", line 64, in <module>
    create_md_page()
    └ <function create_md_page at 0x7f30d616f9d0>

  File "/srv/http/bkmks_fotos/articles/create_md_page.py", line 31, in create_md_page
    with open(writepath, "w+") as file:
              └ '/srv/http/bkmks_fotos/md_files/AutoExpect.md'

FileNotFoundError: [Errno 2] No such file or directory: '/srv/http/bkmks_fotos/md_files/AutoExpect.md'
2021-10-26T22:47:04.096051+0100 - __main__ - INFO - AutoExpect.md
2021-10-26T22:47:04.096196+0100 - __main__ - INFO - /srv/http/bkmks_fotos/md_files/AutoExpect.md
2021-10-26T22:47:04.096484+0100 - __main__ - ERROR - An error has been caught in function '<module>', process 'MainProcess' (650374), thread 'MainThread' (140330316080960):
Traceback (most recent call last):

> File "/srv/http/bkmks_fotos/articles/create_md_page.py", line 64, in <module>
    create_md_page()
    └ <function create_md_page at 0x7fa131a499d0>

  File "/srv/http/bkmks_fotos/articles/create_md_page.py", line 31, in create_md_page
    with open(writepath, "w+") as file:
              └ '/srv/http/bkmks_fotos/md_files/AutoExpect.md'

FileNotFoundError: [Errno 2] No such file or directory: '/srv/http/bkmks_fotos/md_files/AutoExpect.md'
2021-10-26T22:49:14.949849+0100 - __main__ - INFO - AutoExpect.md
2021-10-26T22:49:14.950014+0100 - __main__ - INFO - /srv/http/bkmks_fotos/articles/AutoExpect.md
2021-10-26T22:49:14.950242+0100 - __main__ - INFO - A_brief_introduction_to_GPG_.md
2021-10-26T22:49:14.950319+0100 - __main__ - INFO - /srv/http/bkmks_fotos/articles/A_brief_introduction_to_GPG_.md
2021-10-26T22:49:14.950448+0100 - __main__ - INFO - How_to_configure_Backblaze_B2_with_Duplicity_on_Linux.md
2021-10-26T22:49:14.950521+0100 - __main__ - INFO - /srv/http/bkmks_fotos/articles/How_to_configure_Backblaze_B2_with_Duplicity_on_Linux.md
2021-10-26T22:49:14.950646+0100 - __main__ - INFO - Crontab_Guru.md
2021-10-26T22:49:14.950732+0100 - __main__ - INFO - /srv/http/bkmks_fotos/articles/Crontab_Guru.md
2021-10-26T22:49:14.950894+0100 - __main__ - INFO - Append_Current_Date_To_Filename_in_Bash_Shell.md
2021-10-26T22:49:14.950980+0100 - __main__ - INFO - /srv/http/bkmks_fotos/articles/Append_Current_Date_To_Filename_in_Bash_Shell.md
2021-10-26T22:49:14.951143+0100 - __main__ - INFO - Easy_Incremental_Backups_With_Tar.md
2021-10-26T22:49:14.951213+0100 - __main__ - INFO - /srv/http/bkmks_fotos/articles/Easy_Incremental_Backups_With_Tar.md
2021-10-26T22:49:14.951334+0100 - __main__ - INFO - Automated_Clonezilla_BackupRestore.md
2021-10-26T22:49:14.951404+0100 - __main__ - INFO - /srv/http/bkmks_fotos/articles/Automated_Clonezilla_BackupRestore.md
2021-10-26T22:49:14.951524+0100 - __main__ - INFO - Trending_vim_color_schemes.md
2021-10-26T22:49:14.951621+0100 - __main__ - INFO - /srv/http/bkmks_fotos/articles/Trending_vim_color_schemes.md
2021-10-26T22:49:14.951740+0100 - __main__ - INFO - ASCII_Generator.md
2021-10-26T22:49:14.951836+0100 - __main__ - INFO - /srv/http/bkmks_fotos/articles/ASCII_Generator.md
2021-10-26T22:49:14.951953+0100 - __main__ - INFO - ButterBlog.md
2021-10-26T22:49:14.952049+0100 - __main__ - INFO - /srv/http/bkmks_fotos/articles/ButterBlog.md
2021-10-26T22:49:14.952165+0100 - __main__ - INFO - Short_URL.md
2021-10-26T22:49:14.952260+0100 - __main__ - INFO - /srv/http/bkmks_fotos/articles/Short_URL.md
2021-10-26T22:49:14.952379+0100 - __main__ - INFO - Clonezilla_documentation.md
2021-10-26T22:49:14.952473+0100 - __main__ - INFO - /srv/http/bkmks_fotos/articles/Clonezilla_documentation.md
2021-10-26T22:49:14.952589+0100 - __main__ - INFO - Good_Python_SQLite3_Tutorial.md
2021-10-26T22:49:14.952684+0100 - __main__ - INFO - /srv/http/bkmks_fotos/articles/Good_Python_SQLite3_Tutorial.md
2021-10-26T22:49:14.952802+0100 - __main__ - INFO - SQLite_Tutorial.md
2021-10-26T22:49:14.952895+0100 - __main__ - INFO - /srv/http/bkmks_fotos/articles/SQLite_Tutorial.md
2021-10-26T22:49:14.953011+0100 - __main__ - INFO - Snap_Store.md
2021-10-26T22:49:14.953092+0100 - __main__ - INFO - /srv/http/bkmks_fotos/articles/Snap_Store.md
2021-10-26T22:49:14.953211+0100 - __main__ - INFO - Deezer.md
2021-10-26T22:49:14.953279+0100 - __main__ - INFO - /srv/http/bkmks_fotos/articles/Deezer.md
2021-10-26T22:49:14.953454+0100 - __main__ - INFO - See_glyphs_in_font.md
2021-10-26T22:49:14.953564+0100 - __main__ - INFO - /srv/http/bkmks_fotos/articles/See_glyphs_in_font.md
2021-10-26T22:49:14.953683+0100 - __main__ - INFO - Machine_Learning_from_Scratch.md
2021-10-26T22:49:14.953779+0100 - __main__ - INFO - /srv/http/bkmks_fotos/articles/Machine_Learning_from_Scratch.md
2021-10-26T22:49:14.953898+0100 - __main__ - INFO - Sci-Hub.md
2021-10-26T22:49:14.953967+0100 - __main__ - INFO - /srv/http/bkmks_fotos/articles/Sci-Hub.md
2021-10-26T22:49:14.954112+0100 - __main__ - INFO - Library_Genesis.md
2021-10-26T22:49:14.954207+0100 - __main__ - INFO - /srv/http/bkmks_fotos/articles/Library_Genesis.md
2021-10-26T22:49:14.954352+0100 - __main__ - INFO - ManyBooks.md
2021-10-26T22:49:14.954448+0100 - __main__ - INFO - /srv/http/bkmks_fotos/articles/ManyBooks.md
2021-10-26T22:49:14.954593+0100 - __main__ - INFO - Zlibrary.md
2021-10-26T22:49:14.954703+0100 - __main__ - INFO - /srv/http/bkmks_fotos/articles/Zlibrary.md
2021-10-26T22:49:14.954822+0100 - __main__ - INFO - Tresorit_Cli.md
2021-10-26T22:49:14.954924+0100 - __main__ - INFO - /srv/http/bkmks_fotos/articles/Tresorit_Cli.md
2021-10-26T22:49:14.955043+0100 - __main__ - INFO - Dive_Into_Deep_Learning.md
2021-10-26T22:49:14.955145+0100 - __main__ - INFO - /srv/http/bkmks_fotos/articles/Dive_Into_Deep_Learning.md
2021-10-26T22:49:14.955263+0100 - __main__ - INFO - Numpy_Quick_Start.md
2021-10-26T22:49:14.955363+0100 - __main__ - INFO - /srv/http/bkmks_fotos/articles/Numpy_Quick_Start.md
2021-10-26T22:49:14.955479+0100 - __main__ - INFO - Bitly_URL_Shortener.md
2021-10-26T22:49:14.955579+0100 - __main__ - INFO - /srv/http/bkmks_fotos/articles/Bitly_URL_Shortener.md
2021-10-26T22:49:14.955695+0100 - __main__ - INFO - Python_Data_Science_Handbook_Online.md
2021-10-26T22:49:14.955794+0100 - __main__ - INFO - /srv/http/bkmks_fotos/articles/Python_Data_Science_Handbook_Online.md
2021-10-26T22:49:14.955911+0100 - __main__ - INFO - Numpy_Exercises_Python.md
2021-10-26T22:49:14.956012+0100 - __main__ - INFO - /srv/http/bkmks_fotos/articles/Numpy_Exercises_Python.md
2021-10-26T22:49:14.956147+0100 - __main__ - INFO - O_meu_ficheiro_no_Colab.md
2021-10-26T22:49:14.956215+0100 - __main__ - INFO - /srv/http/bkmks_fotos/articles/O_meu_ficheiro_no_Colab.md
2021-10-26T22:49:14.956367+0100 - __main__ - INFO - Intro_to_Machine_Learning.md
2021-10-26T22:49:14.956484+0100 - __main__ - INFO - /srv/http/bkmks_fotos/articles/Intro_to_Machine_Learning.md
2021-10-26T22:49:14.956605+0100 - __main__ - INFO - Numpy_Quick_Start.md
2021-10-26T22:49:14.956729+0100 - __main__ - INFO - /srv/http/bkmks_fotos/articles/Numpy_Quick_Start.md
2021-10-26T22:49:14.956895+0100 - __main__ - INFO - Questionary.md
2021-10-26T22:49:14.957013+0100 - __main__ - INFO - /srv/http/bkmks_fotos/articles/Questionary.md
2021-10-26T22:49:14.957162+0100 - __main__ - INFO - Questionnaire.md
2021-10-26T22:49:14.957263+0100 - __main__ - INFO - /srv/http/bkmks_fotos/articles/Questionnaire.md
2021-10-26T22:49:14.957380+0100 - __main__ - INFO - Keybindings_in_ZSH.md
2021-10-26T22:49:14.957449+0100 - __main__ - INFO - /srv/http/bkmks_fotos/articles/Keybindings_in_ZSH.md
2021-10-26T22:49:14.957566+0100 - __main__ - INFO - Normalization_Techniques_in_Python_Using_NumPy.md
2021-10-26T22:49:14.957667+0100 - __main__ - INFO - /srv/http/bkmks_fotos/articles/Normalization_Techniques_in_Python_Using_NumPy.md
2021-10-26T22:49:14.957817+0100 - __main__ - INFO - Router_MEO.md
2021-10-26T22:49:14.957884+0100 - __main__ - INFO - /srv/http/bkmks_fotos/articles/Router_MEO.md
2021-10-26T22:49:14.958002+0100 - __main__ - INFO - Mailx_Cheat_Sheet.md
2021-10-26T22:49:14.958069+0100 - __main__ - INFO - /srv/http/bkmks_fotos/articles/Mailx_Cheat_Sheet.md
2021-10-26T22:49:14.958187+0100 - __main__ - INFO - Use_Traceroute_and_MTR.md
2021-10-26T22:49:14.958255+0100 - __main__ - INFO - /srv/http/bkmks_fotos/articles/Use_Traceroute_and_MTR.md
2021-10-26T22:49:14.958439+0100 - __main__ - INFO - How_to_create_a_Mail_server_with_SSLTLS_on_Linux.md
2021-10-26T22:49:14.958539+0100 - __main__ - INFO - /srv/http/bkmks_fotos/articles/How_to_create_a_Mail_server_with_SSLTLS_on_Linux.md
2021-10-26T22:49:14.958725+0100 - __main__ - INFO - 256_Colors_Cheat_Sheet.md
2021-10-26T22:49:14.958793+0100 - __main__ - INFO - /srv/http/bkmks_fotos/articles/256_Colors_Cheat_Sheet.md
2021-10-26T22:49:14.958911+0100 - __main__ - INFO - Icecream_Python_Debugging_Tool.md
2021-10-26T22:49:14.958979+0100 - __main__ - INFO - /srv/http/bkmks_fotos/articles/Icecream_Python_Debugging_Tool.md
2021-10-26T22:49:14.959098+0100 - __main__ - INFO - Trepan_Python_Debugger.md
2021-10-26T22:49:14.959166+0100 - __main__ - INFO - /srv/http/bkmks_fotos/articles/Trepan_Python_Debugger.md
2021-10-26T22:49:14.959301+0100 - __main__ - INFO - Git_platform_where_I_keep_my_stuff.md
2021-10-26T22:49:14.959385+0100 - __main__ - INFO - /srv/http/bkmks_fotos/articles/Git_platform_where_I_keep_my_stuff.md
2021-10-26T22:49:14.959550+0100 - __main__ - INFO - Git_Documentation.md
2021-10-26T22:49:14.959637+0100 - __main__ - INFO - /srv/http/bkmks_fotos/articles/Git_Documentation.md
2021-10-26T22:49:14.959803+0100 - __main__ - INFO - Creating_Vim_templates.md
2021-10-26T22:49:14.959886+0100 - __main__ - INFO - /srv/http/bkmks_fotos/articles/Creating_Vim_templates.md
2021-10-26T22:49:14.960026+0100 - __main__ - INFO - EverSQL.md
2021-10-26T22:49:14.960130+0100 - __main__ - INFO - /srv/http/bkmks_fotos/articles/EverSQL.md
2021-10-26T22:49:14.960283+0100 - __main__ - INFO - List_of_Project_Based_Python_Lessons.md
2021-10-26T22:49:14.960366+0100 - __main__ - INFO - /srv/http/bkmks_fotos/articles/List_of_Project_Based_Python_Lessons.md
2021-10-26T22:49:14.960502+0100 - __main__ - INFO - Fire.md
2021-10-26T22:49:14.960586+0100 - __main__ - INFO - /srv/http/bkmks_fotos/articles/Fire.md
2021-10-26T22:49:14.960750+0100 - __main__ - INFO - Visidata.md
2021-10-26T22:49:14.960866+0100 - __main__ - INFO - /srv/http/bkmks_fotos/articles/Visidata.md
2021-10-26T22:49:14.961030+0100 - __main__ - INFO - CliFlix.md
2021-10-26T22:49:14.961114+0100 - __main__ - INFO - /srv/http/bkmks_fotos/articles/CliFlix.md
2021-10-26T22:49:14.961232+0100 - __main__ - INFO - Sultan_a_simpler_subprocess.md
2021-10-26T22:49:14.961315+0100 - __main__ - INFO - /srv/http/bkmks_fotos/articles/Sultan_a_simpler_subprocess.md
2021-10-26T22:49:14.961432+0100 - __main__ - INFO - Creating_FULLTEXT_Indexes_for_Full-Text_Search.md
2021-10-26T22:49:14.961532+0100 - __main__ - INFO - /srv/http/bkmks_fotos/articles/Creating_FULLTEXT_Indexes_for_Full-Text_Search.md
2021-10-26T22:49:14.961649+0100 - __main__ - INFO - Create_MySQl's__Full_Text_Indexes.md
2021-10-26T22:49:14.961750+0100 - __main__ - INFO - /srv/http/bkmks_fotos/articles/Create_MySQl's__Full_Text_Indexes.md
2021-10-26T22:49:14.961867+0100 - __main__ - INFO - Mycli,_Mysql_in_Terminal.md
2021-10-26T22:49:14.961968+0100 - __main__ - INFO - /srv/http/bkmks_fotos/articles/Mycli,_Mysql_in_Terminal.md
2021-10-26T22:49:14.962083+0100 - __main__ - INFO - How_To_Use_Rsync_to_Sync_Local_and_Remote_Directories.md
2021-10-26T22:49:14.962184+0100 - __main__ - INFO - /srv/http/bkmks_fotos/articles/How_To_Use_Rsync_to_Sync_Local_and_Remote_Directories.md
2021-10-26T22:49:14.962300+0100 - __main__ - INFO - How_to_install_Gitea.md
2021-10-26T22:49:14.962398+0100 - __main__ - INFO - /srv/http/bkmks_fotos/articles/How_to_install_Gitea.md
2021-10-26T22:49:14.962514+0100 - __main__ - INFO - Rich.md
2021-10-26T22:49:14.962615+0100 - __main__ - INFO - /srv/http/bkmks_fotos/articles/Rich.md
2021-10-26T22:49:14.962732+0100 - __main__ - INFO - Cherrypy.md
2021-10-26T22:49:14.962846+0100 - __main__ - INFO - /srv/http/bkmks_fotos/articles/Cherrypy.md
2021-10-26T22:49:14.963013+0100 - __main__ - INFO - Bookcut.md
2021-10-26T22:49:14.963129+0100 - __main__ - INFO - /srv/http/bkmks_fotos/articles/Bookcut.md
2021-10-26T22:49:14.963246+0100 - __main__ - INFO - Artvee.md
2021-10-26T22:49:14.963314+0100 - __main__ - INFO - /srv/http/bkmks_fotos/articles/Artvee.md
2021-10-26T22:49:14.963461+0100 - __main__ - INFO - Lighttpd_Documentation.md
2021-10-26T22:49:14.963527+0100 - __main__ - INFO - /srv/http/bkmks_fotos/articles/Lighttpd_Documentation.md
2021-10-26T22:49:14.963680+0100 - __main__ - INFO - HTML_to_Markdown_Converter.md
2021-10-26T22:49:14.963747+0100 - __main__ - INFO - /srv/http/bkmks_fotos/articles/HTML_to_Markdown_Converter.md
2021-10-26T22:49:14.963862+0100 - __main__ - INFO - Resize_Images.md
2021-10-26T22:49:14.963928+0100 - __main__ - INFO - /srv/http/bkmks_fotos/articles/Resize_Images.md
2021-10-26T22:49:14.964043+0100 - __main__ - INFO - Ls-colors.md
2021-10-26T22:49:14.964108+0100 - __main__ - INFO - /srv/http/bkmks_fotos/articles/Ls-colors.md
2021-10-26T22:49:14.964223+0100 - __main__ - INFO - warning:_remote_HEAD_refers_to_nonexistent_ref.md
2021-10-26T22:49:14.964290+0100 - __main__ - INFO - /srv/http/bkmks_fotos/articles/warning:_remote_HEAD_refers_to_nonexistent_ref.md
2021-10-26T22:49:14.964407+0100 - __main__ - INFO - Getting_Started_With_Nginx.md
2021-10-26T22:49:14.964504+0100 - __main__ - INFO - /srv/http/bkmks_fotos/articles/Getting_Started_With_Nginx.md
2021-10-26T22:49:14.964647+0100 - __main__ - INFO - Serve_PHP_with_PHP-FPM_and_NGINX.md
2021-10-26T22:49:14.964766+0100 - __main__ - INFO - /srv/http/bkmks_fotos/articles/Serve_PHP_with_PHP-FPM_and_NGINX.md
2021-10-26T22:49:14.964898+0100 - __main__ - INFO - How_to_fetch_data_from_Database_in_PHP_PDO_.md
2021-10-26T22:49:14.964981+0100 - __main__ - INFO - /srv/http/bkmks_fotos/articles/How_to_fetch_data_from_Database_in_PHP_PDO_.md
2021-10-26T22:49:14.965161+0100 - __main__ - INFO - See_Icons_in_Font.md
2021-10-26T22:49:14.965230+0100 - __main__ - INFO - /srv/http/bkmks_fotos/articles/See_Icons_in_Font.md
2021-10-26T22:49:14.965396+0100 - __main__ - INFO - See_glyphs_in_font.md
2021-10-26T22:49:14.965512+0100 - __main__ - INFO - /srv/http/bkmks_fotos/articles/See_glyphs_in_font.md
2021-10-26T22:49:14.965677+0100 - __main__ - INFO - Markdown_Cheatsheet.md
2021-10-26T22:49:14.965758+0100 - __main__ - INFO - /srv/http/bkmks_fotos/articles/Markdown_Cheatsheet.md
2021-10-26T22:49:14.965922+0100 - __main__ - INFO - Vim_PHP_Code_Sniffer.md
2021-10-26T22:49:14.966005+0100 - __main__ - INFO - /srv/http/bkmks_fotos/articles/Vim_PHP_Code_Sniffer.md
2021-10-26T22:49:14.966155+0100 - __main__ - INFO - PHP-CS_FIXER.md
2021-10-26T22:49:14.966222+0100 - __main__ - INFO - /srv/http/bkmks_fotos/articles/PHP-CS_FIXER.md
2021-10-26T22:49:14.966339+0100 - __main__ - INFO - How_to_style_a_radio_buttons_form.md
2021-10-26T22:49:14.966407+0100 - __main__ - INFO - /srv/http/bkmks_fotos/articles/How_to_style_a_radio_buttons_form.md
2021-10-26T22:49:14.966526+0100 - __main__ - INFO - Password_for_Web_Directories.md
2021-10-26T22:49:14.966593+0100 - __main__ - INFO - /srv/http/bkmks_fotos/articles/Password_for_Web_Directories.md
2021-10-26T22:49:14.966740+0100 - __main__ - INFO - Free_Frontend.md
2021-10-26T22:49:14.966809+0100 - __main__ - INFO - /srv/http/bkmks_fotos/articles/Free_Frontend.md
2021-10-26T22:49:14.966977+0100 - __main__ - INFO - Change_Colors_of_PNG_Files.md
2021-10-26T22:49:14.967061+0100 - __main__ - INFO - /srv/http/bkmks_fotos/articles/Change_Colors_of_PNG_Files.md
2021-10-26T22:49:14.967212+0100 - __main__ - INFO - Sass.md
2021-10-26T22:49:14.967328+0100 - __main__ - INFO - /srv/http/bkmks_fotos/articles/Sass.md
2021-10-26T22:49:14.967495+0100 - __main__ - INFO - Vertically_center_an_element_in_CSS.md
2021-10-26T22:49:14.967563+0100 - __main__ - INFO - /srv/http/bkmks_fotos/articles/Vertically_center_an_element_in_CSS.md
2021-10-26T22:49:14.967682+0100 - __main__ - INFO - On_Scroll_Header.md
2021-10-26T22:49:14.967750+0100 - __main__ - INFO - /srv/http/bkmks_fotos/articles/On_Scroll_Header.md
2021-10-26T22:49:14.967868+0100 - __main__ - INFO - Transformer.md
2021-10-26T22:49:14.967936+0100 - __main__ - INFO - /srv/http/bkmks_fotos/articles/Transformer.md
2021-10-26T22:49:14.968054+0100 - __main__ - INFO - All_selectors.md
2021-10-26T22:49:14.968121+0100 - __main__ - INFO - /srv/http/bkmks_fotos/articles/All_selectors.md
2021-10-26T22:49:14.968240+0100 - __main__ - INFO - Learn_You_a_Haskell_for_Great_Good!.md
2021-10-26T22:49:14.968307+0100 - __main__ - INFO - /srv/http/bkmks_fotos/articles/Learn_You_a_Haskell_for_Great_Good!.md
2021-10-26T22:49:14.968440+0100 - __main__ - INFO - Code_Beautify.md
2021-10-26T22:49:14.968523+0100 - __main__ - INFO - /srv/http/bkmks_fotos/articles/Code_Beautify.md
2021-10-26T22:49:14.968690+0100 - __main__ - INFO - txt2html.md
2021-10-26T22:49:14.968774+0100 - __main__ - INFO - /srv/http/bkmks_fotos/articles/txt2html.md
2021-10-26T22:49:14.968923+0100 - __main__ - INFO - Find_and_Replace_Text_in_Vim.md
2021-10-26T22:49:14.968990+0100 - __main__ - INFO - /srv/http/bkmks_fotos/articles/Find_and_Replace_Text_in_Vim.md
2021-10-26T22:49:14.969140+0100 - __main__ - INFO - CSS_Frameworks_List.md
2021-10-26T22:49:14.969207+0100 - __main__ - INFO - /srv/http/bkmks_fotos/articles/CSS_Frameworks_List.md
2021-10-26T22:49:14.969357+0100 - __main__ - INFO - Black.md
2021-10-26T22:49:14.969441+0100 - __main__ - INFO - /srv/http/bkmks_fotos/articles/Black.md
2021-10-26T22:49:14.969595+0100 - __main__ - INFO - Arrow.md
2021-10-26T22:49:14.969679+0100 - __main__ - INFO - /srv/http/bkmks_fotos/articles/Arrow.md
2021-10-26T22:49:14.969829+0100 - __main__ - INFO - Flake8.md
2021-10-26T22:49:14.969897+0100 - __main__ - INFO - /srv/http/bkmks_fotos/articles/Flake8.md
2021-10-26T22:49:14.970021+0100 - __main__ - INFO - sathadhy.md
2021-10-26T22:49:14.970090+0100 - __main__ - INFO - /srv/http/bkmks_fotos/articles/sathadhy.md
2021-10-26T22:49:14.970208+0100 - __main__ - INFO - Urwid.md
2021-10-26T22:49:14.970276+0100 - __main__ - INFO - /srv/http/bkmks_fotos/articles/Urwid.md
2021-10-26T22:49:14.970397+0100 - __main__ - INFO - Ricepedia.md
2021-10-26T22:49:14.970464+0100 - __main__ - INFO - /srv/http/bkmks_fotos/articles/Ricepedia.md
2021-10-26T22:49:14.970581+0100 - __main__ - INFO - Fselect.md
2021-10-26T22:49:14.970648+0100 - __main__ - INFO - /srv/http/bkmks_fotos/articles/Fselect.md
2021-10-26T22:49:14.970765+0100 - __main__ - INFO - Navi.md
2021-10-26T22:49:14.970832+0100 - __main__ - INFO - /srv/http/bkmks_fotos/articles/Navi.md
2021-10-26T22:49:14.970948+0100 - __main__ - INFO - How2.md
2021-10-26T22:49:14.971015+0100 - __main__ - INFO - /srv/http/bkmks_fotos/articles/How2.md
2021-10-26T22:49:14.971132+0100 - __main__ - INFO - hr.md
2021-10-26T22:49:14.971198+0100 - __main__ - INFO - /srv/http/bkmks_fotos/articles/hr.md
2021-10-26T22:49:14.971329+0100 - __main__ - INFO - k.md
2021-10-26T22:49:14.971412+0100 - __main__ - INFO - /srv/http/bkmks_fotos/articles/k.md
2021-10-26T22:49:14.971576+0100 - __main__ - INFO - Loop.md
2021-10-26T22:49:14.971659+0100 - __main__ - INFO - /srv/http/bkmks_fotos/articles/Loop.md
2021-10-26T22:49:14.971824+0100 - __main__ - INFO - Marker.md
2021-10-26T22:49:14.971907+0100 - __main__ - INFO - /srv/http/bkmks_fotos/articles/Marker.md
2021-10-26T22:49:14.972023+0100 - __main__ - INFO - SHML.md
2021-10-26T22:49:14.972090+0100 - __main__ - INFO - /srv/http/bkmks_fotos/articles/SHML.md
2021-10-26T22:49:14.972206+0100 - __main__ - INFO - add-gitignore.md
2021-10-26T22:49:14.972272+0100 - __main__ - INFO - /srv/http/bkmks_fotos/articles/add-gitignore.md
2021-10-26T22:49:14.972388+0100 - __main__ - INFO - Visualize_Python_Code.md
2021-10-26T22:49:14.972472+0100 - __main__ - INFO - /srv/http/bkmks_fotos/articles/Visualize_Python_Code.md
2021-10-26T22:49:14.972620+0100 - __main__ - INFO - Requests.md
2021-10-26T22:49:14.972703+0100 - __main__ - INFO - /srv/http/bkmks_fotos/articles/Requests.md
2021-10-26T22:49:14.972819+0100 - __main__ - INFO - Scrapy.md
2021-10-26T22:49:14.972887+0100 - __main__ - INFO - /srv/http/bkmks_fotos/articles/Scrapy.md
2021-10-26T22:49:14.973004+0100 - __main__ - INFO - pycrumbs.md
2021-10-26T22:49:14.973074+0100 - __main__ - INFO - /srv/http/bkmks_fotos/articles/pycrumbs.md
2021-10-26T22:49:14.973198+0100 - __main__ - INFO - awesome-awesomeness.md
2021-10-26T22:49:14.973268+0100 - __main__ - INFO - /srv/http/bkmks_fotos/articles/awesome-awesomeness.md
2021-10-26T22:49:14.973413+0100 - __main__ - INFO - codementor.md
2021-10-26T22:49:14.973481+0100 - __main__ - INFO - /srv/http/bkmks_fotos/articles/codementor.md
2021-10-26T22:49:14.973634+0100 - __main__ - INFO - Using_Scrapy_for_Python.md
2021-10-26T22:49:14.973737+0100 - __main__ - INFO - /srv/http/bkmks_fotos/articles/Using_Scrapy_for_Python.md
2021-10-26T22:49:14.973958+0100 - __main__ - INFO - Pytermgui.md
2021-10-26T22:49:14.974079+0100 - __main__ - INFO - /srv/http/bkmks_fotos/articles/Pytermgui.md
2021-10-26T22:49:14.974231+0100 - __main__ - INFO - Ripgrep.md
2021-10-26T22:49:14.974301+0100 - __main__ - INFO - /srv/http/bkmks_fotos/articles/Ripgrep.md
2021-10-26T22:49:14.974447+0100 - __main__ - INFO - Python_Projects.md
2021-10-26T22:49:14.974523+0100 - __main__ - INFO - /srv/http/bkmks_fotos/articles/Python_Projects.md
2021-10-26T22:49:14.974650+0100 - __main__ - INFO - Spell_Check_in_Vim.md
2021-10-26T22:49:14.974741+0100 - __main__ - INFO - /srv/http/bkmks_fotos/articles/Spell_Check_in_Vim.md
2021-10-26T22:49:14.974885+0100 - __main__ - INFO - Python_Like_You_mean_It.md
2021-10-26T22:49:14.974996+0100 - __main__ - INFO - /srv/http/bkmks_fotos/articles/Python_Like_You_mean_It.md
2021-10-26T22:49:14.975163+0100 - __main__ - INFO - Special_HTML_characters_and_codes.md
2021-10-26T22:49:14.975231+0100 - __main__ - INFO - /srv/http/bkmks_fotos/articles/Special_HTML_characters_and_codes.md
2021-10-26T22:49:14.975405+0100 - __main__ - INFO - Google_Style_Guide.md
2021-10-26T22:49:14.975509+0100 - __main__ - INFO - /srv/http/bkmks_fotos/articles/Google_Style_Guide.md
2021-10-26T22:49:14.975675+0100 - __main__ - INFO - Orator.md
2021-10-26T22:49:14.975790+0100 - __main__ - INFO - /srv/http/bkmks_fotos/articles/Orator.md
2021-10-26T22:49:14.975954+0100 - __main__ - INFO - Sed_Documentation.md
2021-10-26T22:49:14.976038+0100 - __main__ - INFO - /srv/http/bkmks_fotos/articles/Sed_Documentation.md
2021-10-26T22:49:14.976188+0100 - __main__ - INFO - What_characters_to_escape_in_Sed.md
2021-10-26T22:49:14.976303+0100 - __main__ - INFO - /srv/http/bkmks_fotos/articles/What_characters_to_escape_in_Sed.md
2021-10-26T22:49:14.976452+0100 - __main__ - INFO - Loop_through_file_in_Bash.md
2021-10-26T22:49:14.976536+0100 - __main__ - INFO - /srv/http/bkmks_fotos/articles/Loop_through_file_in_Bash.md
2021-10-26T22:49:14.976680+0100 - __main__ - INFO - 50_Sed_Commands.md
2021-10-26T22:49:14.976751+0100 - __main__ - INFO - /srv/http/bkmks_fotos/articles/50_Sed_Commands.md
2021-10-26T22:49:14.976884+0100 - __main__ - INFO - Grep,_Awk_and_Sed.md
2021-10-26T22:49:14.976966+0100 - __main__ - INFO - /srv/http/bkmks_fotos/articles/Grep,_Awk_and_Sed.md
2021-10-26T22:49:14.977099+0100 - __main__ - INFO - Sed_Documentation.md
2021-10-26T22:49:14.977180+0100 - __main__ - INFO - /srv/http/bkmks_fotos/articles/Sed_Documentation.md
2021-10-26T22:49:14.977311+0100 - __main__ - INFO - Regex101.md
2021-10-26T22:49:14.977409+0100 - __main__ - INFO - /srv/http/bkmks_fotos/articles/Regex101.md
2021-10-26T22:49:14.977556+0100 - __main__ - INFO - One_Liners_for_Sed.md
2021-10-26T22:49:14.977658+0100 - __main__ - INFO - /srv/http/bkmks_fotos/articles/One_Liners_for_Sed.md
2021-10-26T22:49:14.977795+0100 - __main__ - INFO - Sed_Cheatsheet.md
2021-10-26T22:49:14.977863+0100 - __main__ - INFO - /srv/http/bkmks_fotos/articles/Sed_Cheatsheet.md
2021-10-26T22:49:14.977980+0100 - __main__ - INFO - Regular_Expressions_Tutorial.md
2021-10-26T22:49:14.978047+0100 - __main__ - INFO - /srv/http/bkmks_fotos/articles/Regular_Expressions_Tutorial.md
2021-10-26T22:49:14.978196+0100 - __main__ - INFO - XML_Parsing.md
2021-10-26T22:49:14.978263+0100 - __main__ - INFO - /srv/http/bkmks_fotos/articles/XML_Parsing.md
2021-10-26T22:49:14.978379+0100 - __main__ - INFO - List_of_typographical_symbols_and_punctuation_marks.md
2021-10-26T22:49:14.978446+0100 - __main__ - INFO - /srv/http/bkmks_fotos/articles/List_of_typographical_symbols_and_punctuation_marks.md
2021-10-26T22:49:14.978565+0100 - __main__ - INFO - Project_Learn.md
2021-10-26T22:49:14.978632+0100 - __main__ - INFO - /srv/http/bkmks_fotos/articles/Project_Learn.md
2021-10-26T22:49:14.978748+0100 - __main__ - INFO - Logo-ls.md
2021-10-26T22:49:14.978816+0100 - __main__ - INFO - /srv/http/bkmks_fotos/articles/Logo-ls.md
2021-10-26T22:49:14.978931+0100 - __main__ - INFO - FuzzyWuzzy.md
2021-10-26T22:49:14.978998+0100 - __main__ - INFO - /srv/http/bkmks_fotos/articles/FuzzyWuzzy.md
2021-10-26T22:49:14.979114+0100 - __main__ - INFO - FuzzyWuzzy_Tutorial.md
2021-10-26T22:49:14.979180+0100 - __main__ - INFO - /srv/http/bkmks_fotos/articles/FuzzyWuzzy_Tutorial.md
2021-10-26T22:49:14.979295+0100 - __main__ - INFO - Clipmenu.md
2021-10-26T22:49:14.979376+0100 - __main__ - INFO - /srv/http/bkmks_fotos/articles/Clipmenu.md
2021-10-26T22:49:14.979506+0100 - __main__ - INFO - Import_Python_Files_From_Another_Directory.md
2021-10-26T22:49:14.979663+0100 - __main__ - INFO - /srv/http/bkmks_fotos/articles/Import_Python_Files_From_Another_Directory.md
2021-10-26T22:49:14.979815+0100 - __main__ - INFO - Zettelkasten_Method.md
2021-10-26T22:49:14.979882+0100 - __main__ - INFO - /srv/http/bkmks_fotos/articles/Zettelkasten_Method.md
2021-10-26T22:49:14.980044+0100 - __main__ - INFO - Bat.md
2021-10-26T22:49:14.980113+0100 - __main__ - INFO - /srv/http/bkmks_fotos/articles/Bat.md
2021-10-26T22:49:14.980229+0100 - __main__ - INFO - Deploy_Ruby_App_in_Linux_Server.md
2021-10-26T22:49:14.980297+0100 - __main__ - INFO - /srv/http/bkmks_fotos/articles/Deploy_Ruby_App_in_Linux_Server.md
2021-10-26T22:49:14.980515+0100 - __main__ - INFO - LocalTunnel.md
2021-10-26T22:49:14.980582+0100 - __main__ - INFO - /srv/http/bkmks_fotos/articles/LocalTunnel.md
2021-10-26T22:49:14.980765+0100 - __main__ - INFO - Sqlitebiter.md
2021-10-26T22:49:14.980833+0100 - __main__ - INFO - /srv/http/bkmks_fotos/articles/Sqlitebiter.md
2021-10-26T22:49:14.980950+0100 - __main__ - INFO - Boxes.md
2021-10-26T22:49:14.981032+0100 - __main__ - INFO - /srv/http/bkmks_fotos/articles/Boxes.md
2021-10-26T22:49:14.981195+0100 - __main__ - INFO - Pysnooper.md
2021-10-26T22:49:14.981294+0100 - __main__ - INFO - /srv/http/bkmks_fotos/articles/Pysnooper.md
2021-10-26T22:49:14.981410+0100 - __main__ - INFO - Selenium.md
2021-10-26T22:49:14.981509+0100 - __main__ - INFO - /srv/http/bkmks_fotos/articles/Selenium.md
2021-10-26T22:49:14.981655+0100 - __main__ - INFO - Cli_Helpers.md
2021-10-26T22:49:14.981755+0100 - __main__ - INFO - /srv/http/bkmks_fotos/articles/Cli_Helpers.md
2021-10-26T22:49:14.981936+0100 - __main__ - INFO - Flask_Now.md
2021-10-26T22:49:14.982072+0100 - __main__ - INFO - /srv/http/bkmks_fotos/articles/Flask_Now.md
2021-10-26T22:49:14.982237+0100 - __main__ - INFO - Add_search_to_Hugo_static_sites_with_Lunr.md
2021-10-26T22:49:14.982323+0100 - __main__ - INFO - /srv/http/bkmks_fotos/articles/Add_search_to_Hugo_static_sites_with_Lunr.md
2021-10-26T22:49:14.982441+0100 - __main__ - INFO - SQLAlchemy_Tutorial.md
2021-10-26T22:49:14.982509+0100 - __main__ - INFO - /srv/http/bkmks_fotos/articles/SQLAlchemy_Tutorial.md
2021-10-26T22:50:51.616527+0100 - __main__ - INFO - AutoExpect.md
2021-10-26T22:50:51.616701+0100 - __main__ - INFO - /srv/http/bkmks_fotos/articles/AutoExpect.md
2021-10-26T22:50:51.616968+0100 - __main__ - INFO - A_brief_introduction_to_GPG_.md
2021-10-26T22:50:51.617061+0100 - __main__ - INFO - /srv/http/bkmks_fotos/articles/A_brief_introduction_to_GPG_.md
2021-10-26T22:50:51.617239+0100 - __main__ - INFO - How_to_configure_Backblaze_B2_with_Duplicity_on_Linux.md
2021-10-26T22:50:51.617360+0100 - __main__ - INFO - /srv/http/bkmks_fotos/articles/How_to_configure_Backblaze_B2_with_Duplicity_on_Linux.md
2021-10-26T22:50:51.617516+0100 - __main__ - INFO - Crontab_Guru.md
2021-10-26T22:50:51.617593+0100 - __main__ - INFO - /srv/http/bkmks_fotos/articles/Crontab_Guru.md
2021-10-26T22:50:51.617719+0100 - __main__ - INFO - Append_Current_Date_To_Filename_in_Bash_Shell.md
2021-10-26T22:50:51.617789+0100 - __main__ - INFO - /srv/http/bkmks_fotos/articles/Append_Current_Date_To_Filename_in_Bash_Shell.md
2021-10-26T22:50:51.617912+0100 - __main__ - INFO - Easy_Incremental_Backups_With_Tar.md
2021-10-26T22:50:51.617982+0100 - __main__ - INFO - /srv/http/bkmks_fotos/articles/Easy_Incremental_Backups_With_Tar.md
2021-10-26T22:50:51.618104+0100 - __main__ - INFO - Automated_Clonezilla_BackupRestore.md
2021-10-26T22:50:51.618173+0100 - __main__ - INFO - /srv/http/bkmks_fotos/articles/Automated_Clonezilla_BackupRestore.md
2021-10-26T22:50:51.618292+0100 - __main__ - INFO - Trending_vim_color_schemes.md
2021-10-26T22:50:51.618386+0100 - __main__ - INFO - /srv/http/bkmks_fotos/articles/Trending_vim_color_schemes.md
2021-10-26T22:50:51.618531+0100 - __main__ - INFO - ASCII_Generator.md
2021-10-26T22:50:51.618600+0100 - __main__ - INFO - /srv/http/bkmks_fotos/articles/ASCII_Generator.md
2021-10-26T22:50:51.618718+0100 - __main__ - INFO - ButterBlog.md
2021-10-26T22:50:51.618786+0100 - __main__ - INFO - /srv/http/bkmks_fotos/articles/ButterBlog.md
2021-10-26T22:50:51.618903+0100 - __main__ - INFO - Short_URL.md
2021-10-26T22:50:51.618970+0100 - __main__ - INFO - /srv/http/bkmks_fotos/articles/Short_URL.md
2021-10-26T22:50:51.619092+0100 - __main__ - INFO - Clonezilla_documentation.md
2021-10-26T22:50:51.619159+0100 - __main__ - INFO - /srv/http/bkmks_fotos/articles/Clonezilla_documentation.md
2021-10-26T22:50:51.619276+0100 - __main__ - INFO - Good_Python_SQLite3_Tutorial.md
2021-10-26T22:50:51.619342+0100 - __main__ - INFO - /srv/http/bkmks_fotos/articles/Good_Python_SQLite3_Tutorial.md
2021-10-26T22:50:51.619460+0100 - __main__ - INFO - SQLite_Tutorial.md
2021-10-26T22:50:51.619527+0100 - __main__ - INFO - /srv/http/bkmks_fotos/articles/SQLite_Tutorial.md
2021-10-26T22:50:51.619643+0100 - __main__ - INFO - Snap_Store.md
2021-10-26T22:50:51.619711+0100 - __main__ - INFO - /srv/http/bkmks_fotos/articles/Snap_Store.md
2021-10-26T22:50:51.619855+0100 - __main__ - INFO - Deezer.md
2021-10-26T22:50:51.619921+0100 - __main__ - INFO - /srv/http/bkmks_fotos/articles/Deezer.md
2021-10-26T22:50:51.620071+0100 - __main__ - INFO - See_glyphs_in_font.md
2021-10-26T22:50:51.620139+0100 - __main__ - INFO - /srv/http/bkmks_fotos/articles/See_glyphs_in_font.md
2021-10-26T22:50:51.620256+0100 - __main__ - INFO - Machine_Learning_from_Scratch.md
2021-10-26T22:50:51.620322+0100 - __main__ - INFO - /srv/http/bkmks_fotos/articles/Machine_Learning_from_Scratch.md
2021-10-26T22:50:51.620439+0100 - __main__ - INFO - Sci-Hub.md
2021-10-26T22:50:51.620506+0100 - __main__ - INFO - /srv/http/bkmks_fotos/articles/Sci-Hub.md
2021-10-26T22:50:51.620622+0100 - __main__ - INFO - Library_Genesis.md
2021-10-26T22:50:51.620688+0100 - __main__ - INFO - /srv/http/bkmks_fotos/articles/Library_Genesis.md
2021-10-26T22:50:51.620805+0100 - __main__ - INFO - ManyBooks.md
2021-10-26T22:50:51.620871+0100 - __main__ - INFO - /srv/http/bkmks_fotos/articles/ManyBooks.md
2021-10-26T22:50:51.620988+0100 - __main__ - INFO - Zlibrary.md
2021-10-26T22:50:51.621056+0100 - __main__ - INFO - /srv/http/bkmks_fotos/articles/Zlibrary.md
2021-10-26T22:50:51.621227+0100 - __main__ - INFO - Tresorit_Cli.md
2021-10-26T22:50:51.621294+0100 - __main__ - INFO - /srv/http/bkmks_fotos/articles/Tresorit_Cli.md
2021-10-26T22:50:51.621414+0100 - __main__ - INFO - Dive_Into_Deep_Learning.md
2021-10-26T22:50:51.621483+0100 - __main__ - INFO - /srv/http/bkmks_fotos/articles/Dive_Into_Deep_Learning.md
2021-10-26T22:50:51.621601+0100 - __main__ - INFO - Numpy_Quick_Start.md
2021-10-26T22:50:51.621668+0100 - __main__ - INFO - /srv/http/bkmks_fotos/articles/Numpy_Quick_Start.md
2021-10-26T22:50:51.621785+0100 - __main__ - INFO - Bitly_URL_Shortener.md
2021-10-26T22:50:51.621851+0100 - __main__ - INFO - /srv/http/bkmks_fotos/articles/Bitly_URL_Shortener.md
2021-10-26T22:50:51.621968+0100 - __main__ - INFO - Python_Data_Science_Handbook_Online.md
2021-10-26T22:50:51.622034+0100 - __main__ - INFO - /srv/http/bkmks_fotos/articles/Python_Data_Science_Handbook_Online.md
2021-10-26T22:50:51.622151+0100 - __main__ - INFO - Numpy_Exercises_Python.md
2021-10-26T22:50:51.622218+0100 - __main__ - INFO - /srv/http/bkmks_fotos/articles/Numpy_Exercises_Python.md
2021-10-26T22:50:51.622334+0100 - __main__ - INFO - O_meu_ficheiro_no_Colab.md
2021-10-26T22:50:51.622400+0100 - __main__ - INFO - /srv/http/bkmks_fotos/articles/O_meu_ficheiro_no_Colab.md
2021-10-26T22:50:51.622516+0100 - __main__ - INFO - Intro_to_Machine_Learning.md
2021-10-26T22:50:51.622583+0100 - __main__ - INFO - /srv/http/bkmks_fotos/articles/Intro_to_Machine_Learning.md
2021-10-26T22:50:51.622704+0100 - __main__ - INFO - Numpy_Quick_Start.md
2021-10-26T22:50:51.622771+0100 - __main__ - INFO - /srv/http/bkmks_fotos/articles/Numpy_Quick_Start.md
2021-10-26T22:50:51.622887+0100 - __main__ - INFO - Questionary.md
2021-10-26T22:50:51.623015+0100 - __main__ - INFO - /srv/http/bkmks_fotos/articles/Questionary.md
2021-10-26T22:50:51.623146+0100 - __main__ - INFO - Questionnaire.md
2021-10-26T22:50:51.623213+0100 - __main__ - INFO - /srv/http/bkmks_fotos/articles/Questionnaire.md
2021-10-26T22:50:51.623368+0100 - __main__ - INFO - Keybindings_in_ZSH.md
2021-10-26T22:50:51.623436+0100 - __main__ - INFO - /srv/http/bkmks_fotos/articles/Keybindings_in_ZSH.md
2021-10-26T22:50:51.623558+0100 - __main__ - INFO - Normalization_Techniques_in_Python_Using_NumPy.md
2021-10-26T22:50:51.623625+0100 - __main__ - INFO - /srv/http/bkmks_fotos/articles/Normalization_Techniques_in_Python_Using_NumPy.md
2021-10-26T22:50:51.623743+0100 - __main__ - INFO - Router_MEO.md
2021-10-26T22:50:51.623810+0100 - __main__ - INFO - /srv/http/bkmks_fotos/articles/Router_MEO.md
2021-10-26T22:50:51.623927+0100 - __main__ - INFO - Mailx_Cheat_Sheet.md
2021-10-26T22:50:51.623993+0100 - __main__ - INFO - /srv/http/bkmks_fotos/articles/Mailx_Cheat_Sheet.md
2021-10-26T22:50:51.624110+0100 - __main__ - INFO - Use_Traceroute_and_MTR.md
2021-10-26T22:50:51.624177+0100 - __main__ - INFO - /srv/http/bkmks_fotos/articles/Use_Traceroute_and_MTR.md
2021-10-26T22:50:51.624292+0100 - __main__ - INFO - How_to_create_a_Mail_server_with_SSLTLS_on_Linux.md
2021-10-26T22:50:51.624359+0100 - __main__ - INFO - /srv/http/bkmks_fotos/articles/How_to_create_a_Mail_server_with_SSLTLS_on_Linux.md
2021-10-26T22:50:51.624475+0100 - __main__ - INFO - 256_Colors_Cheat_Sheet.md
2021-10-26T22:50:51.624542+0100 - __main__ - INFO - /srv/http/bkmks_fotos/articles/256_Colors_Cheat_Sheet.md
2021-10-26T22:50:51.624659+0100 - __main__ - INFO - Icecream_Python_Debugging_Tool.md
2021-10-26T22:50:51.624725+0100 - __main__ - INFO - /srv/http/bkmks_fotos/articles/Icecream_Python_Debugging_Tool.md
2021-10-26T22:50:51.624842+0100 - __main__ - INFO - Trepan_Python_Debugger.md
2021-10-26T22:50:51.624908+0100 - __main__ - INFO - /srv/http/bkmks_fotos/articles/Trepan_Python_Debugger.md
2021-10-26T22:50:51.625023+0100 - __main__ - INFO - Git_platform_where_I_keep_my_stuff.md
2021-10-26T22:50:51.625090+0100 - __main__ - INFO - /srv/http/bkmks_fotos/articles/Git_platform_where_I_keep_my_stuff.md
2021-10-26T22:50:51.625205+0100 - __main__ - INFO - Git_Documentation.md
2021-10-26T22:50:51.625272+0100 - __main__ - INFO - /srv/http/bkmks_fotos/articles/Git_Documentation.md
2021-10-26T22:50:51.625388+0100 - __main__ - INFO - Creating_Vim_templates.md
2021-10-26T22:50:51.625455+0100 - __main__ - INFO - /srv/http/bkmks_fotos/articles/Creating_Vim_templates.md
2021-10-26T22:50:51.625571+0100 - __main__ - INFO - EverSQL.md
2021-10-26T22:50:51.625637+0100 - __main__ - INFO - /srv/http/bkmks_fotos/articles/EverSQL.md
2021-10-26T22:50:51.625753+0100 - __main__ - INFO - List_of_Project_Based_Python_Lessons.md
2021-10-26T22:50:51.625819+0100 - __main__ - INFO - /srv/http/bkmks_fotos/articles/List_of_Project_Based_Python_Lessons.md
2021-10-26T22:50:51.625934+0100 - __main__ - INFO - Fire.md
2021-10-26T22:50:51.626001+0100 - __main__ - INFO - /srv/http/bkmks_fotos/articles/Fire.md
2021-10-26T22:50:51.626117+0100 - __main__ - INFO - Visidata.md
2021-10-26T22:50:51.626183+0100 - __main__ - INFO - /srv/http/bkmks_fotos/articles/Visidata.md
2021-10-26T22:50:51.626298+0100 - __main__ - INFO - CliFlix.md
2021-10-26T22:50:51.626364+0100 - __main__ - INFO - /srv/http/bkmks_fotos/articles/CliFlix.md
2021-10-26T22:50:51.626478+0100 - __main__ - INFO - Sultan_a_simpler_subprocess.md
2021-10-26T22:50:51.626544+0100 - __main__ - INFO - /srv/http/bkmks_fotos/articles/Sultan_a_simpler_subprocess.md
2021-10-26T22:50:51.626683+0100 - __main__ - INFO - Creating_FULLTEXT_Indexes_for_Full-Text_Search.md
2021-10-26T22:50:51.626774+0100 - __main__ - INFO - /srv/http/bkmks_fotos/articles/Creating_FULLTEXT_Indexes_for_Full-Text_Search.md
2021-10-26T22:50:51.626892+0100 - __main__ - INFO - Create_MySQl's__Full_Text_Indexes.md
2021-10-26T22:50:51.626959+0100 - __main__ - INFO - /srv/http/bkmks_fotos/articles/Create_MySQl's__Full_Text_Indexes.md
2021-10-26T22:50:51.627076+0100 - __main__ - INFO - Mycli,_Mysql_in_Terminal.md
2021-10-26T22:50:51.627143+0100 - __main__ - INFO - /srv/http/bkmks_fotos/articles/Mycli,_Mysql_in_Terminal.md
2021-10-26T22:50:51.627260+0100 - __main__ - INFO - How_To_Use_Rsync_to_Sync_Local_and_Remote_Directories.md
2021-10-26T22:50:51.627327+0100 - __main__ - INFO - /srv/http/bkmks_fotos/articles/How_To_Use_Rsync_to_Sync_Local_and_Remote_Directories.md
2021-10-26T22:50:51.627443+0100 - __main__ - INFO - How_to_install_Gitea.md
2021-10-26T22:50:51.627514+0100 - __main__ - INFO - /srv/http/bkmks_fotos/articles/How_to_install_Gitea.md
2021-10-26T22:50:51.627632+0100 - __main__ - INFO - Rich.md
2021-10-26T22:50:51.627698+0100 - __main__ - INFO - /srv/http/bkmks_fotos/articles/Rich.md
2021-10-26T22:50:51.627813+0100 - __main__ - INFO - Cherrypy.md
2021-10-26T22:50:51.627880+0100 - __main__ - INFO - /srv/http/bkmks_fotos/articles/Cherrypy.md
2021-10-26T22:50:51.627995+0100 - __main__ - INFO - Bookcut.md
2021-10-26T22:50:51.628060+0100 - __main__ - INFO - /srv/http/bkmks_fotos/articles/Bookcut.md
2021-10-26T22:50:51.628176+0100 - __main__ - INFO - Artvee.md
2021-10-26T22:50:51.628242+0100 - __main__ - INFO - /srv/http/bkmks_fotos/articles/Artvee.md
2021-10-26T22:50:51.628357+0100 - __main__ - INFO - Lighttpd_Documentation.md
2021-10-26T22:50:51.628423+0100 - __main__ - INFO - /srv/http/bkmks_fotos/articles/Lighttpd_Documentation.md
2021-10-26T22:50:51.628537+0100 - __main__ - INFO - HTML_to_Markdown_Converter.md
2021-10-26T22:50:51.628611+0100 - __main__ - INFO - /srv/http/bkmks_fotos/articles/HTML_to_Markdown_Converter.md
2021-10-26T22:50:51.628734+0100 - __main__ - INFO - Resize_Images.md
2021-10-26T22:50:51.628801+0100 - __main__ - INFO - /srv/http/bkmks_fotos/articles/Resize_Images.md
2021-10-26T22:50:51.628918+0100 - __main__ - INFO - Ls-colors.md
2021-10-26T22:50:51.628985+0100 - __main__ - INFO - /srv/http/bkmks_fotos/articles/Ls-colors.md
2021-10-26T22:50:51.629101+0100 - __main__ - INFO - warning:_remote_HEAD_refers_to_nonexistent_ref.md
2021-10-26T22:50:51.629168+0100 - __main__ - INFO - /srv/http/bkmks_fotos/articles/warning:_remote_HEAD_refers_to_nonexistent_ref.md
2021-10-26T22:50:51.629284+0100 - __main__ - INFO - Getting_Started_With_Nginx.md
2021-10-26T22:50:51.629350+0100 - __main__ - INFO - /srv/http/bkmks_fotos/articles/Getting_Started_With_Nginx.md
2021-10-26T22:50:51.629466+0100 - __main__ - INFO - Serve_PHP_with_PHP-FPM_and_NGINX.md
2021-10-26T22:50:51.629532+0100 - __main__ - INFO - /srv/http/bkmks_fotos/articles/Serve_PHP_with_PHP-FPM_and_NGINX.md
2021-10-26T22:50:51.629648+0100 - __main__ - INFO - How_to_fetch_data_from_Database_in_PHP_PDO_.md
2021-10-26T22:50:51.629714+0100 - __main__ - INFO - /srv/http/bkmks_fotos/articles/How_to_fetch_data_from_Database_in_PHP_PDO_.md
2021-10-26T22:50:51.629845+0100 - __main__ - INFO - See_Icons_in_Font.md
2021-10-26T22:50:51.629913+0100 - __main__ - INFO - /srv/http/bkmks_fotos/articles/See_Icons_in_Font.md
2021-10-26T22:50:51.630060+0100 - __main__ - INFO - See_glyphs_in_font.md
2021-10-26T22:50:51.630135+0100 - __main__ - INFO - /srv/http/bkmks_fotos/articles/See_glyphs_in_font.md
2021-10-26T22:50:51.630253+0100 - __main__ - INFO - Markdown_Cheatsheet.md
2021-10-26T22:50:51.630320+0100 - __main__ - INFO - /srv/http/bkmks_fotos/articles/Markdown_Cheatsheet.md
2021-10-26T22:50:51.630436+0100 - __main__ - INFO - Vim_PHP_Code_Sniffer.md
2021-10-26T22:50:51.630503+0100 - __main__ - INFO - /srv/http/bkmks_fotos/articles/Vim_PHP_Code_Sniffer.md
2021-10-26T22:50:51.630618+0100 - __main__ - INFO - PHP-CS_FIXER.md
2021-10-26T22:50:51.630685+0100 - __main__ - INFO - /srv/http/bkmks_fotos/articles/PHP-CS_FIXER.md
2021-10-26T22:50:51.630801+0100 - __main__ - INFO - How_to_style_a_radio_buttons_form.md
2021-10-26T22:50:51.630867+0100 - __main__ - INFO - /srv/http/bkmks_fotos/articles/How_to_style_a_radio_buttons_form.md
2021-10-26T22:50:51.630984+0100 - __main__ - INFO - Password_for_Web_Directories.md
2021-10-26T22:50:51.631050+0100 - __main__ - INFO - /srv/http/bkmks_fotos/articles/Password_for_Web_Directories.md
2021-10-26T22:50:51.631166+0100 - __main__ - INFO - Free_Frontend.md
2021-10-26T22:50:51.631232+0100 - __main__ - INFO - /srv/http/bkmks_fotos/articles/Free_Frontend.md
2021-10-26T22:50:51.631348+0100 - __main__ - INFO - Change_Colors_of_PNG_Files.md
2021-10-26T22:50:51.631415+0100 - __main__ - INFO - /srv/http/bkmks_fotos/articles/Change_Colors_of_PNG_Files.md
2021-10-26T22:50:51.631531+0100 - __main__ - INFO - Sass.md
2021-10-26T22:50:51.631597+0100 - __main__ - INFO - /srv/http/bkmks_fotos/articles/Sass.md
2021-10-26T22:50:51.631718+0100 - __main__ - INFO - Vertically_center_an_element_in_CSS.md
2021-10-26T22:50:51.631785+0100 - __main__ - INFO - /srv/http/bkmks_fotos/articles/Vertically_center_an_element_in_CSS.md
2021-10-26T22:50:51.631901+0100 - __main__ - INFO - On_Scroll_Header.md
2021-10-26T22:50:51.631968+0100 - __main__ - INFO - /srv/http/bkmks_fotos/articles/On_Scroll_Header.md
2021-10-26T22:50:51.632084+0100 - __main__ - INFO - Transformer.md
2021-10-26T22:50:51.632151+0100 - __main__ - INFO - /srv/http/bkmks_fotos/articles/Transformer.md
2021-10-26T22:50:51.632267+0100 - __main__ - INFO - All_selectors.md
2021-10-26T22:50:51.632333+0100 - __main__ - INFO - /srv/http/bkmks_fotos/articles/All_selectors.md
2021-10-26T22:50:51.632449+0100 - __main__ - INFO - Learn_You_a_Haskell_for_Great_Good!.md
2021-10-26T22:50:51.632515+0100 - __main__ - INFO - /srv/http/bkmks_fotos/articles/Learn_You_a_Haskell_for_Great_Good!.md
2021-10-26T22:50:51.632629+0100 - __main__ - INFO - Code_Beautify.md
2021-10-26T22:50:51.632695+0100 - __main__ - INFO - /srv/http/bkmks_fotos/articles/Code_Beautify.md
2021-10-26T22:50:51.632810+0100 - __main__ - INFO - txt2html.md
2021-10-26T22:50:51.632877+0100 - __main__ - INFO - /srv/http/bkmks_fotos/articles/txt2html.md
2021-10-26T22:50:51.632993+0100 - __main__ - INFO - Find_and_Replace_Text_in_Vim.md
2021-10-26T22:50:51.633059+0100 - __main__ - INFO - /srv/http/bkmks_fotos/articles/Find_and_Replace_Text_in_Vim.md
2021-10-26T22:50:51.633174+0100 - __main__ - INFO - CSS_Frameworks_List.md
2021-10-26T22:50:51.633240+0100 - __main__ - INFO - /srv/http/bkmks_fotos/articles/CSS_Frameworks_List.md
2021-10-26T22:50:51.633406+0100 - __main__ - INFO - Black.md
2021-10-26T22:50:51.633474+0100 - __main__ - INFO - /srv/http/bkmks_fotos/articles/Black.md
2021-10-26T22:50:51.633590+0100 - __main__ - INFO - Arrow.md
2021-10-26T22:50:51.633678+0100 - __main__ - INFO - /srv/http/bkmks_fotos/articles/Arrow.md
2021-10-26T22:50:51.633801+0100 - __main__ - INFO - Flake8.md
2021-10-26T22:50:51.633885+0100 - __main__ - INFO - /srv/http/bkmks_fotos/articles/Flake8.md
2021-10-26T22:50:51.634001+0100 - __main__ - INFO - sathadhy.md
2021-10-26T22:50:51.634067+0100 - __main__ - INFO - /srv/http/bkmks_fotos/articles/sathadhy.md
2021-10-26T22:50:51.634183+0100 - __main__ - INFO - Urwid.md
2021-10-26T22:50:51.634250+0100 - __main__ - INFO - /srv/http/bkmks_fotos/articles/Urwid.md
2021-10-26T22:50:51.634365+0100 - __main__ - INFO - Ricepedia.md
2021-10-26T22:50:51.634431+0100 - __main__ - INFO - /srv/http/bkmks_fotos/articles/Ricepedia.md
2021-10-26T22:50:51.634546+0100 - __main__ - INFO - Fselect.md
2021-10-26T22:50:51.634612+0100 - __main__ - INFO - /srv/http/bkmks_fotos/articles/Fselect.md
2021-10-26T22:50:51.634728+0100 - __main__ - INFO - Navi.md
2021-10-26T22:50:51.634793+0100 - __main__ - INFO - /srv/http/bkmks_fotos/articles/Navi.md
2021-10-26T22:50:51.634909+0100 - __main__ - INFO - How2.md
2021-10-26T22:50:51.634975+0100 - __main__ - INFO - /srv/http/bkmks_fotos/articles/How2.md
2021-10-26T22:50:51.635088+0100 - __main__ - INFO - hr.md
2021-10-26T22:50:51.635154+0100 - __main__ - INFO - /srv/http/bkmks_fotos/articles/hr.md
2021-10-26T22:50:51.635269+0100 - __main__ - INFO - k.md
2021-10-26T22:50:51.635335+0100 - __main__ - INFO - /srv/http/bkmks_fotos/articles/k.md
2021-10-26T22:50:51.635450+0100 - __main__ - INFO - Loop.md
2021-10-26T22:50:51.635517+0100 - __main__ - INFO - /srv/http/bkmks_fotos/articles/Loop.md
2021-10-26T22:50:51.635631+0100 - __main__ - INFO - Marker.md
2021-10-26T22:50:51.635696+0100 - __main__ - INFO - /srv/http/bkmks_fotos/articles/Marker.md
2021-10-26T22:50:51.635812+0100 - __main__ - INFO - SHML.md
2021-10-26T22:50:51.635877+0100 - __main__ - INFO - /srv/http/bkmks_fotos/articles/SHML.md
2021-10-26T22:50:51.635993+0100 - __main__ - INFO - add-gitignore.md
2021-10-26T22:50:51.636058+0100 - __main__ - INFO - /srv/http/bkmks_fotos/articles/add-gitignore.md
2021-10-26T22:50:51.636174+0100 - __main__ - INFO - Visualize_Python_Code.md
2021-10-26T22:50:51.636243+0100 - __main__ - INFO - /srv/http/bkmks_fotos/articles/Visualize_Python_Code.md
2021-10-26T22:50:51.636360+0100 - __main__ - INFO - Requests.md
2021-10-26T22:50:51.636426+0100 - __main__ - INFO - /srv/http/bkmks_fotos/articles/Requests.md
2021-10-26T22:50:51.636545+0100 - __main__ - INFO - Scrapy.md
2021-10-26T22:50:51.636613+0100 - __main__ - INFO - /srv/http/bkmks_fotos/articles/Scrapy.md
2021-10-26T22:50:51.636782+0100 - __main__ - INFO - pycrumbs.md
2021-10-26T22:50:51.636850+0100 - __main__ - INFO - /srv/http/bkmks_fotos/articles/pycrumbs.md
2021-10-26T22:50:51.636967+0100 - __main__ - INFO - awesome-awesomeness.md
2021-10-26T22:50:51.637034+0100 - __main__ - INFO - /srv/http/bkmks_fotos/articles/awesome-awesomeness.md
2021-10-26T22:50:51.637183+0100 - __main__ - INFO - codementor.md
2021-10-26T22:50:51.637279+0100 - __main__ - INFO - /srv/http/bkmks_fotos/articles/codementor.md
2021-10-26T22:50:51.637466+0100 - __main__ - INFO - Using_Scrapy_for_Python.md
2021-10-26T22:50:51.637587+0100 - __main__ - INFO - /srv/http/bkmks_fotos/articles/Using_Scrapy_for_Python.md
2021-10-26T22:50:51.637758+0100 - __main__ - INFO - Pytermgui.md
2021-10-26T22:50:51.637878+0100 - __main__ - INFO - /srv/http/bkmks_fotos/articles/Pytermgui.md
2021-10-26T22:50:51.637999+0100 - __main__ - INFO - Ripgrep.md
2021-10-26T22:50:51.638069+0100 - __main__ - INFO - /srv/http/bkmks_fotos/articles/Ripgrep.md
2021-10-26T22:50:51.638189+0100 - __main__ - INFO - Python_Projects.md
2021-10-26T22:50:51.638257+0100 - __main__ - INFO - /srv/http/bkmks_fotos/articles/Python_Projects.md
2021-10-26T22:50:51.638425+0100 - __main__ - INFO - Spell_Check_in_Vim.md
2021-10-26T22:50:51.638492+0100 - __main__ - INFO - /srv/http/bkmks_fotos/articles/Spell_Check_in_Vim.md
2021-10-26T22:50:51.638675+0100 - __main__ - INFO - Python_Like_You_mean_It.md
2021-10-26T22:50:51.638742+0100 - __main__ - INFO - /srv/http/bkmks_fotos/articles/Python_Like_You_mean_It.md
2021-10-26T22:50:51.638918+0100 - __main__ - INFO - Special_HTML_characters_and_codes.md
2021-10-26T22:50:51.638995+0100 - __main__ - INFO - /srv/http/bkmks_fotos/articles/Special_HTML_characters_and_codes.md
2021-10-26T22:50:51.639137+0100 - __main__ - INFO - Google_Style_Guide.md
2021-10-26T22:50:51.639209+0100 - __main__ - INFO - /srv/http/bkmks_fotos/articles/Google_Style_Guide.md
2021-10-26T22:50:51.639388+0100 - __main__ - INFO - Orator.md
2021-10-26T22:50:51.639507+0100 - __main__ - INFO - /srv/http/bkmks_fotos/articles/Orator.md
2021-10-26T22:50:51.639701+0100 - __main__ - INFO - Sed_Documentation.md
2021-10-26T22:50:51.639842+0100 - __main__ - INFO - /srv/http/bkmks_fotos/articles/Sed_Documentation.md
2021-10-26T22:50:51.639966+0100 - __main__ - INFO - What_characters_to_escape_in_Sed.md
2021-10-26T22:50:51.640079+0100 - __main__ - INFO - /srv/http/bkmks_fotos/articles/What_characters_to_escape_in_Sed.md
2021-10-26T22:50:51.640201+0100 - __main__ - INFO - Loop_through_file_in_Bash.md
2021-10-26T22:50:51.640271+0100 - __main__ - INFO - /srv/http/bkmks_fotos/articles/Loop_through_file_in_Bash.md
2021-10-26T22:50:51.640391+0100 - __main__ - INFO - 50_Sed_Commands.md
2021-10-26T22:50:51.640507+0100 - __main__ - INFO - /srv/http/bkmks_fotos/articles/50_Sed_Commands.md
2021-10-26T22:50:51.640658+0100 - __main__ - INFO - Grep,_Awk_and_Sed.md
2021-10-26T22:50:51.640788+0100 - __main__ - INFO - /srv/http/bkmks_fotos/articles/Grep,_Awk_and_Sed.md
2021-10-26T22:50:51.640921+0100 - __main__ - INFO - Sed_Documentation.md
2021-10-26T22:50:51.640989+0100 - __main__ - INFO - /srv/http/bkmks_fotos/articles/Sed_Documentation.md
2021-10-26T22:50:51.641121+0100 - __main__ - INFO - Regex101.md
2021-10-26T22:50:51.641204+0100 - __main__ - INFO - /srv/http/bkmks_fotos/articles/Regex101.md
2021-10-26T22:50:51.641378+0100 - __main__ - INFO - One_Liners_for_Sed.md
2021-10-26T22:50:51.641492+0100 - __main__ - INFO - /srv/http/bkmks_fotos/articles/One_Liners_for_Sed.md
2021-10-26T22:50:51.641640+0100 - __main__ - INFO - Sed_Cheatsheet.md
2021-10-26T22:50:51.641753+0100 - __main__ - INFO - /srv/http/bkmks_fotos/articles/Sed_Cheatsheet.md
2021-10-26T22:50:51.641921+0100 - __main__ - INFO - Regular_Expressions_Tutorial.md
2021-10-26T22:50:51.641989+0100 - __main__ - INFO - /srv/http/bkmks_fotos/articles/Regular_Expressions_Tutorial.md
2021-10-26T22:50:51.642106+0100 - __main__ - INFO - XML_Parsing.md
2021-10-26T22:50:51.642190+0100 - __main__ - INFO - /srv/http/bkmks_fotos/articles/XML_Parsing.md
2021-10-26T22:50:51.642323+0100 - __main__ - INFO - List_of_typographical_symbols_and_punctuation_marks.md
2021-10-26T22:50:51.642467+0100 - __main__ - INFO - /srv/http/bkmks_fotos/articles/List_of_typographical_symbols_and_punctuation_marks.md
2021-10-26T22:50:51.642616+0100 - __main__ - INFO - Project_Learn.md
2021-10-26T22:50:51.642699+0100 - __main__ - INFO - /srv/http/bkmks_fotos/articles/Project_Learn.md
2021-10-26T22:50:51.642835+0100 - __main__ - INFO - Logo-ls.md
2021-10-26T22:50:51.642917+0100 - __main__ - INFO - /srv/http/bkmks_fotos/articles/Logo-ls.md
2021-10-26T22:50:51.643082+0100 - __main__ - INFO - FuzzyWuzzy.md
2021-10-26T22:50:51.643180+0100 - __main__ - INFO - /srv/http/bkmks_fotos/articles/FuzzyWuzzy.md
2021-10-26T22:50:51.643299+0100 - __main__ - INFO - FuzzyWuzzy_Tutorial.md
2021-10-26T22:50:51.643385+0100 - __main__ - INFO - /srv/http/bkmks_fotos/articles/FuzzyWuzzy_Tutorial.md
2021-10-26T22:50:51.643506+0100 - __main__ - INFO - Clipmenu.md
2021-10-26T22:50:51.643574+0100 - __main__ - INFO - /srv/http/bkmks_fotos/articles/Clipmenu.md
2021-10-26T22:50:51.643692+0100 - __main__ - INFO - Import_Python_Files_From_Another_Directory.md
2021-10-26T22:50:51.643787+0100 - __main__ - INFO - /srv/http/bkmks_fotos/articles/Import_Python_Files_From_Another_Directory.md
2021-10-26T22:50:51.643907+0100 - __main__ - INFO - Zettelkasten_Method.md
2021-10-26T22:50:51.643975+0100 - __main__ - INFO - /srv/http/bkmks_fotos/articles/Zettelkasten_Method.md
2021-10-26T22:50:51.644186+0100 - __main__ - INFO - Bat.md
2021-10-26T22:50:51.644333+0100 - __main__ - INFO - /srv/http/bkmks_fotos/articles/Bat.md
2021-10-26T22:50:51.644482+0100 - __main__ - INFO - Deploy_Ruby_App_in_Linux_Server.md
2021-10-26T22:50:51.644549+0100 - __main__ - INFO - /srv/http/bkmks_fotos/articles/Deploy_Ruby_App_in_Linux_Server.md
2021-10-26T22:50:51.644744+0100 - __main__ - INFO - LocalTunnel.md
2021-10-26T22:50:51.644811+0100 - __main__ - INFO - /srv/http/bkmks_fotos/articles/LocalTunnel.md
2021-10-26T22:50:51.644929+0100 - __main__ - INFO - Sqlitebiter.md
2021-10-26T22:50:51.645017+0100 - __main__ - INFO - /srv/http/bkmks_fotos/articles/Sqlitebiter.md
2021-10-26T22:50:51.645145+0100 - __main__ - INFO - Boxes.md
2021-10-26T22:50:51.645259+0100 - __main__ - INFO - /srv/http/bkmks_fotos/articles/Boxes.md
2021-10-26T22:50:51.645406+0100 - __main__ - INFO - Pysnooper.md
2021-10-26T22:50:51.645529+0100 - __main__ - INFO - /srv/http/bkmks_fotos/articles/Pysnooper.md
2021-10-26T22:50:51.645661+0100 - __main__ - INFO - Selenium.md
2021-10-26T22:50:51.645759+0100 - __main__ - INFO - /srv/http/bkmks_fotos/articles/Selenium.md
2021-10-26T22:50:51.645876+0100 - __main__ - INFO - Cli_Helpers.md
2021-10-26T22:50:51.645975+0100 - __main__ - INFO - /srv/http/bkmks_fotos/articles/Cli_Helpers.md
2021-10-26T22:50:51.646091+0100 - __main__ - INFO - Flask_Now.md
2021-10-26T22:50:51.646159+0100 - __main__ - INFO - /srv/http/bkmks_fotos/articles/Flask_Now.md
2021-10-26T22:50:51.646276+0100 - __main__ - INFO - Add_search_to_Hugo_static_sites_with_Lunr.md
2021-10-26T22:50:51.646367+0100 - __main__ - INFO - /srv/http/bkmks_fotos/articles/Add_search_to_Hugo_static_sites_with_Lunr.md
2021-10-26T22:50:51.646534+0100 - __main__ - INFO - SQLAlchemy_Tutorial.md
2021-10-26T22:50:51.646601+0100 - __main__ - INFO - /srv/http/bkmks_fotos/articles/SQLAlchemy_Tutorial.md
